{"timestamp": "2024-12-25 17:32:21,361", "name": "Logger", "level": "INFO", "message": "===================================테스트 케이스 실행 시작: TestCase01===================================", "pathname": "d:\\test-rpa\\executor.py", "lineno": 41, "funcName": "run_tests"}
{"timestamp": "2024-12-25 17:32:21,375", "name": "Logger", "level": "INFO", "message": "마이메뉴 아이콘('css selector', 'ul.header-menu-list-1 > li:last-child a.icon-myInfo-1')(을)를 찾았습니다.", "pathname": "d:\\test-rpa\\utils\\custom_utils.py", "lineno": 240, "funcName": "find_element"}
{"timestamp": "2024-12-25 17:32:22,681", "name": "Logger", "level": "INFO", "message": "마이메뉴 아이콘 <selenium.webdriver.remote.webelement.WebElement (session=\"d3c738eb60a8f6e68d406aa17f1d276c\", element=\"f.56FAC78465B521F37F76B190AEB475E8.d.61F7E5F15C9708D4CF14BBBFC712EAD3.e.942\")>로 마우스를 이동했습니다.", "pathname": "d:\\test-rpa\\utils\\custom_utils.py", "lineno": 163, "funcName": "move_to_element"}
{"timestamp": "2024-12-25 17:32:22,687", "name": "Logger", "level": "INFO", "message": "마이메뉴 활성화 조건('css selector', 'a.icon-myInfo-1.is-active, div.myInfo-list.is-show')들을 2개 찾았습니다.", "pathname": "d:\\test-rpa\\utils\\custom_utils.py", "lineno": 252, "funcName": "find_elements"}
{"timestamp": "2024-12-25 17:32:22,687", "name": "Logger", "level": "INFO", "message": "마이메뉴 마우스오버시 드롭메뉴 활성화 성공", "pathname": "d:\\test-rpa\\pages\\login.py", "lineno": 26, "funcName": "execute"}
{"timestamp": "2024-12-25 17:32:22,694", "name": "Logger", "level": "INFO", "message": "메인로그인 버튼('css selector', \"a.btn-my.c-btn-solid-1-m[data-gtm-click-text='로그인']\")(을)를 찾았습니다.", "pathname": "d:\\test-rpa\\utils\\custom_utils.py", "lineno": 240, "funcName": "find_element"}
{"timestamp": "2024-12-25 17:32:23,046", "name": "Logger", "level": "INFO", "message": "메인로그인 버튼{'tag_name': 'a', 'id': '_uid_179', 'class': 'btn-my c-btn-solid-1-m'}(을)를 클릭 성공하였습니다.", "pathname": "d:\\test-rpa\\utils\\custom_utils.py", "lineno": 113, "funcName": "perform_action"}
{"timestamp": "2024-12-25 17:32:23,051", "name": "Logger", "level": "INFO", "message": "클릭 요소안의 URL: https://www.lguplus.com/login", "pathname": "d:\\test-rpa\\utils\\page_handler.py", "lineno": 15, "funcName": "page_handler"}
{"timestamp": "2024-12-25 17:32:23,567", "name": "Logger", "level": "INFO", "message": "로그인페이지 리다이렉션 성공 URL: https://www.lguplus.com/login", "pathname": "d:\\test-rpa\\utils\\page_handler.py", "lineno": 25, "funcName": "page_handler"}
{"timestamp": "2024-12-25 17:32:23,591", "name": "Logger", "level": "INFO", "message": "U+ID 버튼('css selector', 'section.new-mem-section ul.iconLoginList li:nth-of-type(4) button')(이)가 클릭 가능한 상태입니다. ", "pathname": "d:\\test-rpa\\utils\\custom_utils.py", "lineno": 318, "funcName": "find_clickable_element"}
{"timestamp": "2024-12-25 17:32:23,899", "name": "Logger", "level": "INFO", "message": "U+ID 버튼{'tag_name': 'button', 'id': '_uid_192', 'class': ''}(을)를 클릭 성공하였습니다.", "pathname": "d:\\test-rpa\\utils\\custom_utils.py", "lineno": 113, "funcName": "perform_action"}
{"timestamp": "2024-12-25 17:32:24,438", "name": "Logger", "level": "INFO", "message": "U+ID 로그인페이지 리다이렉션 확인 URL: https://www.lguplus.com/login/onid-login", "pathname": "d:\\test-rpa\\utils\\page_handler.py", "lineno": 35, "funcName": "page_handler"}
{"timestamp": "2024-12-25 17:32:24,445", "name": "Logger", "level": "INFO", "message": "로그인 폼('css selector', 'div.nm-loginPage')(을)를 찾았습니다.", "pathname": "d:\\test-rpa\\utils\\custom_utils.py", "lineno": 240, "funcName": "find_element"}
{"timestamp": "2024-12-25 17:32:24,452", "name": "Logger", "level": "INFO", "message": "아이디 입력창('css selector', '#username-1-6')(을)를 찾았습니다.", "pathname": "d:\\test-rpa\\utils\\custom_utils.py", "lineno": 240, "funcName": "find_element"}
{"timestamp": "2024-12-25 17:32:24,502", "name": "Logger", "level": "INFO", "message": "아이디 입력창('css selector', '#username-1-6')에 'tmk3602@naver.com' 텍스트를 입력하였습니다.", "pathname": "d:\\test-rpa\\utils\\custom_utils.py", "lineno": 331, "funcName": "enter_text"}
{"timestamp": "2024-12-25 17:32:24,510", "name": "Logger", "level": "INFO", "message": "비밀번호 입력창('css selector', '#password-1')(을)를 찾았습니다.", "pathname": "d:\\test-rpa\\utils\\custom_utils.py", "lineno": 240, "funcName": "find_element"}
{"timestamp": "2024-12-25 17:32:24,548", "name": "Logger", "level": "INFO", "message": "비밀번호 입력창('css selector', '#password-1')에 'rlaxorals1!' 텍스트를 입력하였습니다.", "pathname": "d:\\test-rpa\\utils\\custom_utils.py", "lineno": 331, "funcName": "enter_text"}
{"timestamp": "2024-12-25 17:32:24,554", "name": "Logger", "level": "INFO", "message": "U+ID로그인 버튼('css selector', 'button.c-btn-solid-1.nm-login-btn')(을)를 찾았습니다.", "pathname": "d:\\test-rpa\\utils\\custom_utils.py", "lineno": 240, "funcName": "find_element"}
{"timestamp": "2024-12-25 17:32:24,837", "name": "Logger", "level": "INFO", "message": "U+ID로그인 버튼{'tag_name': 'button', 'id': '_uid_199', 'class': 'c-btn-solid-1 nm-login-btn'}(을)를 클릭 성공하였습니다.", "pathname": "d:\\test-rpa\\utils\\custom_utils.py", "lineno": 113, "funcName": "perform_action"}
{"timestamp": "2024-12-25 17:32:27,905", "name": "Logger", "level": "INFO", "message": "메인페이지 리다이렉션 확인 URL: https://www.lguplus.com/", "pathname": "d:\\test-rpa\\utils\\page_handler.py", "lineno": 35, "funcName": "page_handler"}
{"timestamp": "2024-12-25 17:32:27,909", "name": "Logger", "level": "INFO", "message": "마이메뉴 아이콘('css selector', 'ul.header-menu-list-1 > li:last-child a.icon-myInfo-1')(을)를 찾았습니다.", "pathname": "d:\\test-rpa\\utils\\custom_utils.py", "lineno": 240, "funcName": "find_element"}
{"timestamp": "2024-12-25 17:32:29,196", "name": "Logger", "level": "INFO", "message": "마이메뉴 아이콘 <selenium.webdriver.remote.webelement.WebElement (session=\"d3c738eb60a8f6e68d406aa17f1d276c\", element=\"f.56FAC78465B521F37F76B190AEB475E8.d.61F7E5F15C9708D4CF14BBBFC712EAD3.e.942\")>로 마우스를 이동했습니다.", "pathname": "d:\\test-rpa\\utils\\custom_utils.py", "lineno": 163, "funcName": "move_to_element"}
{"timestamp": "2024-12-25 17:32:29,204", "name": "Logger", "level": "INFO", "message": "마이메뉴 정보 텍스트('css selector', '.login-info-txt')(을)를 찾았습니다.", "pathname": "d:\\test-rpa\\utils\\custom_utils.py", "lineno": 240, "funcName": "find_element"}
{"timestamp": "2024-12-25 17:32:29,213", "name": "Logger", "level": "INFO", "message": "마이메뉴 정보 텍스트('css selector', '.login-info-txt')에서 텍스트 '김*민님 반갑습니다.'를 가져왔습니다.", "pathname": "d:\\test-rpa\\utils\\custom_utils.py", "lineno": 355, "funcName": "get_text"}
{"timestamp": "2024-12-25 17:32:29,213", "name": "Logger", "level": "INFO", "message": "===================================테스트 케이스 실행 완료: TestCase01===================================", "pathname": "d:\\test-rpa\\executor.py", "lineno": 43, "funcName": "run_tests"}
{"timestamp": "2024-12-25 17:33:01,949", "name": "Logger", "level": "INFO", "message": "===================================테스트 케이스 실행 시작: TestCase02===================================", "pathname": "d:\\test-rpa\\executor.py", "lineno": 41, "funcName": "run_tests"}
{"timestamp": "2024-12-25 17:33:01,971", "name": "Logger", "level": "INFO", "message": "메인페이지gnb_section 영역('css selector', 'header > div.header-gnb-wrap')(이)가 화면에 보입니다.", "pathname": "d:\\test-rpa\\utils\\custom_utils.py", "lineno": 32, "funcName": "find_visible_element"}
{"timestamp": "2024-12-25 17:33:01,985", "name": "Logger", "level": "INFO", "message": "메인페이지kv_section 영역('css selector', 'div.swiper-wrapper')(이)가 화면에 보입니다.", "pathname": "d:\\test-rpa\\utils\\custom_utils.py", "lineno": 32, "funcName": "find_visible_element"}
{"timestamp": "2024-12-25 17:33:01,997", "name": "Logger", "level": "INFO", "message": "메인페이지kv_section_img 영역('css selector', 'div.swiper-wrapper .swiper-slide img')(이)가 화면에 보입니다.", "pathname": "d:\\test-rpa\\utils\\custom_utils.py", "lineno": 32, "funcName": "find_visible_element"}
{"timestamp": "2024-12-25 17:33:02,008", "name": "Logger", "level": "INFO", "message": "메인페이지benefit_section 영역('css selector', 'div.benefits-section')(이)가 화면에 보입니다.", "pathname": "d:\\test-rpa\\utils\\custom_utils.py", "lineno": 32, "funcName": "find_visible_element"}
{"timestamp": "2024-12-25 17:33:02,019", "name": "Logger", "level": "INFO", "message": "메인페이지device_section 영역('css selector', 'div.device-section')(이)가 화면에 보입니다.", "pathname": "d:\\test-rpa\\utils\\custom_utils.py", "lineno": 32, "funcName": "find_visible_element"}
{"timestamp": "2024-12-25 17:33:02,030", "name": "Logger", "level": "INFO", "message": "메인페이지blurb_section 영역('css selector', 'div.blurb-section')(이)가 화면에 보입니다.", "pathname": "d:\\test-rpa\\utils\\custom_utils.py", "lineno": 32, "funcName": "find_visible_element"}
{"timestamp": "2024-12-25 17:33:02,044", "name": "Logger", "level": "INFO", "message": "메인페이지payment_section 영역('css selector', 'div.payment-section')(이)가 화면에 보입니다.", "pathname": "d:\\test-rpa\\utils\\custom_utils.py", "lineno": 32, "funcName": "find_visible_element"}
{"timestamp": "2024-12-25 17:33:02,055", "name": "Logger", "level": "INFO", "message": "메인페이지promotion_section 영역('css selector', 'div.promotion-section')(이)가 화면에 보입니다.", "pathname": "d:\\test-rpa\\utils\\custom_utils.py", "lineno": 32, "funcName": "find_visible_element"}
{"timestamp": "2024-12-25 17:33:02,068", "name": "Logger", "level": "INFO", "message": "메인페이지custom_section 영역('css selector', 'div.custom-section')(이)가 화면에 보입니다.", "pathname": "d:\\test-rpa\\utils\\custom_utils.py", "lineno": 32, "funcName": "find_visible_element"}
{"timestamp": "2024-12-25 17:33:02,075", "name": "Logger", "level": "INFO", "message": "KV영역 이미지('css selector', 'div.swiper-wrapper .swiper-slide img')들을 6개 찾았습니다.", "pathname": "d:\\test-rpa\\utils\\custom_utils.py", "lineno": 264, "funcName": "show_elements_text"}
{"timestamp": "2024-12-25 17:33:02,081", "name": "Logger", "level": "INFO", "message": "KV영역 이미지 1번째 src: https://image.lguplus.com/static/pc-contents/images/fcmm/cnts/imge/20241219-103656-562-OSz3Mzfs.png", "pathname": "d:\\test-rpa\\utils\\custom_utils.py", "lineno": 268, "funcName": "show_elements_text"}
{"timestamp": "2024-12-25 17:33:02,085", "name": "Logger", "level": "INFO", "message": "KV영역 이미지 2번째 src: https://image.lguplus.com/static/pc-contents/images/fcmm/cnts/imge/20241219-103647-529-ngA0RkNo.png", "pathname": "d:\\test-rpa\\utils\\custom_utils.py", "lineno": 268, "funcName": "show_elements_text"}
{"timestamp": "2024-12-25 17:33:02,089", "name": "Logger", "level": "INFO", "message": "KV영역 이미지 3번째 src: https://image.lguplus.com/static/pc-contents/images/fcmm/cnts/imge/20241105-041221-832-yXTUOHod.jpg", "pathname": "d:\\test-rpa\\utils\\custom_utils.py", "lineno": 268, "funcName": "show_elements_text"}
{"timestamp": "2024-12-25 17:33:02,093", "name": "Logger", "level": "INFO", "message": "KV영역 이미지 4번째 src: https://image.lguplus.com/static/pc-contents/images/fcmm/cnts/imge/20241209-100305-833-W6w2NU0A.png", "pathname": "d:\\test-rpa\\utils\\custom_utils.py", "lineno": 268, "funcName": "show_elements_text"}
{"timestamp": "2024-12-25 17:33:02,096", "name": "Logger", "level": "INFO", "message": "KV영역 이미지 5번째 src: https://image.lguplus.com/static/pc-contents/images/fcmm/cnts/imge/20241107-021224-522-9uDyNe17.png", "pathname": "d:\\test-rpa\\utils\\custom_utils.py", "lineno": 268, "funcName": "show_elements_text"}
{"timestamp": "2024-12-25 17:33:02,101", "name": "Logger", "level": "INFO", "message": "KV영역 이미지 6번째 src: https://image.lguplus.com/static/pc-contents/images/fcmm/cnts/imge/20240910-053034-599-la1DxPPz.jpg", "pathname": "d:\\test-rpa\\utils\\custom_utils.py", "lineno": 268, "funcName": "show_elements_text"}
{"timestamp": "2024-12-25 17:33:02,102", "name": "Logger", "level": "INFO", "message": "===================================테스트 케이스 실행 완료: TestCase02===================================", "pathname": "d:\\test-rpa\\executor.py", "lineno": 43, "funcName": "run_tests"}
{"timestamp": "2024-12-25 17:37:44,150", "name": "Logger", "level": "INFO", "message": "===================================테스트 케이스 실행 시작: TestCase03===================================", "pathname": "d:\\test-rpa\\executor.py", "lineno": 41, "funcName": "run_tests"}
{"timestamp": "2024-12-25 17:37:44,150", "name": "Logger", "level": "ERROR", "message": "기기 추천 영역 테스트 실패: find_element() takes from 2 to 3 positional arguments but 4 were given", "pathname": "d:\\test-rpa\\utils\\exception_handler.py", "lineno": 8, "funcName": "exception_handler"}
{"timestamp": "2024-12-25 17:37:44,151", "name": "Logger", "level": "ERROR", "message": "Traceback (most recent call last):\n  File \"d:\\test-rpa\\pages\\main.py\", line 40, in execute\n    device_section = find_element(self.driver, By.CSS_SELECTOR, self.locators['device_section'], f\"기기 추천 영역\")\n                     ~~~~~~~~~~~~^^^^^^^^^^^^^^^^^^^^^^^^^^^^^^^^^^^^^^^^^^^^^^^^^^^^^^^^^^^^^^^^^^^^^^^^^^^^^^^^^^\nTypeError: find_element() takes from 2 to 3 positional arguments but 4 were given\n", "pathname": "d:\\test-rpa\\utils\\exception_handler.py", "lineno": 9, "funcName": "exception_handler"}
{"timestamp": "2024-12-25 17:37:44,152", "name": "Logger", "level": "ERROR", "message": "예상치 못한 예외 발생: TypeError", "pathname": "d:\\test-rpa\\utils\\exception_handler.py", "lineno": 17, "funcName": "exception_handler"}
{"timestamp": "2024-12-25 17:37:44,324", "name": "Logger", "level": "INFO", "message": "스크린샷 저장 완료: d:\\test-rpa\\screenshots\\TestCase03_기기추천영역테스트실패_20241225173744.png", "pathname": "d:\\test-rpa\\utils\\screenshot.py", "lineno": 28, "funcName": "capture_error"}
{"timestamp": "2024-12-25 17:37:44,324", "name": "Logger", "level": "ERROR", "message": "===================================테스트 케이스 실행 실패: TestCase03 - find_element() takes from 2 to 3 positional arguments but 4 were given===================================", "pathname": "d:\\test-rpa\\executor.py", "lineno": 46, "funcName": "run_tests"}
{"timestamp": "2024-12-25 17:38:16,399", "name": "Logger", "level": "INFO", "message": "===================================테스트 케이스 실행 시작: TestCase03===================================", "pathname": "d:\\test-rpa\\executor.py", "lineno": 41, "funcName": "run_tests"}
{"timestamp": "2024-12-25 17:38:16,400", "name": "Logger", "level": "ERROR", "message": "기기 추천 영역div.device-section(을)를 찾지못했습니다.: WebDriver.find_element() takes from 1 to 3 positional arguments but 19 were given", "pathname": "d:\\test-rpa\\utils\\exception_handler.py", "lineno": 8, "funcName": "exception_handler"}
{"timestamp": "2024-12-25 17:38:16,401", "name": "Logger", "level": "ERROR", "message": "Traceback (most recent call last):\n  File \"d:\\test-rpa\\utils\\custom_utils.py\", line 237, in find_element\n    element = WebDriverWait(driver, EXPLICIT_WAIT).until(\n        EC.presence_of_element_located(locator)\n    )\n  File \"C:\\Users\\kasun\\AppData\\Local\\Programs\\Python\\Python313\\Lib\\site-packages\\selenium\\webdriver\\support\\wait.py\", line 96, in until\n    value = method(self._driver)\n  File \"C:\\Users\\kasun\\AppData\\Local\\Programs\\Python\\Python313\\Lib\\site-packages\\selenium\\webdriver\\support\\expected_conditions.py\", line 84, in _predicate\n    return driver.find_element(*locator)\n           ~~~~~~~~~~~~~~~~~~~^^^^^^^^^^\nTypeError: WebDriver.find_element() takes from 1 to 3 positional arguments but 19 were given\n", "pathname": "d:\\test-rpa\\utils\\exception_handler.py", "lineno": 9, "funcName": "exception_handler"}
{"timestamp": "2024-12-25 17:38:16,402", "name": "Logger", "level": "ERROR", "message": "예상치 못한 예외 발생: TypeError", "pathname": "d:\\test-rpa\\utils\\exception_handler.py", "lineno": 17, "funcName": "exception_handler"}
{"timestamp": "2024-12-25 17:38:16,557", "name": "Logger", "level": "INFO", "message": "스크린샷 저장 완료: d:\\test-rpa\\screenshots\\NoneType_기기추천영역div.device-section(을)를찾지못했습니다._20241225173816.png", "pathname": "d:\\test-rpa\\utils\\screenshot.py", "lineno": 28, "funcName": "capture_error"}
{"timestamp": "2024-12-25 17:38:16,558", "name": "Logger", "level": "ERROR", "message": "기기 추천 영역 None로 마우스를 이동하지 못했습니다.: move_to requires a WebElement", "pathname": "d:\\test-rpa\\utils\\exception_handler.py", "lineno": 8, "funcName": "exception_handler"}
{"timestamp": "2024-12-25 17:38:16,558", "name": "Logger", "level": "ERROR", "message": "Traceback (most recent call last):\n  File \"d:\\test-rpa\\utils\\custom_utils.py\", line 162, in move_to_element\n    actions.move_to_element(element).perform()\n    ~~~~~~~~~~~~~~~~~~~~~~~^^^^^^^^^\n  File \"C:\\Users\\kasun\\AppData\\Local\\Programs\\Python\\Python313\\Lib\\site-packages\\selenium\\webdriver\\common\\action_chains.py\", line 253, in move_to_element\n    self.w3c_actions.pointer_action.move_to(to_element)\n    ~~~~~~~~~~~~~~~~~~~~~~~~~~~~~~~~~~~~~~~^^^^^^^^^^^^\n  File \"C:\\Users\\kasun\\AppData\\Local\\Programs\\Python\\Python313\\Lib\\site-packages\\selenium\\webdriver\\common\\actions\\pointer_actions.py\", line 88, in move_to\n    raise AttributeError(\"move_to requires a WebElement\")\nAttributeError: move_to requires a WebElement\n", "pathname": "d:\\test-rpa\\utils\\exception_handler.py", "lineno": 9, "funcName": "exception_handler"}
{"timestamp": "2024-12-25 17:38:16,559", "name": "Logger", "level": "ERROR", "message": "예상치 못한 예외 발생: AttributeError", "pathname": "d:\\test-rpa\\utils\\exception_handler.py", "lineno": 17, "funcName": "exception_handler"}
{"timestamp": "2024-12-25 17:38:16,666", "name": "Logger", "level": "INFO", "message": "스크린샷 저장 완료: d:\\test-rpa\\screenshots\\NoneType_기기추천영역None로마우스를이동하지못했습니다._20241225173816.png", "pathname": "d:\\test-rpa\\utils\\screenshot.py", "lineno": 28, "funcName": "capture_error"}
{"timestamp": "2024-12-25 17:38:16,667", "name": "Logger", "level": "ERROR", "message": "기기 추천 영역 테스트 실패: TestCase03.create_locator() takes from 2 to 3 positional arguments but 4 were given", "pathname": "d:\\test-rpa\\utils\\exception_handler.py", "lineno": 8, "funcName": "exception_handler"}
{"timestamp": "2024-12-25 17:38:16,667", "name": "Logger", "level": "ERROR", "message": "Traceback (most recent call last):\n  File \"d:\\test-rpa\\pages\\main.py\", line 43, in execute\n    device_tabs = find_elements(self.create_locator(self.driver, device_locator, \" .tab-wrap ul li\"), f\"기기 추천 탭\")\n                                ~~~~~~~~~~~~~~~~~~~^^^^^^^^^^^^^^^^^^^^^^^^^^^^^^^^^^^^^^^^^^^^^^^^^\nTypeError: TestCase03.create_locator() takes from 2 to 3 positional arguments but 4 were given\n", "pathname": "d:\\test-rpa\\utils\\exception_handler.py", "lineno": 9, "funcName": "exception_handler"}
{"timestamp": "2024-12-25 17:38:16,668", "name": "Logger", "level": "ERROR", "message": "예상치 못한 예외 발생: TypeError", "pathname": "d:\\test-rpa\\utils\\exception_handler.py", "lineno": 17, "funcName": "exception_handler"}
{"timestamp": "2024-12-25 17:38:16,753", "name": "Logger", "level": "INFO", "message": "스크린샷 저장 완료: d:\\test-rpa\\screenshots\\TestCase03_기기추천영역테스트실패_20241225173816.png", "pathname": "d:\\test-rpa\\utils\\screenshot.py", "lineno": 28, "funcName": "capture_error"}
{"timestamp": "2024-12-25 17:38:16,754", "name": "Logger", "level": "ERROR", "message": "===================================테스트 케이스 실행 실패: TestCase03 - TestCase03.create_locator() takes from 2 to 3 positional arguments but 4 were given===================================", "pathname": "d:\\test-rpa\\executor.py", "lineno": 46, "funcName": "run_tests"}
{"timestamp": "2024-12-25 17:52:17,260", "name": "Logger", "level": "INFO", "message": "===================================테스트 케이스 실행 시작: TestCase03===================================", "pathname": "d:\\test-rpa\\executor.py", "lineno": 41, "funcName": "run_tests"}
{"timestamp": "2024-12-25 17:52:17,268", "name": "Logger", "level": "INFO", "message": "기기 추천 영역('css selector', 'div.device-section')(을)를 찾았습니다.", "pathname": "d:\\test-rpa\\utils\\custom_utils.py", "lineno": 240, "funcName": "find_element"}
{"timestamp": "2024-12-25 17:52:18,560", "name": "Logger", "level": "INFO", "message": "기기 추천 영역 <selenium.webdriver.remote.webelement.WebElement (session=\"32f5c9370a2230ea2180314e1886e149\", element=\"f.7B33FDD8A2421C1653116369B287CD47.d.F636C270C1B3861AA48512F07260119E.e.2763\")>로 마우스를 이동했습니다.", "pathname": "d:\\test-rpa\\utils\\custom_utils.py", "lineno": 163, "funcName": "move_to_element"}
{"timestamp": "2024-12-25 17:52:18,560", "name": "Logger", "level": "ERROR", "message": "기기 추천 영역 테스트 실패: TestCase03.create_locator() takes from 2 to 3 positional arguments but 4 were given", "pathname": "d:\\test-rpa\\utils\\exception_handler.py", "lineno": 8, "funcName": "exception_handler"}
{"timestamp": "2024-12-25 17:52:18,561", "name": "Logger", "level": "ERROR", "message": "Traceback (most recent call last):\n  File \"d:\\test-rpa\\pages\\main.py\", line 43, in execute\n    device_tabs = find_elements(self.create_locator(self.driver, device_locator, \" .tab-wrap ul li\"), f\"기기 추천 탭\")\n                                ~~~~~~~~~~~~~~~~~~~^^^^^^^^^^^^^^^^^^^^^^^^^^^^^^^^^^^^^^^^^^^^^^^^^\nTypeError: TestCase03.create_locator() takes from 2 to 3 positional arguments but 4 were given\n", "pathname": "d:\\test-rpa\\utils\\exception_handler.py", "lineno": 9, "funcName": "exception_handler"}
{"timestamp": "2024-12-25 17:52:18,562", "name": "Logger", "level": "ERROR", "message": "예상치 못한 예외 발생: TypeError", "pathname": "d:\\test-rpa\\utils\\exception_handler.py", "lineno": 17, "funcName": "exception_handler"}
{"timestamp": "2024-12-25 17:52:18,642", "name": "Logger", "level": "INFO", "message": "스크린샷 저장 완료: d:\\test-rpa\\screenshots\\TestCase03_기기추천영역테스트실패_20241225175218.png", "pathname": "d:\\test-rpa\\utils\\screenshot.py", "lineno": 28, "funcName": "capture_error"}
{"timestamp": "2024-12-25 17:52:18,642", "name": "Logger", "level": "ERROR", "message": "===================================테스트 케이스 실행 실패: TestCase03 - TestCase03.create_locator() takes from 2 to 3 positional arguments but 4 were given===================================", "pathname": "d:\\test-rpa\\executor.py", "lineno": 46, "funcName": "run_tests"}
{"timestamp": "2024-12-25 18:34:49,880", "name": "Logger", "level": "INFO", "message": "===================================테스트 케이스 실행 시작: TestCase03===================================", "pathname": "d:\\test-rpa\\executor.py", "lineno": 41, "funcName": "run_tests"}
{"timestamp": "2024-12-25 18:34:49,900", "name": "Logger", "level": "INFO", "message": "기기 추천 영역('css selector', 'div.device-section')(을)를 찾았습니다.", "pathname": "d:\\test-rpa\\utils\\custom_utils.py", "lineno": 66, "funcName": "find_element"}
{"timestamp": "2024-12-25 18:34:51,180", "name": "Logger", "level": "INFO", "message": "기기 추천 영역<selenium.webdriver.remote.webelement.WebElement (session=\"d95edca402494ea7a6d8bc8069361c41\", element=\"f.E6CD2C2C441880CE8DF93287BF2CB3F7.d.4A5C6CFFF2C89BB746B28264B6D3EF91.e.2622\")>로 마우스를 이동했습니다.", "pathname": "d:\\test-rpa\\utils\\custom_utils.py", "lineno": 92, "funcName": "move_to_element"}
{"timestamp": "2024-12-25 18:34:51,181", "name": "Logger", "level": "ERROR", "message": "기기 추천 영역 테스트 실패: TestCase03.create_locator() takes from 2 to 3 positional arguments but 4 were given", "pathname": "d:\\test-rpa\\utils\\exception_handler.py", "lineno": 8, "funcName": "exception_handler"}
{"timestamp": "2024-12-25 18:34:51,182", "name": "Logger", "level": "ERROR", "message": "Traceback (most recent call last):\n  File \"d:\\test-rpa\\pages\\main.py\", line 43, in execute\n    device_tabs = find_elements(self.create_locator(self.driver, device_locator, \" .tab-wrap ul li\"), f\"기기 추천 탭\")\n                                ~~~~~~~~~~~~~~~~~~~^^^^^^^^^^^^^^^^^^^^^^^^^^^^^^^^^^^^^^^^^^^^^^^^^\nTypeError: TestCase03.create_locator() takes from 2 to 3 positional arguments but 4 were given\n", "pathname": "d:\\test-rpa\\utils\\exception_handler.py", "lineno": 9, "funcName": "exception_handler"}
{"timestamp": "2024-12-25 18:34:51,182", "name": "Logger", "level": "ERROR", "message": "예상치 못한 예외 발생: TypeError", "pathname": "d:\\test-rpa\\utils\\exception_handler.py", "lineno": 17, "funcName": "exception_handler"}
{"timestamp": "2024-12-25 18:34:51,281", "name": "Logger", "level": "INFO", "message": "스크린샷 저장 완료: d:\\test-rpa\\screenshots\\TestCase03_기기추천영역테스트실패_20241225183451.png", "pathname": "d:\\test-rpa\\utils\\screenshot.py", "lineno": 28, "funcName": "capture_error"}
{"timestamp": "2024-12-25 18:34:51,281", "name": "Logger", "level": "ERROR", "message": "===================================테스트 케이스 실행 실패: TestCase03 - TestCase03.create_locator() takes from 2 to 3 positional arguments but 4 were given===================================", "pathname": "d:\\test-rpa\\executor.py", "lineno": 46, "funcName": "run_tests"}
{"timestamp": "2024-12-25 19:13:57,861", "name": "Logger", "level": "INFO", "message": "===================================테스트 케이스 실행 시작: TestCase03===================================", "pathname": "d:\\test-rpa\\executor.py", "lineno": 41, "funcName": "run_tests"}
{"timestamp": "2024-12-25 19:13:57,875", "name": "Logger", "level": "INFO", "message": "기기 추천 영역('css selector', 'div.device-section')(을)를 찾았습니다.", "pathname": "d:\\test-rpa\\utils\\custom_utils.py", "lineno": 66, "funcName": "find_element"}
{"timestamp": "2024-12-25 19:13:59,164", "name": "Logger", "level": "INFO", "message": "기기 추천 영역<selenium.webdriver.remote.webelement.WebElement (session=\"d164f8d4764a1859103344b34018055c\", element=\"f.89FDFCD1FD6D99F1A90FCC1DA02028D6.d.D1E1F9DC53C4FA766926E5C384A71352.e.2959\")>로 마우스를 이동했습니다.", "pathname": "d:\\test-rpa\\utils\\custom_utils.py", "lineno": 92, "funcName": "move_to_element"}
{"timestamp": "2024-12-25 19:13:59,164", "name": "Logger", "level": "ERROR", "message": "기기 추천 영역 테스트 실패: TestCase03.create_locator() takes from 2 to 3 positional arguments but 4 were given", "pathname": "d:\\test-rpa\\utils\\exception_handler.py", "lineno": 8, "funcName": "exception_handler"}
{"timestamp": "2024-12-25 19:13:59,165", "name": "Logger", "level": "ERROR", "message": "Traceback (most recent call last):\n  File \"d:\\test-rpa\\pages\\main.py\", line 41, in execute\n    device_tabs = find_elements(self.create_locator(self.driver, 'device_section', \" .tab-wrap ul li\"), f\"기기 추천 탭\")\n                                ~~~~~~~~~~~~~~~~~~~^^^^^^^^^^^^^^^^^^^^^^^^^^^^^^^^^^^^^^^^^^^^^^^^^^^\nTypeError: TestCase03.create_locator() takes from 2 to 3 positional arguments but 4 were given\n", "pathname": "d:\\test-rpa\\utils\\exception_handler.py", "lineno": 9, "funcName": "exception_handler"}
{"timestamp": "2024-12-25 19:13:59,165", "name": "Logger", "level": "ERROR", "message": "예상치 못한 예외 발생: TypeError", "pathname": "d:\\test-rpa\\utils\\exception_handler.py", "lineno": 17, "funcName": "exception_handler"}
{"timestamp": "2024-12-25 19:13:59,265", "name": "Logger", "level": "INFO", "message": "스크린샷 저장 완료: d:\\test-rpa\\screenshots\\TestCase03_기기추천영역테스트실패_20241225191359.png", "pathname": "d:\\test-rpa\\utils\\screenshot.py", "lineno": 28, "funcName": "capture_error"}
{"timestamp": "2024-12-25 19:13:59,265", "name": "Logger", "level": "ERROR", "message": "===================================테스트 케이스 실행 실패: TestCase03 - TestCase03.create_locator() takes from 2 to 3 positional arguments but 4 were given===================================", "pathname": "d:\\test-rpa\\executor.py", "lineno": 46, "funcName": "run_tests"}
{"timestamp": "2024-12-25 19:21:49,573", "name": "Logger", "level": "INFO", "message": "===================================테스트 케이스 실행 시작: TestCase03===================================", "pathname": "d:\\test-rpa\\executor.py", "lineno": 41, "funcName": "run_tests"}
{"timestamp": "2024-12-25 19:21:49,574", "name": "Logger", "level": "ERROR", "message": "기기 추천 영역div.device-section(이)가 화면에 보이지 않습니다.: WebDriver.find_element() takes from 1 to 3 positional arguments but 19 were given", "pathname": "d:\\test-rpa\\utils\\exception_handler.py", "lineno": 8, "funcName": "exception_handler"}
{"timestamp": "2024-12-25 19:21:49,575", "name": "Logger", "level": "ERROR", "message": "Traceback (most recent call last):\n  File \"d:\\test-rpa\\utils\\custom_utils.py\", line 30, in find_visible_element\n    element = WebDriverWait(driver, EXPLICIT_WAIT).until(\n        EC.presence_of_element_located(locator)  # 요소가 존재하는지 확인\n    )\n  File \"C:\\Users\\kasun\\AppData\\Local\\Programs\\Python\\Python313\\Lib\\site-packages\\selenium\\webdriver\\support\\wait.py\", line 96, in until\n    value = method(self._driver)\n  File \"C:\\Users\\kasun\\AppData\\Local\\Programs\\Python\\Python313\\Lib\\site-packages\\selenium\\webdriver\\support\\expected_conditions.py\", line 84, in _predicate\n    return driver.find_element(*locator)\n           ~~~~~~~~~~~~~~~~~~~^^^^^^^^^^\nTypeError: WebDriver.find_element() takes from 1 to 3 positional arguments but 19 were given\n", "pathname": "d:\\test-rpa\\utils\\exception_handler.py", "lineno": 9, "funcName": "exception_handler"}
{"timestamp": "2024-12-25 19:21:49,576", "name": "Logger", "level": "ERROR", "message": "예상치 못한 예외 발생: TypeError", "pathname": "d:\\test-rpa\\utils\\exception_handler.py", "lineno": 17, "funcName": "exception_handler"}
{"timestamp": "2024-12-25 19:21:49,693", "name": "Logger", "level": "INFO", "message": "스크린샷 저장 완료: d:\\test-rpa\\screenshots\\NoneType_기기추천영역div.device-section(이)가화면에보이지않습니다._20241225192149.png", "pathname": "d:\\test-rpa\\utils\\screenshot.py", "lineno": 28, "funcName": "capture_error"}
{"timestamp": "2024-12-25 19:21:49,693", "name": "Logger", "level": "ERROR", "message": "기기 추천 영역None로 마우스를 이동하지 못했습니다.: move_to requires a WebElement", "pathname": "d:\\test-rpa\\utils\\exception_handler.py", "lineno": 8, "funcName": "exception_handler"}
{"timestamp": "2024-12-25 19:21:49,694", "name": "Logger", "level": "ERROR", "message": "Traceback (most recent call last):\n  File \"d:\\test-rpa\\utils\\custom_utils.py\", line 91, in move_to_element\n    actions.move_to_element(locator).perform()\n    ~~~~~~~~~~~~~~~~~~~~~~~^^^^^^^^^\n  File \"C:\\Users\\kasun\\AppData\\Local\\Programs\\Python\\Python313\\Lib\\site-packages\\selenium\\webdriver\\common\\action_chains.py\", line 253, in move_to_element\n    self.w3c_actions.pointer_action.move_to(to_element)\n    ~~~~~~~~~~~~~~~~~~~~~~~~~~~~~~~~~~~~~~~^^^^^^^^^^^^\n  File \"C:\\Users\\kasun\\AppData\\Local\\Programs\\Python\\Python313\\Lib\\site-packages\\selenium\\webdriver\\common\\actions\\pointer_actions.py\", line 88, in move_to\n    raise AttributeError(\"move_to requires a WebElement\")\nAttributeError: move_to requires a WebElement\n", "pathname": "d:\\test-rpa\\utils\\exception_handler.py", "lineno": 9, "funcName": "exception_handler"}
{"timestamp": "2024-12-25 19:21:49,695", "name": "Logger", "level": "ERROR", "message": "예상치 못한 예외 발생: AttributeError", "pathname": "d:\\test-rpa\\utils\\exception_handler.py", "lineno": 17, "funcName": "exception_handler"}
{"timestamp": "2024-12-25 19:21:49,809", "name": "Logger", "level": "INFO", "message": "스크린샷 저장 완료: d:\\test-rpa\\screenshots\\NoneType_기기추천영역None로마우스를이동하지못했습니다._20241225192149.png", "pathname": "d:\\test-rpa\\utils\\screenshot.py", "lineno": 28, "funcName": "capture_error"}
{"timestamp": "2024-12-25 19:21:49,810", "name": "Logger", "level": "ERROR", "message": "기기 추천 영역 테스트 실패: TestCase03.get_locator() takes from 2 to 3 positional arguments but 4 were given", "pathname": "d:\\test-rpa\\utils\\exception_handler.py", "lineno": 8, "funcName": "exception_handler"}
{"timestamp": "2024-12-25 19:21:49,810", "name": "Logger", "level": "ERROR", "message": "Traceback (most recent call last):\n  File \"d:\\test-rpa\\pages\\main.py\", line 49, in execute\n    device_tabs = find_elements(self.get_locator(self.driver, device_locator, \" .tab-wrap ul li\"), f\"기기 추천 탭\")\n                                ~~~~~~~~~~~~~~~~^^^^^^^^^^^^^^^^^^^^^^^^^^^^^^^^^^^^^^^^^^^^^^^^^\nTypeError: TestCase03.get_locator() takes from 2 to 3 positional arguments but 4 were given\n", "pathname": "d:\\test-rpa\\utils\\exception_handler.py", "lineno": 9, "funcName": "exception_handler"}
{"timestamp": "2024-12-25 19:21:49,811", "name": "Logger", "level": "ERROR", "message": "예상치 못한 예외 발생: TypeError", "pathname": "d:\\test-rpa\\utils\\exception_handler.py", "lineno": 17, "funcName": "exception_handler"}
{"timestamp": "2024-12-25 19:21:49,912", "name": "Logger", "level": "INFO", "message": "스크린샷 저장 완료: d:\\test-rpa\\screenshots\\TestCase03_기기추천영역테스트실패_20241225192149.png", "pathname": "d:\\test-rpa\\utils\\screenshot.py", "lineno": 28, "funcName": "capture_error"}
{"timestamp": "2024-12-25 19:21:49,912", "name": "Logger", "level": "ERROR", "message": "===================================테스트 케이스 실행 실패: TestCase03 - TestCase03.get_locator() takes from 2 to 3 positional arguments but 4 were given===================================", "pathname": "d:\\test-rpa\\executor.py", "lineno": 46, "funcName": "run_tests"}
{"timestamp": "2024-12-25 19:27:28,649", "name": "Logger", "level": "INFO", "message": "===================================테스트 케이스 실행 시작: TestCase03===================================", "pathname": "d:\\test-rpa\\executor.py", "lineno": 41, "funcName": "run_tests"}
{"timestamp": "2024-12-25 19:27:28,650", "name": "Logger", "level": "ERROR", "message": "기기 추천 영역div.device-section(이)가 화면에 보이지 않습니다.: WebDriver.find_element() takes from 1 to 3 positional arguments but 19 were given", "pathname": "d:\\test-rpa\\utils\\exception_handler.py", "lineno": 8, "funcName": "exception_handler"}
{"timestamp": "2024-12-25 19:27:28,651", "name": "Logger", "level": "ERROR", "message": "Traceback (most recent call last):\n  File \"d:\\test-rpa\\utils\\custom_utils.py\", line 30, in find_visible_element\n    element = WebDriverWait(driver, EXPLICIT_WAIT).until(\n        EC.presence_of_element_located(locator)  # 요소가 존재하는지 확인\n    )\n  File \"C:\\Users\\kasun\\AppData\\Local\\Programs\\Python\\Python313\\Lib\\site-packages\\selenium\\webdriver\\support\\wait.py\", line 96, in until\n    value = method(self._driver)\n  File \"C:\\Users\\kasun\\AppData\\Local\\Programs\\Python\\Python313\\Lib\\site-packages\\selenium\\webdriver\\support\\expected_conditions.py\", line 84, in _predicate\n    return driver.find_element(*locator)\n           ~~~~~~~~~~~~~~~~~~~^^^^^^^^^^\nTypeError: WebDriver.find_element() takes from 1 to 3 positional arguments but 19 were given\n", "pathname": "d:\\test-rpa\\utils\\exception_handler.py", "lineno": 9, "funcName": "exception_handler"}
{"timestamp": "2024-12-25 19:27:28,652", "name": "Logger", "level": "ERROR", "message": "예상치 못한 예외 발생: TypeError", "pathname": "d:\\test-rpa\\utils\\exception_handler.py", "lineno": 17, "funcName": "exception_handler"}
{"timestamp": "2024-12-25 19:27:28,765", "name": "Logger", "level": "INFO", "message": "스크린샷 저장 완료: d:\\test-rpa\\screenshots\\NoneType_기기추천영역div.device-section(이)가화면에보이지않습니다._20241225192728.png", "pathname": "d:\\test-rpa\\utils\\screenshot.py", "lineno": 28, "funcName": "capture_error"}
{"timestamp": "2024-12-25 19:27:28,766", "name": "Logger", "level": "ERROR", "message": "기기 추천 영역None로 마우스를 이동하지 못했습니다.: move_to requires a WebElement", "pathname": "d:\\test-rpa\\utils\\exception_handler.py", "lineno": 8, "funcName": "exception_handler"}
{"timestamp": "2024-12-25 19:27:28,766", "name": "Logger", "level": "ERROR", "message": "Traceback (most recent call last):\n  File \"d:\\test-rpa\\utils\\custom_utils.py\", line 91, in move_to_element\n    actions.move_to_element(locator).perform()\n    ~~~~~~~~~~~~~~~~~~~~~~~^^^^^^^^^\n  File \"C:\\Users\\kasun\\AppData\\Local\\Programs\\Python\\Python313\\Lib\\site-packages\\selenium\\webdriver\\common\\action_chains.py\", line 253, in move_to_element\n    self.w3c_actions.pointer_action.move_to(to_element)\n    ~~~~~~~~~~~~~~~~~~~~~~~~~~~~~~~~~~~~~~~^^^^^^^^^^^^\n  File \"C:\\Users\\kasun\\AppData\\Local\\Programs\\Python\\Python313\\Lib\\site-packages\\selenium\\webdriver\\common\\actions\\pointer_actions.py\", line 88, in move_to\n    raise AttributeError(\"move_to requires a WebElement\")\nAttributeError: move_to requires a WebElement\n", "pathname": "d:\\test-rpa\\utils\\exception_handler.py", "lineno": 9, "funcName": "exception_handler"}
{"timestamp": "2024-12-25 19:27:28,767", "name": "Logger", "level": "ERROR", "message": "예상치 못한 예외 발생: AttributeError", "pathname": "d:\\test-rpa\\utils\\exception_handler.py", "lineno": 17, "funcName": "exception_handler"}
{"timestamp": "2024-12-25 19:27:28,902", "name": "Logger", "level": "INFO", "message": "스크린샷 저장 완료: d:\\test-rpa\\screenshots\\NoneType_기기추천영역None로마우스를이동하지못했습니다._20241225192728.png", "pathname": "d:\\test-rpa\\utils\\screenshot.py", "lineno": 28, "funcName": "capture_error"}
{"timestamp": "2024-12-25 19:27:28,903", "name": "Logger", "level": "ERROR", "message": "기기 추천 영역 테스트 실패: TestCase03.get_locator() takes from 2 to 3 positional arguments but 4 were given", "pathname": "d:\\test-rpa\\utils\\exception_handler.py", "lineno": 8, "funcName": "exception_handler"}
{"timestamp": "2024-12-25 19:27:28,903", "name": "Logger", "level": "ERROR", "message": "Traceback (most recent call last):\n  File \"d:\\test-rpa\\pages\\main.py\", line 49, in execute\n    device_tabs = find_elements(self.get_locator(self.driver, device_locator, \" .tab-wrap ul li\"), f\"기기 추천 탭\")\n                                ~~~~~~~~~~~~~~~~^^^^^^^^^^^^^^^^^^^^^^^^^^^^^^^^^^^^^^^^^^^^^^^^^\nTypeError: TestCase03.get_locator() takes from 2 to 3 positional arguments but 4 were given\n", "pathname": "d:\\test-rpa\\utils\\exception_handler.py", "lineno": 9, "funcName": "exception_handler"}
{"timestamp": "2024-12-25 19:27:28,904", "name": "Logger", "level": "ERROR", "message": "예상치 못한 예외 발생: TypeError", "pathname": "d:\\test-rpa\\utils\\exception_handler.py", "lineno": 17, "funcName": "exception_handler"}
{"timestamp": "2024-12-25 19:27:29,006", "name": "Logger", "level": "INFO", "message": "스크린샷 저장 완료: d:\\test-rpa\\screenshots\\TestCase03_기기추천영역테스트실패_20241225192728.png", "pathname": "d:\\test-rpa\\utils\\screenshot.py", "lineno": 28, "funcName": "capture_error"}
{"timestamp": "2024-12-25 19:27:29,006", "name": "Logger", "level": "ERROR", "message": "===================================테스트 케이스 실행 실패: TestCase03 - TestCase03.get_locator() takes from 2 to 3 positional arguments but 4 were given===================================", "pathname": "d:\\test-rpa\\executor.py", "lineno": 46, "funcName": "run_tests"}
{"timestamp": "2024-12-25 19:39:21,674", "name": "Logger", "level": "INFO", "message": "===================================테스트 케이스 실행 시작: TestCase03===================================", "pathname": "d:\\test-rpa\\executor.py", "lineno": 41, "funcName": "run_tests"}
{"timestamp": "2024-12-25 19:39:21,684", "name": "Logger", "level": "INFO", "message": "기기 추천 영역('css selector', 'div.device-section')(을)를 찾았습니다.", "pathname": "d:\\test-rpa\\utils\\custom_utils.py", "lineno": 66, "funcName": "find_element"}
{"timestamp": "2024-12-25 19:39:22,975", "name": "Logger", "level": "INFO", "message": "기기 추천 영역<selenium.webdriver.remote.webelement.WebElement (session=\"b5a4611601242034e145f88d48529038\", element=\"f.ABC806582B086C24300C4195D2FF899F.d.B81AA51AB8C8EBC953050A014E75BD1D.e.2776\")>로 마우스를 이동했습니다.", "pathname": "d:\\test-rpa\\utils\\custom_utils.py", "lineno": 92, "funcName": "move_to_element"}
{"timestamp": "2024-12-25 19:39:22,976", "name": "Logger", "level": "ERROR", "message": "기기 추천 영역 테스트 실패: TestCase03.create_locator() takes from 2 to 3 positional arguments but 4 were given", "pathname": "d:\\test-rpa\\utils\\exception_handler.py", "lineno": 8, "funcName": "exception_handler"}
{"timestamp": "2024-12-25 19:39:22,977", "name": "Logger", "level": "ERROR", "message": "Traceback (most recent call last):\n  File \"d:\\test-rpa\\pages\\main.py\", line 41, in execute\n    device_tabs = find_elements(self.create_locator(self.driver, device_locator, \" .tab-wrap ul li\"), f\"기기 추천 탭\")\n                                ~~~~~~~~~~~~~~~~~~~^^^^^^^^^^^^^^^^^^^^^^^^^^^^^^^^^^^^^^^^^^^^^^^^^\nTypeError: TestCase03.create_locator() takes from 2 to 3 positional arguments but 4 were given\n", "pathname": "d:\\test-rpa\\utils\\exception_handler.py", "lineno": 9, "funcName": "exception_handler"}
{"timestamp": "2024-12-25 19:39:22,977", "name": "Logger", "level": "ERROR", "message": "예상치 못한 예외 발생: TypeError", "pathname": "d:\\test-rpa\\utils\\exception_handler.py", "lineno": 17, "funcName": "exception_handler"}
{"timestamp": "2024-12-25 19:39:23,072", "name": "Logger", "level": "INFO", "message": "스크린샷 저장 완료: d:\\test-rpa\\screenshots\\TestCase03_기기추천영역테스트실패_20241225193922.png", "pathname": "d:\\test-rpa\\utils\\screenshot.py", "lineno": 28, "funcName": "capture_error"}
{"timestamp": "2024-12-25 19:39:23,072", "name": "Logger", "level": "ERROR", "message": "===================================테스트 케이스 실행 실패: TestCase03 - TestCase03.create_locator() takes from 2 to 3 positional arguments but 4 were given===================================", "pathname": "d:\\test-rpa\\executor.py", "lineno": 46, "funcName": "run_tests"}
{"timestamp": "2024-12-25 19:41:00,011", "name": "Logger", "level": "INFO", "message": "===================================테스트 케이스 실행 시작: TestCase03===================================", "pathname": "d:\\test-rpa\\executor.py", "lineno": 41, "funcName": "run_tests"}
{"timestamp": "2024-12-25 19:41:00,024", "name": "Logger", "level": "INFO", "message": "기기 추천 영역('css selector', 'div.device-section')(을)를 찾았습니다.", "pathname": "d:\\test-rpa\\utils\\custom_utils.py", "lineno": 66, "funcName": "find_element"}
{"timestamp": "2024-12-25 19:41:01,314", "name": "Logger", "level": "INFO", "message": "기기 추천 영역<selenium.webdriver.remote.webelement.WebElement (session=\"f23fbff84bba28b8a71448285aaefb2f\", element=\"f.6D7258BC51F51145A8671D5266DAAEA3.d.6B48D25C5B87AE369ED6CCF62D047F15.e.2329\")>로 마우스를 이동했습니다.", "pathname": "d:\\test-rpa\\utils\\custom_utils.py", "lineno": 92, "funcName": "move_to_element"}
{"timestamp": "2024-12-25 19:41:01,315", "name": "Logger", "level": "ERROR", "message": "기기 추천 영역 테스트 실패: TestCase03.create_locator() takes from 2 to 3 positional arguments but 4 were given", "pathname": "d:\\test-rpa\\utils\\exception_handler.py", "lineno": 8, "funcName": "exception_handler"}
{"timestamp": "2024-12-25 19:41:01,315", "name": "Logger", "level": "ERROR", "message": "Traceback (most recent call last):\n  File \"d:\\test-rpa\\pages\\main.py\", line 41, in execute\n    device_tabs = find_elements(self.create_locator(self.driver, device_locator, \" .tab-wrap ul li\"), f\"기기 추천 탭\")\n                                ~~~~~~~~~~~~~~~~~~~^^^^^^^^^^^^^^^^^^^^^^^^^^^^^^^^^^^^^^^^^^^^^^^^^\nTypeError: TestCase03.create_locator() takes from 2 to 3 positional arguments but 4 were given\n", "pathname": "d:\\test-rpa\\utils\\exception_handler.py", "lineno": 9, "funcName": "exception_handler"}
{"timestamp": "2024-12-25 19:41:01,316", "name": "Logger", "level": "ERROR", "message": "예상치 못한 예외 발생: TypeError", "pathname": "d:\\test-rpa\\utils\\exception_handler.py", "lineno": 17, "funcName": "exception_handler"}
{"timestamp": "2024-12-25 19:41:01,413", "name": "Logger", "level": "INFO", "message": "스크린샷 저장 완료: d:\\test-rpa\\screenshots\\TestCase03_기기추천영역테스트실패_20241225194101.png", "pathname": "d:\\test-rpa\\utils\\screenshot.py", "lineno": 28, "funcName": "capture_error"}
{"timestamp": "2024-12-25 19:41:01,413", "name": "Logger", "level": "ERROR", "message": "===================================테스트 케이스 실행 실패: TestCase03 - TestCase03.create_locator() takes from 2 to 3 positional arguments but 4 were given===================================", "pathname": "d:\\test-rpa\\executor.py", "lineno": 46, "funcName": "run_tests"}
{"timestamp": "2024-12-25 19:41:51,507", "name": "Logger", "level": "INFO", "message": "===================================테스트 케이스 실행 시작: TestCase03===================================", "pathname": "d:\\test-rpa\\executor.py", "lineno": 41, "funcName": "run_tests"}
{"timestamp": "2024-12-25 19:41:51,517", "name": "Logger", "level": "INFO", "message": "기기 추천 영역('css selector', 'div.device-section')(을)를 찾았습니다.", "pathname": "d:\\test-rpa\\utils\\custom_utils.py", "lineno": 66, "funcName": "find_element"}
{"timestamp": "2024-12-25 19:41:52,798", "name": "Logger", "level": "INFO", "message": "기기 추천 영역<selenium.webdriver.remote.webelement.WebElement (session=\"5394cb0d1450525d02d112683d383731\", element=\"f.305667EE1A6558387D3E3903284AED59.d.193EB03EA63454A4F6ECFC817ED4E318.e.2645\")>로 마우스를 이동했습니다.", "pathname": "d:\\test-rpa\\utils\\custom_utils.py", "lineno": 92, "funcName": "move_to_element"}
{"timestamp": "2024-12-25 19:41:52,798", "name": "Logger", "level": "ERROR", "message": "기기 추천 영역 테스트 실패: TestCase03.create_locator() takes from 2 to 3 positional arguments but 4 were given", "pathname": "d:\\test-rpa\\utils\\exception_handler.py", "lineno": 8, "funcName": "exception_handler"}
{"timestamp": "2024-12-25 19:41:52,799", "name": "Logger", "level": "ERROR", "message": "Traceback (most recent call last):\n  File \"d:\\test-rpa\\pages\\main.py\", line 41, in execute\n    device_tabs = find_elements(self.driver, self.create_locator(self.driver, device_locator, \" .tab-wrap ul li\"), f\"기기 추천 탭\")\n                                             ~~~~~~~~~~~~~~~~~~~^^^^^^^^^^^^^^^^^^^^^^^^^^^^^^^^^^^^^^^^^^^^^^^^^\nTypeError: TestCase03.create_locator() takes from 2 to 3 positional arguments but 4 were given\n", "pathname": "d:\\test-rpa\\utils\\exception_handler.py", "lineno": 9, "funcName": "exception_handler"}
{"timestamp": "2024-12-25 19:41:52,799", "name": "Logger", "level": "ERROR", "message": "예상치 못한 예외 발생: TypeError", "pathname": "d:\\test-rpa\\utils\\exception_handler.py", "lineno": 17, "funcName": "exception_handler"}
{"timestamp": "2024-12-25 19:41:52,882", "name": "Logger", "level": "INFO", "message": "스크린샷 저장 완료: d:\\test-rpa\\screenshots\\TestCase03_기기추천영역테스트실패_20241225194152.png", "pathname": "d:\\test-rpa\\utils\\screenshot.py", "lineno": 28, "funcName": "capture_error"}
{"timestamp": "2024-12-25 19:41:52,882", "name": "Logger", "level": "ERROR", "message": "===================================테스트 케이스 실행 실패: TestCase03 - TestCase03.create_locator() takes from 2 to 3 positional arguments but 4 were given===================================", "pathname": "d:\\test-rpa\\executor.py", "lineno": 46, "funcName": "run_tests"}
{"timestamp": "2024-12-25 19:44:13,345", "name": "Logger", "level": "INFO", "message": "===================================테스트 케이스 실행 시작: TestCase03===================================", "pathname": "d:\\test-rpa\\executor.py", "lineno": 41, "funcName": "run_tests"}
{"timestamp": "2024-12-25 19:44:13,361", "name": "Logger", "level": "INFO", "message": "기기 추천 영역('css selector', 'div.device-section')(을)를 찾았습니다.", "pathname": "d:\\test-rpa\\utils\\custom_utils.py", "lineno": 66, "funcName": "find_element"}
{"timestamp": "2024-12-25 19:44:14,648", "name": "Logger", "level": "INFO", "message": "기기 추천 영역<selenium.webdriver.remote.webelement.WebElement (session=\"67bfde3e848ed12180ba1e2bcea3d30b\", element=\"f.FC56BDE353754D1FBDDE2C41F4180D40.d.52D4CA72005F5CC366BCAAF59E2A69EE.e.2328\")>로 마우스를 이동했습니다.", "pathname": "d:\\test-rpa\\utils\\custom_utils.py", "lineno": 92, "funcName": "move_to_element"}
{"timestamp": "2024-12-25 19:44:14,649", "name": "Logger", "level": "ERROR", "message": "기기 추천 영역 테스트 실패: TestCase03.create_locator() takes from 2 to 3 positional arguments but 4 were given", "pathname": "d:\\test-rpa\\utils\\exception_handler.py", "lineno": 8, "funcName": "exception_handler"}
{"timestamp": "2024-12-25 19:44:14,649", "name": "Logger", "level": "ERROR", "message": "Traceback (most recent call last):\n  File \"d:\\test-rpa\\pages\\main.py\", line 41, in execute\n    device_tabs = find_elements(self.driver, *self.create_locator(self.driver, device_locator, \" .tab-wrap ul li\"), f\"기기 추천 탭\")\n                                              ~~~~~~~~~~~~~~~~~~~^^^^^^^^^^^^^^^^^^^^^^^^^^^^^^^^^^^^^^^^^^^^^^^^^\nTypeError: TestCase03.create_locator() takes from 2 to 3 positional arguments but 4 were given\n", "pathname": "d:\\test-rpa\\utils\\exception_handler.py", "lineno": 9, "funcName": "exception_handler"}
{"timestamp": "2024-12-25 19:44:14,650", "name": "Logger", "level": "ERROR", "message": "예상치 못한 예외 발생: TypeError", "pathname": "d:\\test-rpa\\utils\\exception_handler.py", "lineno": 17, "funcName": "exception_handler"}
{"timestamp": "2024-12-25 19:44:14,747", "name": "Logger", "level": "INFO", "message": "스크린샷 저장 완료: d:\\test-rpa\\screenshots\\TestCase03_기기추천영역테스트실패_20241225194414.png", "pathname": "d:\\test-rpa\\utils\\screenshot.py", "lineno": 28, "funcName": "capture_error"}
{"timestamp": "2024-12-25 19:44:14,747", "name": "Logger", "level": "ERROR", "message": "===================================테스트 케이스 실행 실패: TestCase03 - TestCase03.create_locator() takes from 2 to 3 positional arguments but 4 were given===================================", "pathname": "d:\\test-rpa\\executor.py", "lineno": 46, "funcName": "run_tests"}
{"timestamp": "2024-12-25 19:55:02,009", "name": "Logger", "level": "INFO", "message": "===================================테스트 케이스 실행 시작: TestCase03===================================", "pathname": "d:\\test-rpa\\executor.py", "lineno": 41, "funcName": "run_tests"}
{"timestamp": "2024-12-25 19:55:02,010", "name": "Logger", "level": "ERROR", "message": "기기 추천 영역 테스트 실패: <selenium.webdriver.chrome.webdriver.WebDriver (session=\"0509ec765e2b5cbb3f7224ee16d21e02\")>", "pathname": "d:\\test-rpa\\utils\\exception_handler.py", "lineno": 8, "funcName": "exception_handler"}
{"timestamp": "2024-12-25 19:55:02,011", "name": "Logger", "level": "ERROR", "message": "Traceback (most recent call last):\n  File \"d:\\test-rpa\\pages\\main.py\", line 38, in execute\n    device_section = find_element(self.driver, self.create_locator(self.driver, device_locator), f\"기기 추천 영역\")\n                                               ~~~~~~~~~~~~~~~~~~~^^^^^^^^^^^^^^^^^^^^^^^^^^^^^\n  File \"d:\\test-rpa\\pages\\main.py\", line 33, in create_locator\n    return (By.CSS_SELECTOR, f\"{self.locators[main_locator]}{sub_locator}\")\n                                ~~~~~~~~~~~~~^^^^^^^^^^^^^^\nKeyError: <selenium.webdriver.chrome.webdriver.WebDriver (session=\"0509ec765e2b5cbb3f7224ee16d21e02\")>\n", "pathname": "d:\\test-rpa\\utils\\exception_handler.py", "lineno": 9, "funcName": "exception_handler"}
{"timestamp": "2024-12-25 19:55:02,012", "name": "Logger", "level": "ERROR", "message": "예상치 못한 예외 발생: KeyError", "pathname": "d:\\test-rpa\\utils\\exception_handler.py", "lineno": 17, "funcName": "exception_handler"}
{"timestamp": "2024-12-25 19:55:02,136", "name": "Logger", "level": "INFO", "message": "스크린샷 저장 완료: d:\\test-rpa\\screenshots\\TestCase03_기기추천영역테스트실패_20241225195502.png", "pathname": "d:\\test-rpa\\utils\\screenshot.py", "lineno": 28, "funcName": "capture_error"}
{"timestamp": "2024-12-25 19:55:02,137", "name": "Logger", "level": "ERROR", "message": "===================================테스트 케이스 실행 실패: TestCase03 - <selenium.webdriver.chrome.webdriver.WebDriver (session=\"0509ec765e2b5cbb3f7224ee16d21e02\")>===================================", "pathname": "d:\\test-rpa\\executor.py", "lineno": 46, "funcName": "run_tests"}
{"timestamp": "2024-12-25 19:58:23,378", "name": "Logger", "level": "INFO", "message": "===================================테스트 케이스 실행 시작: TestCase03===================================", "pathname": "d:\\test-rpa\\executor.py", "lineno": 41, "funcName": "run_tests"}
{"timestamp": "2024-12-25 19:58:23,378", "name": "Logger", "level": "ERROR", "message": "기기 추천 영역 테스트 실패: 'div.device-section'", "pathname": "d:\\test-rpa\\utils\\exception_handler.py", "lineno": 8, "funcName": "exception_handler"}
{"timestamp": "2024-12-25 19:58:23,380", "name": "Logger", "level": "ERROR", "message": "Traceback (most recent call last):\n  File \"d:\\test-rpa\\pages\\main.py\", line 38, in execute\n    device_section = find_element(self.driver, self.create_locator(device_locator), f\"기기 추천 영역\")\n                                               ~~~~~~~~~~~~~~~~~~~^^^^^^^^^^^^^^^^\n  File \"d:\\test-rpa\\pages\\main.py\", line 33, in create_locator\n    return (By.CSS_SELECTOR, f\"{self.locators[main_locator]}{sub_locator}\")\n                                ~~~~~~~~~~~~~^^^^^^^^^^^^^^\nKeyError: 'div.device-section'\n", "pathname": "d:\\test-rpa\\utils\\exception_handler.py", "lineno": 9, "funcName": "exception_handler"}
{"timestamp": "2024-12-25 19:58:23,380", "name": "Logger", "level": "ERROR", "message": "예상치 못한 예외 발생: KeyError", "pathname": "d:\\test-rpa\\utils\\exception_handler.py", "lineno": 17, "funcName": "exception_handler"}
{"timestamp": "2024-12-25 19:58:23,502", "name": "Logger", "level": "INFO", "message": "스크린샷 저장 완료: d:\\test-rpa\\screenshots\\TestCase03_기기추천영역테스트실패_20241225195823.png", "pathname": "d:\\test-rpa\\utils\\screenshot.py", "lineno": 28, "funcName": "capture_error"}
{"timestamp": "2024-12-25 19:58:23,503", "name": "Logger", "level": "ERROR", "message": "===================================테스트 케이스 실행 실패: TestCase03 - 'div.device-section'===================================", "pathname": "d:\\test-rpa\\executor.py", "lineno": 46, "funcName": "run_tests"}
{"timestamp": "2024-12-25 19:58:42,249", "name": "Logger", "level": "INFO", "message": "===================================테스트 케이스 실행 시작: TestCase03===================================", "pathname": "d:\\test-rpa\\executor.py", "lineno": 41, "funcName": "run_tests"}
{"timestamp": "2024-12-25 19:58:42,249", "name": "Logger", "level": "ERROR", "message": "기기 추천 영역 테스트 실패: '기기추천영역'", "pathname": "d:\\test-rpa\\utils\\exception_handler.py", "lineno": 8, "funcName": "exception_handler"}
{"timestamp": "2024-12-25 19:58:42,250", "name": "Logger", "level": "ERROR", "message": "Traceback (most recent call last):\n  File \"d:\\test-rpa\\pages\\main.py\", line 38, in execute\n    device_section = find_element(self.driver, self.create_locator(\"기기추천영역\"), f\"기기 추천 영역\")\n                                               ~~~~~~~~~~~~~~~~~~~^^^^^^^^^^^^^^^^\n  File \"d:\\test-rpa\\pages\\main.py\", line 33, in create_locator\n    return (By.CSS_SELECTOR, f\"{self.locators[main_locator]}{sub_locator}\")\n                                ~~~~~~~~~~~~~^^^^^^^^^^^^^^\nKeyError: '기기추천영역'\n", "pathname": "d:\\test-rpa\\utils\\exception_handler.py", "lineno": 9, "funcName": "exception_handler"}
{"timestamp": "2024-12-25 19:58:42,251", "name": "Logger", "level": "ERROR", "message": "예상치 못한 예외 발생: KeyError", "pathname": "d:\\test-rpa\\utils\\exception_handler.py", "lineno": 17, "funcName": "exception_handler"}
{"timestamp": "2024-12-25 19:58:42,397", "name": "Logger", "level": "INFO", "message": "스크린샷 저장 완료: d:\\test-rpa\\screenshots\\TestCase03_기기추천영역테스트실패_20241225195842.png", "pathname": "d:\\test-rpa\\utils\\screenshot.py", "lineno": 28, "funcName": "capture_error"}
{"timestamp": "2024-12-25 19:58:42,397", "name": "Logger", "level": "ERROR", "message": "===================================테스트 케이스 실행 실패: TestCase03 - '기기추천영역'===================================", "pathname": "d:\\test-rpa\\executor.py", "lineno": 46, "funcName": "run_tests"}
{"timestamp": "2024-12-25 19:59:03,032", "name": "Logger", "level": "INFO", "message": "===================================테스트 케이스 실행 시작: TestCase03===================================", "pathname": "d:\\test-rpa\\executor.py", "lineno": 41, "funcName": "run_tests"}
{"timestamp": "2024-12-25 19:59:03,050", "name": "Logger", "level": "INFO", "message": "기기 추천 영역('css selector', 'div.device-section')(을)를 찾았습니다.", "pathname": "d:\\test-rpa\\utils\\custom_utils.py", "lineno": 66, "funcName": "find_element"}
{"timestamp": "2024-12-25 19:59:04,342", "name": "Logger", "level": "INFO", "message": "기기 추천 영역<selenium.webdriver.remote.webelement.WebElement (session=\"cfaee5f5fa34dcf558c8488f7fc2cfe3\", element=\"f.716D991DCCD41B8BDE0A747069295EA6.d.C105205A74207BD813531B82CFD85180.e.2608\")>로 마우스를 이동했습니다.", "pathname": "d:\\test-rpa\\utils\\custom_utils.py", "lineno": 92, "funcName": "move_to_element"}
{"timestamp": "2024-12-25 19:59:04,343", "name": "Logger", "level": "INFO", "message": "===================================테스트 케이스 실행 완료: TestCase03===================================", "pathname": "d:\\test-rpa\\executor.py", "lineno": 43, "funcName": "run_tests"}
{"timestamp": "2024-12-25 19:59:52,647", "name": "Logger", "level": "INFO", "message": "===================================테스트 케이스 실행 시작: TestCase03===================================", "pathname": "d:\\test-rpa\\executor.py", "lineno": 41, "funcName": "run_tests"}
{"timestamp": "2024-12-25 19:59:52,647", "name": "Logger", "level": "ERROR", "message": "기기 추천 영역 테스트 실패: <selenium.webdriver.chrome.webdriver.WebDriver (session=\"ff4705fa7d81365624b4fca20c6e25c2\")>", "pathname": "d:\\test-rpa\\utils\\exception_handler.py", "lineno": 8, "funcName": "exception_handler"}
{"timestamp": "2024-12-25 19:59:52,648", "name": "Logger", "level": "ERROR", "message": "Traceback (most recent call last):\n  File \"d:\\test-rpa\\pages\\main.py\", line 38, in execute\n    device_section = find_element(self.driver, self.create_locator(self.driver, self.locators['device_section']), f\"기기 추천 영역\")\n                                               ~~~~~~~~~~~~~~~~~~~^^^^^^^^^^^^^^^^^^^^^^^^^^^^^^^^^^^^^^^^^^^^^^\n  File \"d:\\test-rpa\\pages\\main.py\", line 33, in create_locator\n    return (By.CSS_SELECTOR, f\"{self.locators[main_locator]}{sub_locator}\")\n                                ~~~~~~~~~~~~~^^^^^^^^^^^^^^\nKeyError: <selenium.webdriver.chrome.webdriver.WebDriver (session=\"ff4705fa7d81365624b4fca20c6e25c2\")>\n", "pathname": "d:\\test-rpa\\utils\\exception_handler.py", "lineno": 9, "funcName": "exception_handler"}
{"timestamp": "2024-12-25 19:59:52,649", "name": "Logger", "level": "ERROR", "message": "예상치 못한 예외 발생: KeyError", "pathname": "d:\\test-rpa\\utils\\exception_handler.py", "lineno": 17, "funcName": "exception_handler"}
{"timestamp": "2024-12-25 19:59:52,786", "name": "Logger", "level": "INFO", "message": "스크린샷 저장 완료: d:\\test-rpa\\screenshots\\TestCase03_기기추천영역테스트실패_20241225195952.png", "pathname": "d:\\test-rpa\\utils\\screenshot.py", "lineno": 28, "funcName": "capture_error"}
{"timestamp": "2024-12-25 19:59:52,787", "name": "Logger", "level": "ERROR", "message": "===================================테스트 케이스 실행 실패: TestCase03 - <selenium.webdriver.chrome.webdriver.WebDriver (session=\"ff4705fa7d81365624b4fca20c6e25c2\")>===================================", "pathname": "d:\\test-rpa\\executor.py", "lineno": 46, "funcName": "run_tests"}
{"timestamp": "2024-12-25 20:00:55,961", "name": "Logger", "level": "INFO", "message": "===================================테스트 케이스 실행 시작: TestCase03===================================", "pathname": "d:\\test-rpa\\executor.py", "lineno": 41, "funcName": "run_tests"}
{"timestamp": "2024-12-25 20:00:55,961", "name": "Logger", "level": "ERROR", "message": "기기 추천 영역<bound method TestCase03.create_locator of <pages.main.TestCase03 object at 0x0000018D17A38EC0>>(을)를 찾지못했습니다.: selenium.webdriver.remote.webdriver.WebDriver.find_element() argument after * must be an iterable, not method", "pathname": "d:\\test-rpa\\utils\\exception_handler.py", "lineno": 8, "funcName": "exception_handler"}
{"timestamp": "2024-12-25 20:00:55,963", "name": "Logger", "level": "ERROR", "message": "Traceback (most recent call last):\n  File \"d:\\test-rpa\\utils\\custom_utils.py\", line 63, in find_element\n    element = WebDriverWait(driver, EXPLICIT_WAIT).until(\n        EC.presence_of_element_located(locator)\n    )\n  File \"C:\\Users\\kasun\\AppData\\Local\\Programs\\Python\\Python313\\Lib\\site-packages\\selenium\\webdriver\\support\\wait.py\", line 96, in until\n    value = method(self._driver)\n  File \"C:\\Users\\kasun\\AppData\\Local\\Programs\\Python\\Python313\\Lib\\site-packages\\selenium\\webdriver\\support\\expected_conditions.py\", line 84, in _predicate\n    return driver.find_element(*locator)\n           ~~~~~~~~~~~~~~~~~~~^^^^^^^^^^\nTypeError: selenium.webdriver.remote.webdriver.WebDriver.find_element() argument after * must be an iterable, not method\n", "pathname": "d:\\test-rpa\\utils\\exception_handler.py", "lineno": 9, "funcName": "exception_handler"}
{"timestamp": "2024-12-25 20:00:55,964", "name": "Logger", "level": "ERROR", "message": "예상치 못한 예외 발생: TypeError", "pathname": "d:\\test-rpa\\utils\\exception_handler.py", "lineno": 17, "funcName": "exception_handler"}
{"timestamp": "2024-12-25 20:00:56,077", "name": "Logger", "level": "INFO", "message": "스크린샷 저장 완료: d:\\test-rpa\\screenshots\\NoneType_기기추천영역<boundmethodTestCase03.create_locatorof<pages.main.TestCase03objectat0x0000018D17A38EC0>>(을)를찾지못했습니다._20241225200055.png", "pathname": "d:\\test-rpa\\utils\\screenshot.py", "lineno": 28, "funcName": "capture_error"}
{"timestamp": "2024-12-25 20:00:56,077", "name": "Logger", "level": "ERROR", "message": "기기 추천 영역None로 마우스를 이동하지 못했습니다.: move_to requires a WebElement", "pathname": "d:\\test-rpa\\utils\\exception_handler.py", "lineno": 8, "funcName": "exception_handler"}
{"timestamp": "2024-12-25 20:00:56,079", "name": "Logger", "level": "ERROR", "message": "Traceback (most recent call last):\n  File \"d:\\test-rpa\\utils\\custom_utils.py\", line 91, in move_to_element\n    actions.move_to_element(locator).perform()\n    ~~~~~~~~~~~~~~~~~~~~~~~^^^^^^^^^\n  File \"C:\\Users\\kasun\\AppData\\Local\\Programs\\Python\\Python313\\Lib\\site-packages\\selenium\\webdriver\\common\\action_chains.py\", line 253, in move_to_element\n    self.w3c_actions.pointer_action.move_to(to_element)\n    ~~~~~~~~~~~~~~~~~~~~~~~~~~~~~~~~~~~~~~~^^^^^^^^^^^^\n  File \"C:\\Users\\kasun\\AppData\\Local\\Programs\\Python\\Python313\\Lib\\site-packages\\selenium\\webdriver\\common\\actions\\pointer_actions.py\", line 88, in move_to\n    raise AttributeError(\"move_to requires a WebElement\")\nAttributeError: move_to requires a WebElement\n", "pathname": "d:\\test-rpa\\utils\\exception_handler.py", "lineno": 9, "funcName": "exception_handler"}
{"timestamp": "2024-12-25 20:00:56,079", "name": "Logger", "level": "ERROR", "message": "예상치 못한 예외 발생: AttributeError", "pathname": "d:\\test-rpa\\utils\\exception_handler.py", "lineno": 17, "funcName": "exception_handler"}
{"timestamp": "2024-12-25 20:00:56,183", "name": "Logger", "level": "INFO", "message": "스크린샷 저장 완료: d:\\test-rpa\\screenshots\\NoneType_기기추천영역None로마우스를이동하지못했습니다._20241225200056.png", "pathname": "d:\\test-rpa\\utils\\screenshot.py", "lineno": 28, "funcName": "capture_error"}
{"timestamp": "2024-12-25 20:00:56,184", "name": "Logger", "level": "INFO", "message": "===================================테스트 케이스 실행 완료: TestCase03===================================", "pathname": "d:\\test-rpa\\executor.py", "lineno": 43, "funcName": "run_tests"}
{"timestamp": "2024-12-25 20:02:33,805", "name": "Logger", "level": "INFO", "message": "===================================테스트 케이스 실행 시작: TestCase03===================================", "pathname": "d:\\test-rpa\\executor.py", "lineno": 41, "funcName": "run_tests"}
{"timestamp": "2024-12-25 20:02:33,806", "name": "Logger", "level": "ERROR", "message": "기기 추천 영역 테스트 실패: find_element() takes from 2 to 3 positional arguments but 5 were given", "pathname": "d:\\test-rpa\\utils\\exception_handler.py", "lineno": 8, "funcName": "exception_handler"}
{"timestamp": "2024-12-25 20:02:33,807", "name": "Logger", "level": "ERROR", "message": "Traceback (most recent call last):\n  File \"d:\\test-rpa\\pages\\main.py\", line 38, in execute\n    device_section = find_element(self.driver, self.create_locator,self.driver, self.locators['device_section'], f\"기기 추천 영역\")\n                     ~~~~~~~~~~~~^^^^^^^^^^^^^^^^^^^^^^^^^^^^^^^^^^^^^^^^^^^^^^^^^^^^^^^^^^^^^^^^^^^^^^^^^^^^^^^^^^^^^^^^^^^^^^^^^^\nTypeError: find_element() takes from 2 to 3 positional arguments but 5 were given\n", "pathname": "d:\\test-rpa\\utils\\exception_handler.py", "lineno": 9, "funcName": "exception_handler"}
{"timestamp": "2024-12-25 20:02:33,807", "name": "Logger", "level": "ERROR", "message": "예상치 못한 예외 발생: TypeError", "pathname": "d:\\test-rpa\\utils\\exception_handler.py", "lineno": 17, "funcName": "exception_handler"}
{"timestamp": "2024-12-25 20:02:33,940", "name": "Logger", "level": "INFO", "message": "스크린샷 저장 완료: d:\\test-rpa\\screenshots\\TestCase03_기기추천영역테스트실패_20241225200233.png", "pathname": "d:\\test-rpa\\utils\\screenshot.py", "lineno": 28, "funcName": "capture_error"}
{"timestamp": "2024-12-25 20:02:33,940", "name": "Logger", "level": "ERROR", "message": "===================================테스트 케이스 실행 실패: TestCase03 - find_element() takes from 2 to 3 positional arguments but 5 were given===================================", "pathname": "d:\\test-rpa\\executor.py", "lineno": 46, "funcName": "run_tests"}
{"timestamp": "2024-12-25 20:04:53,028", "name": "Logger", "level": "INFO", "message": "===================================테스트 케이스 실행 시작: TestCase03===================================", "pathname": "d:\\test-rpa\\executor.py", "lineno": 41, "funcName": "run_tests"}
{"timestamp": "2024-12-25 20:04:53,029", "name": "Logger", "level": "ERROR", "message": "<bound method TestCase03.create_locator of <pages.main.TestCase03 object at 0x0000024083138EC0>>(을)를 찾지못했습니다.: selenium.webdriver.remote.webdriver.WebDriver.find_element() argument after * must be an iterable, not method", "pathname": "d:\\test-rpa\\utils\\exception_handler.py", "lineno": 8, "funcName": "exception_handler"}
{"timestamp": "2024-12-25 20:04:53,030", "name": "Logger", "level": "ERROR", "message": "Traceback (most recent call last):\n  File \"d:\\test-rpa\\utils\\custom_utils.py\", line 63, in find_element\n    element = WebDriverWait(driver, EXPLICIT_WAIT).until(\n        EC.presence_of_element_located(locator)\n    )\n  File \"C:\\Users\\kasun\\AppData\\Local\\Programs\\Python\\Python313\\Lib\\site-packages\\selenium\\webdriver\\support\\wait.py\", line 96, in until\n    value = method(self._driver)\n  File \"C:\\Users\\kasun\\AppData\\Local\\Programs\\Python\\Python313\\Lib\\site-packages\\selenium\\webdriver\\support\\expected_conditions.py\", line 84, in _predicate\n    return driver.find_element(*locator)\n           ~~~~~~~~~~~~~~~~~~~^^^^^^^^^^\nTypeError: selenium.webdriver.remote.webdriver.WebDriver.find_element() argument after * must be an iterable, not method\n", "pathname": "d:\\test-rpa\\utils\\exception_handler.py", "lineno": 9, "funcName": "exception_handler"}
{"timestamp": "2024-12-25 20:04:53,031", "name": "Logger", "level": "ERROR", "message": "예상치 못한 예외 발생: TypeError", "pathname": "d:\\test-rpa\\utils\\exception_handler.py", "lineno": 17, "funcName": "exception_handler"}
{"timestamp": "2024-12-25 20:04:53,158", "name": "Logger", "level": "INFO", "message": "스크린샷 저장 완료: d:\\test-rpa\\screenshots\\NoneType_<boundmethodTestCase03.create_locatorof<pages.main.TestCase03objectat0x0000024083138EC0>>(을)를찾지못했습니다._20241225200453.png", "pathname": "d:\\test-rpa\\utils\\screenshot.py", "lineno": 28, "funcName": "capture_error"}
{"timestamp": "2024-12-25 20:04:53,158", "name": "Logger", "level": "ERROR", "message": "기기 추천 영역None로 마우스를 이동하지 못했습니다.: move_to requires a WebElement", "pathname": "d:\\test-rpa\\utils\\exception_handler.py", "lineno": 8, "funcName": "exception_handler"}
{"timestamp": "2024-12-25 20:04:53,159", "name": "Logger", "level": "ERROR", "message": "Traceback (most recent call last):\n  File \"d:\\test-rpa\\utils\\custom_utils.py\", line 91, in move_to_element\n    actions.move_to_element(locator).perform()\n    ~~~~~~~~~~~~~~~~~~~~~~~^^^^^^^^^\n  File \"C:\\Users\\kasun\\AppData\\Local\\Programs\\Python\\Python313\\Lib\\site-packages\\selenium\\webdriver\\common\\action_chains.py\", line 253, in move_to_element\n    self.w3c_actions.pointer_action.move_to(to_element)\n    ~~~~~~~~~~~~~~~~~~~~~~~~~~~~~~~~~~~~~~~^^^^^^^^^^^^\n  File \"C:\\Users\\kasun\\AppData\\Local\\Programs\\Python\\Python313\\Lib\\site-packages\\selenium\\webdriver\\common\\actions\\pointer_actions.py\", line 88, in move_to\n    raise AttributeError(\"move_to requires a WebElement\")\nAttributeError: move_to requires a WebElement\n", "pathname": "d:\\test-rpa\\utils\\exception_handler.py", "lineno": 9, "funcName": "exception_handler"}
{"timestamp": "2024-12-25 20:04:53,160", "name": "Logger", "level": "ERROR", "message": "예상치 못한 예외 발생: AttributeError", "pathname": "d:\\test-rpa\\utils\\exception_handler.py", "lineno": 17, "funcName": "exception_handler"}
{"timestamp": "2024-12-25 20:04:53,255", "name": "Logger", "level": "INFO", "message": "스크린샷 저장 완료: d:\\test-rpa\\screenshots\\NoneType_기기추천영역None로마우스를이동하지못했습니다._20241225200453.png", "pathname": "d:\\test-rpa\\utils\\screenshot.py", "lineno": 28, "funcName": "capture_error"}
{"timestamp": "2024-12-25 20:04:53,255", "name": "Logger", "level": "INFO", "message": "===================================테스트 케이스 실행 완료: TestCase03===================================", "pathname": "d:\\test-rpa\\executor.py", "lineno": 43, "funcName": "run_tests"}
{"timestamp": "2024-12-25 20:06:22,409", "name": "Logger", "level": "INFO", "message": "===================================테스트 케이스 실행 시작: TestCase03===================================", "pathname": "d:\\test-rpa\\executor.py", "lineno": 41, "funcName": "run_tests"}
{"timestamp": "2024-12-25 20:06:22,409", "name": "Logger", "level": "ERROR", "message": "<bound method TestCase03.create_locator of <pages.main.TestCase03 object at 0x000002A162908EC0>>(을)를 찾지못했습니다.: selenium.webdriver.remote.webdriver.WebDriver.find_element() argument after * must be an iterable, not method", "pathname": "d:\\test-rpa\\utils\\exception_handler.py", "lineno": 8, "funcName": "exception_handler"}
{"timestamp": "2024-12-25 20:06:22,411", "name": "Logger", "level": "ERROR", "message": "Traceback (most recent call last):\n  File \"d:\\test-rpa\\utils\\custom_utils.py\", line 63, in find_element\n    element = WebDriverWait(driver, EXPLICIT_WAIT).until(\n        EC.presence_of_element_located(locator)\n    )\n  File \"C:\\Users\\kasun\\AppData\\Local\\Programs\\Python\\Python313\\Lib\\site-packages\\selenium\\webdriver\\support\\wait.py\", line 96, in until\n    value = method(self._driver)\n  File \"C:\\Users\\kasun\\AppData\\Local\\Programs\\Python\\Python313\\Lib\\site-packages\\selenium\\webdriver\\support\\expected_conditions.py\", line 84, in _predicate\n    return driver.find_element(*locator)\n           ~~~~~~~~~~~~~~~~~~~^^^^^^^^^^\nTypeError: selenium.webdriver.remote.webdriver.WebDriver.find_element() argument after * must be an iterable, not method\n", "pathname": "d:\\test-rpa\\utils\\exception_handler.py", "lineno": 9, "funcName": "exception_handler"}
{"timestamp": "2024-12-25 20:06:22,412", "name": "Logger", "level": "ERROR", "message": "예상치 못한 예외 발생: TypeError", "pathname": "d:\\test-rpa\\utils\\exception_handler.py", "lineno": 17, "funcName": "exception_handler"}
{"timestamp": "2024-12-25 20:06:22,541", "name": "Logger", "level": "INFO", "message": "스크린샷 저장 완료: d:\\test-rpa\\screenshots\\NoneType_<boundmethodTestCase03.create_locatorof<pages.main.TestCase03objectat0x000002A162908EC0>>(을)를찾지못했습니다._20241225200622.png", "pathname": "d:\\test-rpa\\utils\\screenshot.py", "lineno": 28, "funcName": "capture_error"}
{"timestamp": "2024-12-25 20:06:22,542", "name": "Logger", "level": "ERROR", "message": "기기 추천 영역None로 마우스를 이동하지 못했습니다.: move_to requires a WebElement", "pathname": "d:\\test-rpa\\utils\\exception_handler.py", "lineno": 8, "funcName": "exception_handler"}
{"timestamp": "2024-12-25 20:06:22,543", "name": "Logger", "level": "ERROR", "message": "Traceback (most recent call last):\n  File \"d:\\test-rpa\\utils\\custom_utils.py\", line 91, in move_to_element\n    actions.move_to_element(locator).perform()\n    ~~~~~~~~~~~~~~~~~~~~~~~^^^^^^^^^\n  File \"C:\\Users\\kasun\\AppData\\Local\\Programs\\Python\\Python313\\Lib\\site-packages\\selenium\\webdriver\\common\\action_chains.py\", line 253, in move_to_element\n    self.w3c_actions.pointer_action.move_to(to_element)\n    ~~~~~~~~~~~~~~~~~~~~~~~~~~~~~~~~~~~~~~~^^^^^^^^^^^^\n  File \"C:\\Users\\kasun\\AppData\\Local\\Programs\\Python\\Python313\\Lib\\site-packages\\selenium\\webdriver\\common\\actions\\pointer_actions.py\", line 88, in move_to\n    raise AttributeError(\"move_to requires a WebElement\")\nAttributeError: move_to requires a WebElement\n", "pathname": "d:\\test-rpa\\utils\\exception_handler.py", "lineno": 9, "funcName": "exception_handler"}
{"timestamp": "2024-12-25 20:06:22,544", "name": "Logger", "level": "ERROR", "message": "예상치 못한 예외 발생: AttributeError", "pathname": "d:\\test-rpa\\utils\\exception_handler.py", "lineno": 17, "funcName": "exception_handler"}
{"timestamp": "2024-12-25 20:06:22,690", "name": "Logger", "level": "INFO", "message": "스크린샷 저장 완료: d:\\test-rpa\\screenshots\\NoneType_기기추천영역None로마우스를이동하지못했습니다._20241225200622.png", "pathname": "d:\\test-rpa\\utils\\screenshot.py", "lineno": 28, "funcName": "capture_error"}
{"timestamp": "2024-12-25 20:06:22,690", "name": "Logger", "level": "INFO", "message": "===================================테스트 케이스 실행 완료: TestCase03===================================", "pathname": "d:\\test-rpa\\executor.py", "lineno": 43, "funcName": "run_tests"}
{"timestamp": "2024-12-25 20:09:08,468", "name": "Logger", "level": "INFO", "message": "===================================테스트 케이스 실행 시작: TestCase03===================================", "pathname": "d:\\test-rpa\\executor.py", "lineno": 41, "funcName": "run_tests"}
{"timestamp": "2024-12-25 20:09:08,469", "name": "Logger", "level": "ERROR", "message": "div.device-section(을)를 찾지못했습니다.: WebDriver.find_element() takes from 1 to 3 positional arguments but 19 were given", "pathname": "d:\\test-rpa\\utils\\exception_handler.py", "lineno": 8, "funcName": "exception_handler"}
{"timestamp": "2024-12-25 20:09:08,470", "name": "Logger", "level": "ERROR", "message": "Traceback (most recent call last):\n  File \"d:\\test-rpa\\utils\\custom_utils.py\", line 63, in find_element\n    element = WebDriverWait(driver, EXPLICIT_WAIT).until(\n        EC.presence_of_element_located(locator)\n    )\n  File \"C:\\Users\\kasun\\AppData\\Local\\Programs\\Python\\Python313\\Lib\\site-packages\\selenium\\webdriver\\support\\wait.py\", line 96, in until\n    value = method(self._driver)\n  File \"C:\\Users\\kasun\\AppData\\Local\\Programs\\Python\\Python313\\Lib\\site-packages\\selenium\\webdriver\\support\\expected_conditions.py\", line 84, in _predicate\n    return driver.find_element(*locator)\n           ~~~~~~~~~~~~~~~~~~~^^^^^^^^^^\nTypeError: WebDriver.find_element() takes from 1 to 3 positional arguments but 19 were given\n", "pathname": "d:\\test-rpa\\utils\\exception_handler.py", "lineno": 9, "funcName": "exception_handler"}
{"timestamp": "2024-12-25 20:09:08,471", "name": "Logger", "level": "ERROR", "message": "예상치 못한 예외 발생: TypeError", "pathname": "d:\\test-rpa\\utils\\exception_handler.py", "lineno": 17, "funcName": "exception_handler"}
{"timestamp": "2024-12-25 20:09:08,601", "name": "Logger", "level": "INFO", "message": "스크린샷 저장 완료: d:\\test-rpa\\screenshots\\NoneType_div.device-section(을)를찾지못했습니다._20241225200908.png", "pathname": "d:\\test-rpa\\utils\\screenshot.py", "lineno": 28, "funcName": "capture_error"}
{"timestamp": "2024-12-25 20:09:08,601", "name": "Logger", "level": "ERROR", "message": "기기 추천 영역None로 마우스를 이동하지 못했습니다.: move_to requires a WebElement", "pathname": "d:\\test-rpa\\utils\\exception_handler.py", "lineno": 8, "funcName": "exception_handler"}
{"timestamp": "2024-12-25 20:09:08,602", "name": "Logger", "level": "ERROR", "message": "Traceback (most recent call last):\n  File \"d:\\test-rpa\\utils\\custom_utils.py\", line 91, in move_to_element\n    actions.move_to_element(locator).perform()\n    ~~~~~~~~~~~~~~~~~~~~~~~^^^^^^^^^\n  File \"C:\\Users\\kasun\\AppData\\Local\\Programs\\Python\\Python313\\Lib\\site-packages\\selenium\\webdriver\\common\\action_chains.py\", line 253, in move_to_element\n    self.w3c_actions.pointer_action.move_to(to_element)\n    ~~~~~~~~~~~~~~~~~~~~~~~~~~~~~~~~~~~~~~~^^^^^^^^^^^^\n  File \"C:\\Users\\kasun\\AppData\\Local\\Programs\\Python\\Python313\\Lib\\site-packages\\selenium\\webdriver\\common\\actions\\pointer_actions.py\", line 88, in move_to\n    raise AttributeError(\"move_to requires a WebElement\")\nAttributeError: move_to requires a WebElement\n", "pathname": "d:\\test-rpa\\utils\\exception_handler.py", "lineno": 9, "funcName": "exception_handler"}
{"timestamp": "2024-12-25 20:09:08,602", "name": "Logger", "level": "ERROR", "message": "예상치 못한 예외 발생: AttributeError", "pathname": "d:\\test-rpa\\utils\\exception_handler.py", "lineno": 17, "funcName": "exception_handler"}
{"timestamp": "2024-12-25 20:09:08,725", "name": "Logger", "level": "INFO", "message": "스크린샷 저장 완료: d:\\test-rpa\\screenshots\\NoneType_기기추천영역None로마우스를이동하지못했습니다._20241225200908.png", "pathname": "d:\\test-rpa\\utils\\screenshot.py", "lineno": 28, "funcName": "capture_error"}
{"timestamp": "2024-12-25 20:09:08,725", "name": "Logger", "level": "INFO", "message": "===================================테스트 케이스 실행 완료: TestCase03===================================", "pathname": "d:\\test-rpa\\executor.py", "lineno": 43, "funcName": "run_tests"}
{"timestamp": "2024-12-25 20:09:23,233", "name": "Logger", "level": "INFO", "message": "===================================테스트 케이스 실행 시작: TestCase03===================================", "pathname": "d:\\test-rpa\\executor.py", "lineno": 41, "funcName": "run_tests"}
{"timestamp": "2024-12-25 20:09:23,248", "name": "Logger", "level": "INFO", "message": "('css selector', 'div.device-section')(을)를 찾았습니다.", "pathname": "d:\\test-rpa\\utils\\custom_utils.py", "lineno": 66, "funcName": "find_element"}
{"timestamp": "2024-12-25 20:09:24,536", "name": "Logger", "level": "INFO", "message": "기기 추천 영역<selenium.webdriver.remote.webelement.WebElement (session=\"6cf7c3c59e8a34ef2f5dcc780a1dea53\", element=\"f.52DA103CA9CC979D8144CBB9D2134BC7.d.077C5E8EC4546B4698AF185F71089461.e.2285\")>로 마우스를 이동했습니다.", "pathname": "d:\\test-rpa\\utils\\custom_utils.py", "lineno": 92, "funcName": "move_to_element"}
{"timestamp": "2024-12-25 20:09:24,536", "name": "Logger", "level": "INFO", "message": "===================================테스트 케이스 실행 완료: TestCase03===================================", "pathname": "d:\\test-rpa\\executor.py", "lineno": 43, "funcName": "run_tests"}
{"timestamp": "2024-12-25 20:10:21,325", "name": "Logger", "level": "INFO", "message": "===================================테스트 케이스 실행 시작: TestCase03===================================", "pathname": "d:\\test-rpa\\executor.py", "lineno": 41, "funcName": "run_tests"}
{"timestamp": "2024-12-25 20:10:21,335", "name": "Logger", "level": "INFO", "message": "('css selector', 'div.device-section')(을)를 찾았습니다.", "pathname": "d:\\test-rpa\\utils\\custom_utils.py", "lineno": 66, "funcName": "find_element"}
{"timestamp": "2024-12-25 20:10:22,622", "name": "Logger", "level": "INFO", "message": "기기 추천 영역<selenium.webdriver.remote.webelement.WebElement (session=\"46ced654230067519690a126fde983ad\", element=\"f.B0EDDBF21AB06200C8717A1372D6047F.d.E8A7F1F39155A61685EAF047A9D6E835.e.2622\")>로 마우스를 이동했습니다.", "pathname": "d:\\test-rpa\\utils\\custom_utils.py", "lineno": 92, "funcName": "move_to_element"}
{"timestamp": "2024-12-25 20:10:22,623", "name": "Logger", "level": "INFO", "message": "===================================테스트 케이스 실행 완료: TestCase03===================================", "pathname": "d:\\test-rpa\\executor.py", "lineno": 43, "funcName": "run_tests"}
{"timestamp": "2024-12-25 20:11:17,312", "name": "Logger", "level": "INFO", "message": "===================================테스트 케이스 실행 시작: TestCase03===================================", "pathname": "d:\\test-rpa\\executor.py", "lineno": 41, "funcName": "run_tests"}
{"timestamp": "2024-12-25 20:11:17,330", "name": "Logger", "level": "INFO", "message": "('css selector', 'div.device-section')(을)를 찾았습니다.", "pathname": "d:\\test-rpa\\utils\\custom_utils.py", "lineno": 66, "funcName": "find_element"}
{"timestamp": "2024-12-25 20:11:18,622", "name": "Logger", "level": "INFO", "message": "기기 추천 영역<selenium.webdriver.remote.webelement.WebElement (session=\"fd831c6a2437c4209c807ec754a4d945\", element=\"f.CA49428B901118AFF1FB3E02BE912B29.d.EFDA5243019EA70D2BF5EEE77A92F18A.e.2679\")>로 마우스를 이동했습니다.", "pathname": "d:\\test-rpa\\utils\\custom_utils.py", "lineno": 92, "funcName": "move_to_element"}
{"timestamp": "2024-12-25 20:11:18,622", "name": "Logger", "level": "ERROR", "message": "기기 추천 탭('css selector', 'div.device-section', ' .tab-wrap ul li')들을 찾지못했습니다.: WebDriver.find_elements() takes from 1 to 3 positional arguments but 4 were given", "pathname": "d:\\test-rpa\\utils\\exception_handler.py", "lineno": 8, "funcName": "exception_handler"}
{"timestamp": "2024-12-25 20:11:18,623", "name": "Logger", "level": "ERROR", "message": "Traceback (most recent call last):\n  File \"d:\\test-rpa\\utils\\custom_utils.py\", line 76, in find_elements\n    elements = WebDriverWait(driver, EXPLICIT_WAIT).until(\n        EC.presence_of_all_elements_located(locator)\n    )\n  File \"C:\\Users\\kasun\\AppData\\Local\\Programs\\Python\\Python313\\Lib\\site-packages\\selenium\\webdriver\\support\\wait.py\", line 96, in until\n    value = method(self._driver)\n  File \"C:\\Users\\kasun\\AppData\\Local\\Programs\\Python\\Python313\\Lib\\site-packages\\selenium\\webdriver\\support\\expected_conditions.py\", line 191, in _predicate\n    return driver.find_elements(*locator)\n           ~~~~~~~~~~~~~~~~~~~~^^^^^^^^^^\nTypeError: WebDriver.find_elements() takes from 1 to 3 positional arguments but 4 were given\n", "pathname": "d:\\test-rpa\\utils\\exception_handler.py", "lineno": 9, "funcName": "exception_handler"}
{"timestamp": "2024-12-25 20:11:18,624", "name": "Logger", "level": "ERROR", "message": "예상치 못한 예외 발생: TypeError", "pathname": "d:\\test-rpa\\utils\\exception_handler.py", "lineno": 17, "funcName": "exception_handler"}
{"timestamp": "2024-12-25 20:11:18,719", "name": "Logger", "level": "INFO", "message": "스크린샷 저장 완료: d:\\test-rpa\\screenshots\\NoneType_기기추천탭('cssselector','div.device-section','.tab-wrapulli')들을찾지못했습니다._20241225201118.png", "pathname": "d:\\test-rpa\\utils\\screenshot.py", "lineno": 28, "funcName": "capture_error"}
{"timestamp": "2024-12-25 20:11:18,720", "name": "Logger", "level": "INFO", "message": "기기 추천 탭: []", "pathname": "d:\\test-rpa\\pages\\main.py", "lineno": 42, "funcName": "execute"}
{"timestamp": "2024-12-25 20:11:18,720", "name": "Logger", "level": "INFO", "message": "===================================테스트 케이스 실행 완료: TestCase03===================================", "pathname": "d:\\test-rpa\\executor.py", "lineno": 43, "funcName": "run_tests"}
{"timestamp": "2024-12-25 20:14:00,643", "name": "Logger", "level": "INFO", "message": "===================================테스트 케이스 실행 시작: TestCase03===================================", "pathname": "d:\\test-rpa\\executor.py", "lineno": 41, "funcName": "run_tests"}
{"timestamp": "2024-12-25 20:14:00,658", "name": "Logger", "level": "INFO", "message": "기기 추천 영역('css selector', 'div.device-section')(을)를 찾았습니다.", "pathname": "d:\\test-rpa\\utils\\custom_utils.py", "lineno": 66, "funcName": "find_element"}
{"timestamp": "2024-12-25 20:14:01,951", "name": "Logger", "level": "INFO", "message": "기기 추천 영역<selenium.webdriver.remote.webelement.WebElement (session=\"982714f3ab4b085c038392cdf5132991\", element=\"f.EEE77FCA2415BAB89B9AAC3B13F7F250.d.16E499FA523C660AFA244CB2B7BF3710.e.2959\")>로 마우스를 이동했습니다.", "pathname": "d:\\test-rpa\\utils\\custom_utils.py", "lineno": 92, "funcName": "move_to_element"}
{"timestamp": "2024-12-25 20:14:05,996", "name": "Logger", "level": "ERROR", "message": "기기 추천 탭('css selector', 'div.device-section.tab-wrap ul li')들을 찾지못했습니다.: Message: no such window: target window already closed\nfrom unknown error: web view not found\n  (Session info: chrome=131.0.6778.205)\nStacktrace:\n\tGetHandleVerifier [0x00007FF652DCFB05+28789]\n\t(No symbol) [0x00007FF652D386E0]\n\t(No symbol) [0x00007FF652BD592A]\n\t(No symbol) [0x00007FF652BAF505]\n\t(No symbol) [0x00007FF652C56477]\n\t(No symbol) [0x00007FF652C6EF42]\n\t(No symbol) [0x00007FF652C4F1E3]\n\t(No symbol) [0x00007FF652C1A938]\n\t(No symbol) [0x00007FF652C1BAA1]\n\tGetHandleVerifier [0x00007FF65310933D+3410093]\n\tGetHandleVerifier [0x00007FF65311E7DD+3497293]\n\tGetHandleVerifier [0x00007FF653112A73+3448803]\n\tGetHandleVerifier [0x00007FF652E97BBB+848171]\n\t(No symbol) [0x00007FF652D43C3F]\n\t(No symbol) [0x00007FF652D3F6E4]\n\t(No symbol) [0x00007FF652D3F87D]\n\t(No symbol) [0x00007FF652D2ED49]\n\tBaseThreadInitThunk [0x00007FFC121D259D+29]\n\tRtlUserThreadStart [0x00007FFC13EAAF38+40]\n", "pathname": "d:\\test-rpa\\utils\\exception_handler.py", "lineno": 8, "funcName": "exception_handler"}
{"timestamp": "2024-12-25 20:14:06,007", "name": "Logger", "level": "ERROR", "message": "Traceback (most recent call last):\n  File \"d:\\test-rpa\\utils\\custom_utils.py\", line 76, in find_elements\n    elements = WebDriverWait(driver, EXPLICIT_WAIT).until(\n        EC.presence_of_all_elements_located(locator)\n    )\n  File \"C:\\Users\\kasun\\AppData\\Local\\Programs\\Python\\Python313\\Lib\\site-packages\\selenium\\webdriver\\support\\wait.py\", line 96, in until\n    value = method(self._driver)\n  File \"C:\\Users\\kasun\\AppData\\Local\\Programs\\Python\\Python313\\Lib\\site-packages\\selenium\\webdriver\\support\\expected_conditions.py\", line 191, in _predicate\n    return driver.find_elements(*locator)\n           ~~~~~~~~~~~~~~~~~~~~^^^^^^^^^^\n  File \"C:\\Users\\kasun\\AppData\\Local\\Programs\\Python\\Python313\\Lib\\site-packages\\selenium\\webdriver\\remote\\webdriver.py\", line 792, in find_elements\n    return self.execute(Command.FIND_ELEMENTS, {\"using\": by, \"value\": value})[\"value\"] or []\n           ~~~~~~~~~~~~^^^^^^^^^^^^^^^^^^^^^^^^^^^^^^^^^^^^^^^^^^^^^^^^^^^^^^\n  File \"C:\\Users\\kasun\\AppData\\Local\\Programs\\Python\\Python313\\Lib\\site-packages\\selenium\\webdriver\\remote\\webdriver.py\", line 384, in execute\n    self.error_handler.check_response(response)\n    ~~~~~~~~~~~~~~~~~~~~~~~~~~~~~~~~~^^^^^^^^^^\n  File \"C:\\Users\\kasun\\AppData\\Local\\Programs\\Python\\Python313\\Lib\\site-packages\\selenium\\webdriver\\remote\\errorhandler.py\", line 232, in check_response\n    raise exception_class(message, screen, stacktrace)\nselenium.common.exceptions.NoSuchWindowException: Message: no such window: target window already closed\nfrom unknown error: web view not found\n  (Session info: chrome=131.0.6778.205)\nStacktrace:\n\tGetHandleVerifier [0x00007FF652DCFB05+28789]\n\t(No symbol) [0x00007FF652D386E0]\n\t(No symbol) [0x00007FF652BD592A]\n\t(No symbol) [0x00007FF652BAF505]\n\t(No symbol) [0x00007FF652C56477]\n\t(No symbol) [0x00007FF652C6EF42]\n\t(No symbol) [0x00007FF652C4F1E3]\n\t(No symbol) [0x00007FF652C1A938]\n\t(No symbol) [0x00007FF652C1BAA1]\n\tGetHandleVerifier [0x00007FF65310933D+3410093]\n\tGetHandleVerifier [0x00007FF65311E7DD+3497293]\n\tGetHandleVerifier [0x00007FF653112A73+3448803]\n\tGetHandleVerifier [0x00007FF652E97BBB+848171]\n\t(No symbol) [0x00007FF652D43C3F]\n\t(No symbol) [0x00007FF652D3F6E4]\n\t(No symbol) [0x00007FF652D3F87D]\n\t(No symbol) [0x00007FF652D2ED49]\n\tBaseThreadInitThunk [0x00007FFC121D259D+29]\n\tRtlUserThreadStart [0x00007FFC13EAAF38+40]\n\n", "pathname": "d:\\test-rpa\\utils\\exception_handler.py", "lineno": 9, "funcName": "exception_handler"}
{"timestamp": "2024-12-25 20:14:06,009", "name": "Logger", "level": "ERROR", "message": "예상치 못한 예외 발생: NoSuchWindowException", "pathname": "d:\\test-rpa\\utils\\exception_handler.py", "lineno": 17, "funcName": "exception_handler"}
{"timestamp": "2024-12-25 20:14:06,010", "name": "Logger", "level": "INFO", "message": "기기 추천 탭: []", "pathname": "d:\\test-rpa\\pages\\main.py", "lineno": 42, "funcName": "execute"}
{"timestamp": "2024-12-25 20:14:06,010", "name": "Logger", "level": "INFO", "message": "===================================테스트 케이스 실행 완료: TestCase03===================================", "pathname": "d:\\test-rpa\\executor.py", "lineno": 43, "funcName": "run_tests"}
{"timestamp": "2024-12-25 20:14:34,264", "name": "Logger", "level": "INFO", "message": "===================================테스트 케이스 실행 시작: TestCase03===================================", "pathname": "d:\\test-rpa\\executor.py", "lineno": 41, "funcName": "run_tests"}
{"timestamp": "2024-12-25 20:14:34,277", "name": "Logger", "level": "INFO", "message": "기기 추천 영역('css selector', 'div.device-section')(을)를 찾았습니다.", "pathname": "d:\\test-rpa\\utils\\custom_utils.py", "lineno": 66, "funcName": "find_element"}
{"timestamp": "2024-12-25 20:14:35,558", "name": "Logger", "level": "INFO", "message": "기기 추천 영역<selenium.webdriver.remote.webelement.WebElement (session=\"ce979d5b975fb6f9c022e1bf69b2705f\", element=\"f.51CB940C7664743B33FD1DABE3B6B14E.d.0C1B10500B57FBA30FBBB58A20F91305.e.2668\")>로 마우스를 이동했습니다.", "pathname": "d:\\test-rpa\\utils\\custom_utils.py", "lineno": 92, "funcName": "move_to_element"}
{"timestamp": "2024-12-25 20:14:35,565", "name": "Logger", "level": "INFO", "message": "기기 추천 탭('css selector', 'div.device-section .tab-wrap ul li')들을 3개 찾았습니다.", "pathname": "d:\\test-rpa\\utils\\custom_utils.py", "lineno": 79, "funcName": "find_elements"}
{"timestamp": "2024-12-25 20:14:35,565", "name": "Logger", "level": "INFO", "message": "기기 추천 탭: [<selenium.webdriver.remote.webelement.WebElement (session=\"ce979d5b975fb6f9c022e1bf69b2705f\", element=\"f.51CB940C7664743B33FD1DABE3B6B14E.d.0C1B10500B57FBA30FBBB58A20F91305.e.2424\")>, <selenium.webdriver.remote.webelement.WebElement (session=\"ce979d5b975fb6f9c022e1bf69b2705f\", element=\"f.51CB940C7664743B33FD1DABE3B6B14E.d.0C1B10500B57FBA30FBBB58A20F91305.e.2426\")>, <selenium.webdriver.remote.webelement.WebElement (session=\"ce979d5b975fb6f9c022e1bf69b2705f\", element=\"f.51CB940C7664743B33FD1DABE3B6B14E.d.0C1B10500B57FBA30FBBB58A20F91305.e.2428\")>]", "pathname": "d:\\test-rpa\\pages\\main.py", "lineno": 42, "funcName": "execute"}
{"timestamp": "2024-12-25 20:14:35,566", "name": "Logger", "level": "INFO", "message": "===================================테스트 케이스 실행 완료: TestCase03===================================", "pathname": "d:\\test-rpa\\executor.py", "lineno": 43, "funcName": "run_tests"}
{"timestamp": "2024-12-25 20:15:29,329", "name": "Logger", "level": "INFO", "message": "===================================테스트 케이스 실행 시작: TestCase03===================================", "pathname": "d:\\test-rpa\\executor.py", "lineno": 41, "funcName": "run_tests"}
{"timestamp": "2024-12-25 20:15:29,329", "name": "Logger", "level": "ERROR", "message": "기기 추천 영역 테스트 실패: <selenium.webdriver.chrome.webdriver.WebDriver (session=\"503cb124dc6db392c7d021f27dc84f3d\")>", "pathname": "d:\\test-rpa\\utils\\exception_handler.py", "lineno": 8, "funcName": "exception_handler"}
{"timestamp": "2024-12-25 20:15:29,330", "name": "Logger", "level": "ERROR", "message": "Traceback (most recent call last):\n  File \"d:\\test-rpa\\pages\\main.py\", line 38, in execute\n    device_section = find_element(self.driver, self.create_locator(self.driver, device_locator), f\"기기 추천 영역\")\n                                               ~~~~~~~~~~~~~~~~~~~^^^^^^^^^^^^^^^^^^^^^^^^^^^^^\n  File \"d:\\test-rpa\\pages\\main.py\", line 33, in create_locator\n    return (By.CSS_SELECTOR, f\"{self.locators[main_locator]}{sub_locator}\")\n                                ~~~~~~~~~~~~~^^^^^^^^^^^^^^\nKeyError: <selenium.webdriver.chrome.webdriver.WebDriver (session=\"503cb124dc6db392c7d021f27dc84f3d\")>\n", "pathname": "d:\\test-rpa\\utils\\exception_handler.py", "lineno": 9, "funcName": "exception_handler"}
{"timestamp": "2024-12-25 20:15:29,331", "name": "Logger", "level": "ERROR", "message": "예상치 못한 예외 발생: KeyError", "pathname": "d:\\test-rpa\\utils\\exception_handler.py", "lineno": 17, "funcName": "exception_handler"}
{"timestamp": "2024-12-25 20:15:29,475", "name": "Logger", "level": "INFO", "message": "스크린샷 저장 완료: d:\\test-rpa\\screenshots\\TestCase03_기기추천영역테스트실패_20241225201529.png", "pathname": "d:\\test-rpa\\utils\\screenshot.py", "lineno": 28, "funcName": "capture_error"}
{"timestamp": "2024-12-25 20:15:29,476", "name": "Logger", "level": "ERROR", "message": "===================================테스트 케이스 실행 실패: TestCase03 - <selenium.webdriver.chrome.webdriver.WebDriver (session=\"503cb124dc6db392c7d021f27dc84f3d\")>===================================", "pathname": "d:\\test-rpa\\executor.py", "lineno": 46, "funcName": "run_tests"}
{"timestamp": "2024-12-25 20:16:19,591", "name": "Logger", "level": "INFO", "message": "===================================테스트 케이스 실행 시작: TestCase03===================================", "pathname": "d:\\test-rpa\\executor.py", "lineno": 41, "funcName": "run_tests"}
{"timestamp": "2024-12-25 20:16:19,591", "name": "Logger", "level": "ERROR", "message": "기기 추천 영역 테스트 실패: <selenium.webdriver.chrome.webdriver.WebDriver (session=\"0c2a49783ad538c08ff7c9b716383681\")>", "pathname": "d:\\test-rpa\\utils\\exception_handler.py", "lineno": 8, "funcName": "exception_handler"}
{"timestamp": "2024-12-25 20:16:19,593", "name": "Logger", "level": "ERROR", "message": "Traceback (most recent call last):\n  File \"d:\\test-rpa\\pages\\main.py\", line 38, in execute\n    device_section = find_element(self.driver, (self.create_locator(self.driver, device_locator)), f\"기기 추천 영역\")\n                                                ~~~~~~~~~~~~~~~~~~~^^^^^^^^^^^^^^^^^^^^^^^^^^^^^\n  File \"d:\\test-rpa\\pages\\main.py\", line 33, in create_locator\n    return (By.CSS_SELECTOR, f\"{self.locators[main_locator]}{sub_locator}\")\n                                ~~~~~~~~~~~~~^^^^^^^^^^^^^^\nKeyError: <selenium.webdriver.chrome.webdriver.WebDriver (session=\"0c2a49783ad538c08ff7c9b716383681\")>\n", "pathname": "d:\\test-rpa\\utils\\exception_handler.py", "lineno": 9, "funcName": "exception_handler"}
{"timestamp": "2024-12-25 20:16:19,593", "name": "Logger", "level": "ERROR", "message": "예상치 못한 예외 발생: KeyError", "pathname": "d:\\test-rpa\\utils\\exception_handler.py", "lineno": 17, "funcName": "exception_handler"}
{"timestamp": "2024-12-25 20:16:19,715", "name": "Logger", "level": "INFO", "message": "스크린샷 저장 완료: d:\\test-rpa\\screenshots\\TestCase03_기기추천영역테스트실패_20241225201619.png", "pathname": "d:\\test-rpa\\utils\\screenshot.py", "lineno": 28, "funcName": "capture_error"}
{"timestamp": "2024-12-25 20:16:19,716", "name": "Logger", "level": "ERROR", "message": "===================================테스트 케이스 실행 실패: TestCase03 - <selenium.webdriver.chrome.webdriver.WebDriver (session=\"0c2a49783ad538c08ff7c9b716383681\")>===================================", "pathname": "d:\\test-rpa\\executor.py", "lineno": 46, "funcName": "run_tests"}
{"timestamp": "2024-12-25 20:16:44,537", "name": "Logger", "level": "INFO", "message": "===================================테스트 케이스 실행 시작: TestCase03===================================", "pathname": "d:\\test-rpa\\executor.py", "lineno": 41, "funcName": "run_tests"}
{"timestamp": "2024-12-25 20:16:44,537", "name": "Logger", "level": "ERROR", "message": "기기 추천 영역 테스트 실패: 'div.device-section'", "pathname": "d:\\test-rpa\\utils\\exception_handler.py", "lineno": 8, "funcName": "exception_handler"}
{"timestamp": "2024-12-25 20:16:44,538", "name": "Logger", "level": "ERROR", "message": "Traceback (most recent call last):\n  File \"d:\\test-rpa\\pages\\main.py\", line 38, in execute\n    device_section = find_element(self.driver, (self.create_locator(device_locator)), f\"기기 추천 영역\")\n                                                ~~~~~~~~~~~~~~~~~~~^^^^^^^^^^^^^^^^\n  File \"d:\\test-rpa\\pages\\main.py\", line 33, in create_locator\n    return (By.CSS_SELECTOR, f\"{self.locators[main_locator]}{sub_locator}\")\n                                ~~~~~~~~~~~~~^^^^^^^^^^^^^^\nKeyError: 'div.device-section'\n", "pathname": "d:\\test-rpa\\utils\\exception_handler.py", "lineno": 9, "funcName": "exception_handler"}
{"timestamp": "2024-12-25 20:16:44,539", "name": "Logger", "level": "ERROR", "message": "예상치 못한 예외 발생: KeyError", "pathname": "d:\\test-rpa\\utils\\exception_handler.py", "lineno": 17, "funcName": "exception_handler"}
{"timestamp": "2024-12-25 20:16:44,684", "name": "Logger", "level": "INFO", "message": "스크린샷 저장 완료: d:\\test-rpa\\screenshots\\TestCase03_기기추천영역테스트실패_20241225201644.png", "pathname": "d:\\test-rpa\\utils\\screenshot.py", "lineno": 28, "funcName": "capture_error"}
{"timestamp": "2024-12-25 20:16:44,685", "name": "Logger", "level": "ERROR", "message": "===================================테스트 케이스 실행 실패: TestCase03 - 'div.device-section'===================================", "pathname": "d:\\test-rpa\\executor.py", "lineno": 46, "funcName": "run_tests"}
{"timestamp": "2024-12-25 20:17:48,510", "name": "Logger", "level": "INFO", "message": "===================================테스트 케이스 실행 시작: TestCase03===================================", "pathname": "D:\\test-rpa\\executor.py", "lineno": 41, "funcName": "run_tests"}
{"timestamp": "2024-12-25 20:19:12,980", "name": "Logger", "level": "INFO", "message": "===================================테스트 케이스 실행 시작: TestCase03===================================", "pathname": "d:\\test-rpa\\executor.py", "lineno": 41, "funcName": "run_tests"}
{"timestamp": "2024-12-25 20:19:12,992", "name": "Logger", "level": "ERROR", "message": "기기 추천 영역('css selector', '<pages.main.TestCase03 object at 0x0000016BDF258EC0>div.device-section')(을)를 찾지못했습니다.: Message: invalid selector\nfrom javascript error: {\"status\":32,\"value\":\"An invalid or illegal selector was specified\"}\n  (Session info: chrome=131.0.6778.205); For documentation on this error, please visit: https://www.selenium.dev/documentation/webdriver/troubleshooting/errors#invalid-selector-exception\nStacktrace:\n\tGetHandleVerifier [0x00007FF652DCFB05+28789]\n\t(No symbol) [0x00007FF652D386E0]\n\t(No symbol) [0x00007FF652BD592A]\n\t(No symbol) [0x00007FF652BDC48F]\n\t(No symbol) [0x00007FF652BDF13C]\n\t(No symbol) [0x00007FF652BDF20F]\n\t(No symbol) [0x00007FF652C28DBA]\n\t(No symbol) [0x00007FF652C295FC]\n\t(No symbol) [0x00007FF652C728A7]\n\t(No symbol) [0x00007FF652C4F47F]\n\t(No symbol) [0x00007FF652C6F654]\n\t(No symbol) [0x00007FF652C4F1E3]\n\t(No symbol) [0x00007FF652C1A938]\n\t(No symbol) [0x00007FF652C1BAA1]\n\tGetHandleVerifier [0x00007FF65310933D+3410093]\n\tGetHandleVerifier [0x00007FF65311E7DD+3497293]\n\tGetHandleVerifier [0x00007FF653112A73+3448803]\n\tGetHandleVerifier [0x00007FF652E97BBB+848171]\n\t(No symbol) [0x00007FF652D43C3F]\n\t(No symbol) [0x00007FF652D3F6E4]\n\t(No symbol) [0x00007FF652D3F87D]\n\t(No symbol) [0x00007FF652D2ED49]\n\tBaseThreadInitThunk [0x00007FFC121D259D+29]\n\tRtlUserThreadStart [0x00007FFC13EAAF38+40]\n", "pathname": "d:\\test-rpa\\utils\\exception_handler.py", "lineno": 8, "funcName": "exception_handler"}
{"timestamp": "2024-12-25 20:19:12,995", "name": "Logger", "level": "ERROR", "message": "Traceback (most recent call last):\n  File \"d:\\test-rpa\\utils\\custom_utils.py\", line 63, in find_element\n    element = WebDriverWait(driver, EXPLICIT_WAIT).until(\n        EC.presence_of_element_located(locator)\n    )\n  File \"C:\\Users\\kasun\\AppData\\Local\\Programs\\Python\\Python313\\Lib\\site-packages\\selenium\\webdriver\\support\\wait.py\", line 96, in until\n    value = method(self._driver)\n  File \"C:\\Users\\kasun\\AppData\\Local\\Programs\\Python\\Python313\\Lib\\site-packages\\selenium\\webdriver\\support\\expected_conditions.py\", line 84, in _predicate\n    return driver.find_element(*locator)\n           ~~~~~~~~~~~~~~~~~~~^^^^^^^^^^\n  File \"C:\\Users\\kasun\\AppData\\Local\\Programs\\Python\\Python313\\Lib\\site-packages\\selenium\\webdriver\\remote\\webdriver.py\", line 770, in find_element\n    return self.execute(Command.FIND_ELEMENT, {\"using\": by, \"value\": value})[\"value\"]\n           ~~~~~~~~~~~~^^^^^^^^^^^^^^^^^^^^^^^^^^^^^^^^^^^^^^^^^^^^^^^^^^^^^\n  File \"C:\\Users\\kasun\\AppData\\Local\\Programs\\Python\\Python313\\Lib\\site-packages\\selenium\\webdriver\\remote\\webdriver.py\", line 384, in execute\n    self.error_handler.check_response(response)\n    ~~~~~~~~~~~~~~~~~~~~~~~~~~~~~~~~~^^^^^^^^^^\n  File \"C:\\Users\\kasun\\AppData\\Local\\Programs\\Python\\Python313\\Lib\\site-packages\\selenium\\webdriver\\remote\\errorhandler.py\", line 232, in check_response\n    raise exception_class(message, screen, stacktrace)\nselenium.common.exceptions.InvalidSelectorException: Message: invalid selector\nfrom javascript error: {\"status\":32,\"value\":\"An invalid or illegal selector was specified\"}\n  (Session info: chrome=131.0.6778.205); For documentation on this error, please visit: https://www.selenium.dev/documentation/webdriver/troubleshooting/errors#invalid-selector-exception\nStacktrace:\n\tGetHandleVerifier [0x00007FF652DCFB05+28789]\n\t(No symbol) [0x00007FF652D386E0]\n\t(No symbol) [0x00007FF652BD592A]\n\t(No symbol) [0x00007FF652BDC48F]\n\t(No symbol) [0x00007FF652BDF13C]\n\t(No symbol) [0x00007FF652BDF20F]\n\t(No symbol) [0x00007FF652C28DBA]\n\t(No symbol) [0x00007FF652C295FC]\n\t(No symbol) [0x00007FF652C728A7]\n\t(No symbol) [0x00007FF652C4F47F]\n\t(No symbol) [0x00007FF652C6F654]\n\t(No symbol) [0x00007FF652C4F1E3]\n\t(No symbol) [0x00007FF652C1A938]\n\t(No symbol) [0x00007FF652C1BAA1]\n\tGetHandleVerifier [0x00007FF65310933D+3410093]\n\tGetHandleVerifier [0x00007FF65311E7DD+3497293]\n\tGetHandleVerifier [0x00007FF653112A73+3448803]\n\tGetHandleVerifier [0x00007FF652E97BBB+848171]\n\t(No symbol) [0x00007FF652D43C3F]\n\t(No symbol) [0x00007FF652D3F6E4]\n\t(No symbol) [0x00007FF652D3F87D]\n\t(No symbol) [0x00007FF652D2ED49]\n\tBaseThreadInitThunk [0x00007FFC121D259D+29]\n\tRtlUserThreadStart [0x00007FFC13EAAF38+40]\n\n", "pathname": "d:\\test-rpa\\utils\\exception_handler.py", "lineno": 9, "funcName": "exception_handler"}
{"timestamp": "2024-12-25 20:19:12,997", "name": "Logger", "level": "ERROR", "message": "예상치 못한 예외 발생: InvalidSelectorException", "pathname": "d:\\test-rpa\\utils\\exception_handler.py", "lineno": 17, "funcName": "exception_handler"}
{"timestamp": "2024-12-25 20:19:13,119", "name": "Logger", "level": "INFO", "message": "스크린샷 저장 완료: d:\\test-rpa\\screenshots\\NoneType_기기추천영역('cssselector','<pages.main.TestCase03objectat0x0000016BDF258EC0>div.device-section')(을)를찾지못했습니다._20241225201912.png", "pathname": "d:\\test-rpa\\utils\\screenshot.py", "lineno": 28, "funcName": "capture_error"}
{"timestamp": "2024-12-25 20:19:13,120", "name": "Logger", "level": "ERROR", "message": "기기 추천 영역None로 마우스를 이동하지 못했습니다.: move_to requires a WebElement", "pathname": "d:\\test-rpa\\utils\\exception_handler.py", "lineno": 8, "funcName": "exception_handler"}
{"timestamp": "2024-12-25 20:19:13,121", "name": "Logger", "level": "ERROR", "message": "Traceback (most recent call last):\n  File \"d:\\test-rpa\\utils\\custom_utils.py\", line 91, in move_to_element\n    actions.move_to_element(locator).perform()\n    ~~~~~~~~~~~~~~~~~~~~~~~^^^^^^^^^\n  File \"C:\\Users\\kasun\\AppData\\Local\\Programs\\Python\\Python313\\Lib\\site-packages\\selenium\\webdriver\\common\\action_chains.py\", line 253, in move_to_element\n    self.w3c_actions.pointer_action.move_to(to_element)\n    ~~~~~~~~~~~~~~~~~~~~~~~~~~~~~~~~~~~~~~~^^^^^^^^^^^^\n  File \"C:\\Users\\kasun\\AppData\\Local\\Programs\\Python\\Python313\\Lib\\site-packages\\selenium\\webdriver\\common\\actions\\pointer_actions.py\", line 88, in move_to\n    raise AttributeError(\"move_to requires a WebElement\")\nAttributeError: move_to requires a WebElement\n", "pathname": "d:\\test-rpa\\utils\\exception_handler.py", "lineno": 9, "funcName": "exception_handler"}
{"timestamp": "2024-12-25 20:19:13,122", "name": "Logger", "level": "ERROR", "message": "예상치 못한 예외 발생: AttributeError", "pathname": "d:\\test-rpa\\utils\\exception_handler.py", "lineno": 17, "funcName": "exception_handler"}
{"timestamp": "2024-12-25 20:19:13,243", "name": "Logger", "level": "INFO", "message": "스크린샷 저장 완료: d:\\test-rpa\\screenshots\\NoneType_기기추천영역None로마우스를이동하지못했습니다._20241225201913.png", "pathname": "d:\\test-rpa\\utils\\screenshot.py", "lineno": 28, "funcName": "capture_error"}
{"timestamp": "2024-12-25 20:19:13,243", "name": "Logger", "level": "INFO", "message": "===================================테스트 케이스 실행 완료: TestCase03===================================", "pathname": "d:\\test-rpa\\executor.py", "lineno": 43, "funcName": "run_tests"}
{"timestamp": "2024-12-25 20:19:30,321", "name": "Logger", "level": "INFO", "message": "===================================테스트 케이스 실행 시작: TestCase03===================================", "pathname": "d:\\test-rpa\\executor.py", "lineno": 41, "funcName": "run_tests"}
{"timestamp": "2024-12-25 20:19:30,337", "name": "Logger", "level": "ERROR", "message": "기기 추천 영역('css selector', '<pages.main.TestCase03 object at 0x00000227CF4A8EC0>div.device-section')(을)를 찾지못했습니다.: Message: invalid selector\nfrom javascript error: {\"status\":32,\"value\":\"An invalid or illegal selector was specified\"}\n  (Session info: chrome=131.0.6778.205); For documentation on this error, please visit: https://www.selenium.dev/documentation/webdriver/troubleshooting/errors#invalid-selector-exception\nStacktrace:\n\tGetHandleVerifier [0x00007FF652DCFB05+28789]\n\t(No symbol) [0x00007FF652D386E0]\n\t(No symbol) [0x00007FF652BD592A]\n\t(No symbol) [0x00007FF652BDC48F]\n\t(No symbol) [0x00007FF652BDF13C]\n\t(No symbol) [0x00007FF652BDF20F]\n\t(No symbol) [0x00007FF652C28DBA]\n\t(No symbol) [0x00007FF652C295FC]\n\t(No symbol) [0x00007FF652C728A7]\n\t(No symbol) [0x00007FF652C4F47F]\n\t(No symbol) [0x00007FF652C6F654]\n\t(No symbol) [0x00007FF652C4F1E3]\n\t(No symbol) [0x00007FF652C1A938]\n\t(No symbol) [0x00007FF652C1BAA1]\n\tGetHandleVerifier [0x00007FF65310933D+3410093]\n\tGetHandleVerifier [0x00007FF65311E7DD+3497293]\n\tGetHandleVerifier [0x00007FF653112A73+3448803]\n\tGetHandleVerifier [0x00007FF652E97BBB+848171]\n\t(No symbol) [0x00007FF652D43C3F]\n\t(No symbol) [0x00007FF652D3F6E4]\n\t(No symbol) [0x00007FF652D3F87D]\n\t(No symbol) [0x00007FF652D2ED49]\n\tBaseThreadInitThunk [0x00007FFC121D259D+29]\n\tRtlUserThreadStart [0x00007FFC13EAAF38+40]\n", "pathname": "d:\\test-rpa\\utils\\exception_handler.py", "lineno": 8, "funcName": "exception_handler"}
{"timestamp": "2024-12-25 20:19:30,340", "name": "Logger", "level": "ERROR", "message": "Traceback (most recent call last):\n  File \"d:\\test-rpa\\utils\\custom_utils.py\", line 63, in find_element\n    element = WebDriverWait(driver, EXPLICIT_WAIT).until(\n        EC.presence_of_element_located(locator)\n    )\n  File \"C:\\Users\\kasun\\AppData\\Local\\Programs\\Python\\Python313\\Lib\\site-packages\\selenium\\webdriver\\support\\wait.py\", line 96, in until\n    value = method(self._driver)\n  File \"C:\\Users\\kasun\\AppData\\Local\\Programs\\Python\\Python313\\Lib\\site-packages\\selenium\\webdriver\\support\\expected_conditions.py\", line 84, in _predicate\n    return driver.find_element(*locator)\n           ~~~~~~~~~~~~~~~~~~~^^^^^^^^^^\n  File \"C:\\Users\\kasun\\AppData\\Local\\Programs\\Python\\Python313\\Lib\\site-packages\\selenium\\webdriver\\remote\\webdriver.py\", line 770, in find_element\n    return self.execute(Command.FIND_ELEMENT, {\"using\": by, \"value\": value})[\"value\"]\n           ~~~~~~~~~~~~^^^^^^^^^^^^^^^^^^^^^^^^^^^^^^^^^^^^^^^^^^^^^^^^^^^^^\n  File \"C:\\Users\\kasun\\AppData\\Local\\Programs\\Python\\Python313\\Lib\\site-packages\\selenium\\webdriver\\remote\\webdriver.py\", line 384, in execute\n    self.error_handler.check_response(response)\n    ~~~~~~~~~~~~~~~~~~~~~~~~~~~~~~~~~^^^^^^^^^^\n  File \"C:\\Users\\kasun\\AppData\\Local\\Programs\\Python\\Python313\\Lib\\site-packages\\selenium\\webdriver\\remote\\errorhandler.py\", line 232, in check_response\n    raise exception_class(message, screen, stacktrace)\nselenium.common.exceptions.InvalidSelectorException: Message: invalid selector\nfrom javascript error: {\"status\":32,\"value\":\"An invalid or illegal selector was specified\"}\n  (Session info: chrome=131.0.6778.205); For documentation on this error, please visit: https://www.selenium.dev/documentation/webdriver/troubleshooting/errors#invalid-selector-exception\nStacktrace:\n\tGetHandleVerifier [0x00007FF652DCFB05+28789]\n\t(No symbol) [0x00007FF652D386E0]\n\t(No symbol) [0x00007FF652BD592A]\n\t(No symbol) [0x00007FF652BDC48F]\n\t(No symbol) [0x00007FF652BDF13C]\n\t(No symbol) [0x00007FF652BDF20F]\n\t(No symbol) [0x00007FF652C28DBA]\n\t(No symbol) [0x00007FF652C295FC]\n\t(No symbol) [0x00007FF652C728A7]\n\t(No symbol) [0x00007FF652C4F47F]\n\t(No symbol) [0x00007FF652C6F654]\n\t(No symbol) [0x00007FF652C4F1E3]\n\t(No symbol) [0x00007FF652C1A938]\n\t(No symbol) [0x00007FF652C1BAA1]\n\tGetHandleVerifier [0x00007FF65310933D+3410093]\n\tGetHandleVerifier [0x00007FF65311E7DD+3497293]\n\tGetHandleVerifier [0x00007FF653112A73+3448803]\n\tGetHandleVerifier [0x00007FF652E97BBB+848171]\n\t(No symbol) [0x00007FF652D43C3F]\n\t(No symbol) [0x00007FF652D3F6E4]\n\t(No symbol) [0x00007FF652D3F87D]\n\t(No symbol) [0x00007FF652D2ED49]\n\tBaseThreadInitThunk [0x00007FFC121D259D+29]\n\tRtlUserThreadStart [0x00007FFC13EAAF38+40]\n\n", "pathname": "d:\\test-rpa\\utils\\exception_handler.py", "lineno": 9, "funcName": "exception_handler"}
{"timestamp": "2024-12-25 20:19:30,342", "name": "Logger", "level": "ERROR", "message": "예상치 못한 예외 발생: InvalidSelectorException", "pathname": "d:\\test-rpa\\utils\\exception_handler.py", "lineno": 17, "funcName": "exception_handler"}
{"timestamp": "2024-12-25 20:19:30,469", "name": "Logger", "level": "INFO", "message": "스크린샷 저장 완료: d:\\test-rpa\\screenshots\\NoneType_기기추천영역('cssselector','<pages.main.TestCase03objectat0x00000227CF4A8EC0>div.device-section')(을)를찾지못했습니다._20241225201930.png", "pathname": "d:\\test-rpa\\utils\\screenshot.py", "lineno": 28, "funcName": "capture_error"}
{"timestamp": "2024-12-25 20:19:30,469", "name": "Logger", "level": "ERROR", "message": "기기 추천 영역None로 마우스를 이동하지 못했습니다.: move_to requires a WebElement", "pathname": "d:\\test-rpa\\utils\\exception_handler.py", "lineno": 8, "funcName": "exception_handler"}
{"timestamp": "2024-12-25 20:19:30,470", "name": "Logger", "level": "ERROR", "message": "Traceback (most recent call last):\n  File \"d:\\test-rpa\\utils\\custom_utils.py\", line 91, in move_to_element\n    actions.move_to_element(locator).perform()\n    ~~~~~~~~~~~~~~~~~~~~~~~^^^^^^^^^\n  File \"C:\\Users\\kasun\\AppData\\Local\\Programs\\Python\\Python313\\Lib\\site-packages\\selenium\\webdriver\\common\\action_chains.py\", line 253, in move_to_element\n    self.w3c_actions.pointer_action.move_to(to_element)\n    ~~~~~~~~~~~~~~~~~~~~~~~~~~~~~~~~~~~~~~~^^^^^^^^^^^^\n  File \"C:\\Users\\kasun\\AppData\\Local\\Programs\\Python\\Python313\\Lib\\site-packages\\selenium\\webdriver\\common\\actions\\pointer_actions.py\", line 88, in move_to\n    raise AttributeError(\"move_to requires a WebElement\")\nAttributeError: move_to requires a WebElement\n", "pathname": "d:\\test-rpa\\utils\\exception_handler.py", "lineno": 9, "funcName": "exception_handler"}
{"timestamp": "2024-12-25 20:19:30,471", "name": "Logger", "level": "ERROR", "message": "예상치 못한 예외 발생: AttributeError", "pathname": "d:\\test-rpa\\utils\\exception_handler.py", "lineno": 17, "funcName": "exception_handler"}
{"timestamp": "2024-12-25 20:19:30,582", "name": "Logger", "level": "INFO", "message": "스크린샷 저장 완료: d:\\test-rpa\\screenshots\\NoneType_기기추천영역None로마우스를이동하지못했습니다._20241225201930.png", "pathname": "d:\\test-rpa\\utils\\screenshot.py", "lineno": 28, "funcName": "capture_error"}
{"timestamp": "2024-12-25 20:19:30,582", "name": "Logger", "level": "INFO", "message": "===================================테스트 케이스 실행 완료: TestCase03===================================", "pathname": "d:\\test-rpa\\executor.py", "lineno": 43, "funcName": "run_tests"}
{"timestamp": "2024-12-25 20:19:53,983", "name": "Logger", "level": "INFO", "message": "===================================테스트 케이스 실행 시작: TestCase03===================================", "pathname": "D:\\test-rpa\\executor.py", "lineno": 41, "funcName": "run_tests"}
{"timestamp": "2024-12-25 20:20:28,922", "name": "Logger", "level": "INFO", "message": "===================================테스트 케이스 실행 시작: TestCase03===================================", "pathname": "D:\\test-rpa\\executor.py", "lineno": 41, "funcName": "run_tests"}
{"timestamp": "2024-12-25 20:20:34,988", "name": "Logger", "level": "INFO", "message": "기기 추천 영역('css selector', 'div.device-section')(을)를 찾았습니다.", "pathname": "D:\\test-rpa\\utils\\custom_utils.py", "lineno": 66, "funcName": "find_element"}
{"timestamp": "2024-12-25 20:20:36,273", "name": "Logger", "level": "INFO", "message": "기기 추천 영역<selenium.webdriver.remote.webelement.WebElement (session=\"b2ccac700a3a43df2e77cd182c5d0113\", element=\"f.E6D68085E545884CB42492C717FAB198.d.196C5CEE951BAAD596A8A7CF31342CA7.e.2604\")>로 마우스를 이동했습니다.", "pathname": "D:\\test-rpa\\utils\\custom_utils.py", "lineno": 92, "funcName": "move_to_element"}
{"timestamp": "2024-12-25 20:20:36,273", "name": "Logger", "level": "INFO", "message": "===================================테스트 케이스 실행 완료: TestCase03===================================", "pathname": "D:\\test-rpa\\executor.py", "lineno": 43, "funcName": "run_tests"}
{"timestamp": "2024-12-25 20:22:05,810", "name": "Logger", "level": "INFO", "message": "===================================테스트 케이스 실행 시작: TestCase03===================================", "pathname": "D:\\test-rpa\\executor.py", "lineno": 41, "funcName": "run_tests"}
{"timestamp": "2024-12-25 20:22:05,812", "name": "Logger", "level": "ERROR", "message": "기기 추천 영역 테스트 실패: TestCase03.create_locator() missing 1 required positional argument: 'main_locator'", "pathname": "D:\\test-rpa\\utils\\exception_handler.py", "lineno": 8, "funcName": "exception_handler"}
{"timestamp": "2024-12-25 20:22:05,815", "name": "Logger", "level": "ERROR", "message": "Traceback (most recent call last):\n  File \"D:\\test-rpa\\pages\\main.py\", line 38, in execute\n    device_section = find_element(self.driver, (self.create_locator('device_section')), f\"기기 추천 영역\")\n                                                ~~~~~~~~~~~~~~~~~~~^^^^^^^^^^^^^^^^^^\nTypeError: TestCase03.create_locator() missing 1 required positional argument: 'main_locator'\n", "pathname": "D:\\test-rpa\\utils\\exception_handler.py", "lineno": 9, "funcName": "exception_handler"}
{"timestamp": "2024-12-25 20:22:05,816", "name": "Logger", "level": "ERROR", "message": "예상치 못한 예외 발생: TypeError", "pathname": "D:\\test-rpa\\utils\\exception_handler.py", "lineno": 17, "funcName": "exception_handler"}
{"timestamp": "2024-12-25 20:22:05,970", "name": "Logger", "level": "INFO", "message": "스크린샷 저장 완료: D:\\test-rpa\\screenshots\\TestCase03_기기추천영역테스트실패_20241225202205.png", "pathname": "D:\\test-rpa\\utils\\screenshot.py", "lineno": 28, "funcName": "capture_error"}
{"timestamp": "2024-12-25 20:22:05,970", "name": "Logger", "level": "ERROR", "message": "===================================테스트 케이스 실행 실패: TestCase03 - TestCase03.create_locator() missing 1 required positional argument: 'main_locator'===================================", "pathname": "D:\\test-rpa\\executor.py", "lineno": 46, "funcName": "run_tests"}
{"timestamp": "2024-12-25 20:22:38,012", "name": "Logger", "level": "INFO", "message": "===================================테스트 케이스 실행 시작: TestCase03===================================", "pathname": "d:\\test-rpa\\executor.py", "lineno": 41, "funcName": "run_tests"}
{"timestamp": "2024-12-25 20:22:38,022", "name": "Logger", "level": "INFO", "message": "기기 추천 영역('css selector', 'div.device-section')(을)를 찾았습니다.", "pathname": "d:\\test-rpa\\utils\\custom_utils.py", "lineno": 66, "funcName": "find_element"}
{"timestamp": "2024-12-25 20:22:39,313", "name": "Logger", "level": "INFO", "message": "기기 추천 영역<selenium.webdriver.remote.webelement.WebElement (session=\"7684ebeadfd1447cca55dc6a57729f1f\", element=\"f.C256E337A77AE7A92F9379106FA60631.d.F0A237C6A798C236F60CE37CD4B8C5A8.e.2473\")>로 마우스를 이동했습니다.", "pathname": "d:\\test-rpa\\utils\\custom_utils.py", "lineno": 92, "funcName": "move_to_element"}
{"timestamp": "2024-12-25 20:22:39,313", "name": "Logger", "level": "INFO", "message": "===================================테스트 케이스 실행 완료: TestCase03===================================", "pathname": "d:\\test-rpa\\executor.py", "lineno": 43, "funcName": "run_tests"}
{"timestamp": "2024-12-25 20:23:47,975", "name": "Logger", "level": "INFO", "message": "===================================테스트 케이스 실행 시작: TestCase03===================================", "pathname": "d:\\test-rpa\\executor.py", "lineno": 41, "funcName": "run_tests"}
{"timestamp": "2024-12-25 20:23:47,984", "name": "Logger", "level": "INFO", "message": "기기 추천 영역('css selector', 'div.device-section')(을)를 찾았습니다.", "pathname": "d:\\test-rpa\\utils\\custom_utils.py", "lineno": 66, "funcName": "find_element"}
{"timestamp": "2024-12-25 20:23:49,252", "name": "Logger", "level": "INFO", "message": "기기 추천 영역<selenium.webdriver.remote.webelement.WebElement (session=\"067c92c4f79f6c3daae3e2c7b7e236bd\", element=\"f.CB6272CF68A8363790E4CB0C16014CB1.d.2EDD9CA83136A3A3E1F8C89D45AB20CA.e.2623\")>로 마우스를 이동했습니다.", "pathname": "d:\\test-rpa\\utils\\custom_utils.py", "lineno": 92, "funcName": "move_to_element"}
{"timestamp": "2024-12-25 20:23:49,263", "name": "Logger", "level": "ERROR", "message": "기기 추천 탭('css selector', \"('css selector', 'div.device-section') .tab-wrap ul li\")들을 찾지못했습니다.: Message: invalid selector\nfrom javascript error: {\"status\":32,\"value\":\"An invalid or illegal selector was specified\"}\n  (Session info: chrome=131.0.6778.205); For documentation on this error, please visit: https://www.selenium.dev/documentation/webdriver/troubleshooting/errors#invalid-selector-exception\nStacktrace:\n\tGetHandleVerifier [0x00007FF652DCFB05+28789]\n\t(No symbol) [0x00007FF652D386E0]\n\t(No symbol) [0x00007FF652BD592A]\n\t(No symbol) [0x00007FF652BDC48F]\n\t(No symbol) [0x00007FF652BDF13C]\n\t(No symbol) [0x00007FF652BDF20F]\n\t(No symbol) [0x00007FF652C28DBA]\n\t(No symbol) [0x00007FF652C295FC]\n\t(No symbol) [0x00007FF652C728D7]\n\t(No symbol) [0x00007FF652C4F47F]\n\t(No symbol) [0x00007FF652C6F654]\n\t(No symbol) [0x00007FF652C4F1E3]\n\t(No symbol) [0x00007FF652C1A938]\n\t(No symbol) [0x00007FF652C1BAA1]\n\tGetHandleVerifier [0x00007FF65310933D+3410093]\n\tGetHandleVerifier [0x00007FF65311E7DD+3497293]\n\tGetHandleVerifier [0x00007FF653112A73+3448803]\n\tGetHandleVerifier [0x00007FF652E97BBB+848171]\n\t(No symbol) [0x00007FF652D43C3F]\n\t(No symbol) [0x00007FF652D3F6E4]\n\t(No symbol) [0x00007FF652D3F87D]\n\t(No symbol) [0x00007FF652D2ED49]\n\tBaseThreadInitThunk [0x00007FFC121D259D+29]\n\tRtlUserThreadStart [0x00007FFC13EAAF38+40]\n", "pathname": "d:\\test-rpa\\utils\\exception_handler.py", "lineno": 8, "funcName": "exception_handler"}
{"timestamp": "2024-12-25 20:23:49,266", "name": "Logger", "level": "ERROR", "message": "Traceback (most recent call last):\n  File \"d:\\test-rpa\\utils\\custom_utils.py\", line 76, in find_elements\n    elements = WebDriverWait(driver, EXPLICIT_WAIT).until(\n        EC.presence_of_all_elements_located(locator)\n    )\n  File \"C:\\Users\\kasun\\AppData\\Local\\Programs\\Python\\Python313\\Lib\\site-packages\\selenium\\webdriver\\support\\wait.py\", line 96, in until\n    value = method(self._driver)\n  File \"C:\\Users\\kasun\\AppData\\Local\\Programs\\Python\\Python313\\Lib\\site-packages\\selenium\\webdriver\\support\\expected_conditions.py\", line 191, in _predicate\n    return driver.find_elements(*locator)\n           ~~~~~~~~~~~~~~~~~~~~^^^^^^^^^^\n  File \"C:\\Users\\kasun\\AppData\\Local\\Programs\\Python\\Python313\\Lib\\site-packages\\selenium\\webdriver\\remote\\webdriver.py\", line 792, in find_elements\n    return self.execute(Command.FIND_ELEMENTS, {\"using\": by, \"value\": value})[\"value\"] or []\n           ~~~~~~~~~~~~^^^^^^^^^^^^^^^^^^^^^^^^^^^^^^^^^^^^^^^^^^^^^^^^^^^^^^\n  File \"C:\\Users\\kasun\\AppData\\Local\\Programs\\Python\\Python313\\Lib\\site-packages\\selenium\\webdriver\\remote\\webdriver.py\", line 384, in execute\n    self.error_handler.check_response(response)\n    ~~~~~~~~~~~~~~~~~~~~~~~~~~~~~~~~~^^^^^^^^^^\n  File \"C:\\Users\\kasun\\AppData\\Local\\Programs\\Python\\Python313\\Lib\\site-packages\\selenium\\webdriver\\remote\\errorhandler.py\", line 232, in check_response\n    raise exception_class(message, screen, stacktrace)\nselenium.common.exceptions.InvalidSelectorException: Message: invalid selector\nfrom javascript error: {\"status\":32,\"value\":\"An invalid or illegal selector was specified\"}\n  (Session info: chrome=131.0.6778.205); For documentation on this error, please visit: https://www.selenium.dev/documentation/webdriver/troubleshooting/errors#invalid-selector-exception\nStacktrace:\n\tGetHandleVerifier [0x00007FF652DCFB05+28789]\n\t(No symbol) [0x00007FF652D386E0]\n\t(No symbol) [0x00007FF652BD592A]\n\t(No symbol) [0x00007FF652BDC48F]\n\t(No symbol) [0x00007FF652BDF13C]\n\t(No symbol) [0x00007FF652BDF20F]\n\t(No symbol) [0x00007FF652C28DBA]\n\t(No symbol) [0x00007FF652C295FC]\n\t(No symbol) [0x00007FF652C728D7]\n\t(No symbol) [0x00007FF652C4F47F]\n\t(No symbol) [0x00007FF652C6F654]\n\t(No symbol) [0x00007FF652C4F1E3]\n\t(No symbol) [0x00007FF652C1A938]\n\t(No symbol) [0x00007FF652C1BAA1]\n\tGetHandleVerifier [0x00007FF65310933D+3410093]\n\tGetHandleVerifier [0x00007FF65311E7DD+3497293]\n\tGetHandleVerifier [0x00007FF653112A73+3448803]\n\tGetHandleVerifier [0x00007FF652E97BBB+848171]\n\t(No symbol) [0x00007FF652D43C3F]\n\t(No symbol) [0x00007FF652D3F6E4]\n\t(No symbol) [0x00007FF652D3F87D]\n\t(No symbol) [0x00007FF652D2ED49]\n\tBaseThreadInitThunk [0x00007FFC121D259D+29]\n\tRtlUserThreadStart [0x00007FFC13EAAF38+40]\n\n", "pathname": "d:\\test-rpa\\utils\\exception_handler.py", "lineno": 9, "funcName": "exception_handler"}
{"timestamp": "2024-12-25 20:23:49,268", "name": "Logger", "level": "ERROR", "message": "예상치 못한 예외 발생: InvalidSelectorException", "pathname": "d:\\test-rpa\\utils\\exception_handler.py", "lineno": 17, "funcName": "exception_handler"}
{"timestamp": "2024-12-25 20:23:49,368", "name": "Logger", "level": "INFO", "message": "스크린샷 저장 완료: d:\\test-rpa\\screenshots\\NoneType_기기추천탭('cssselector',\"('cssselector','div.device-section').tab-wrapulli\")들을찾지못했습니다._20241225202349.png", "pathname": "d:\\test-rpa\\utils\\screenshot.py", "lineno": 28, "funcName": "capture_error"}
{"timestamp": "2024-12-25 20:23:49,368", "name": "Logger", "level": "INFO", "message": "기기 추천 탭: []", "pathname": "d:\\test-rpa\\pages\\main.py", "lineno": 42, "funcName": "execute"}
{"timestamp": "2024-12-25 20:23:49,369", "name": "Logger", "level": "INFO", "message": "===================================테스트 케이스 실행 완료: TestCase03===================================", "pathname": "d:\\test-rpa\\executor.py", "lineno": 43, "funcName": "run_tests"}
{"timestamp": "2024-12-25 20:24:20,946", "name": "Logger", "level": "INFO", "message": "===================================테스트 케이스 실행 시작: TestCase03===================================", "pathname": "d:\\test-rpa\\executor.py", "lineno": 41, "funcName": "run_tests"}
{"timestamp": "2024-12-25 20:24:20,964", "name": "Logger", "level": "INFO", "message": "기기 추천 영역('css selector', 'div.device-section')(을)를 찾았습니다.", "pathname": "d:\\test-rpa\\utils\\custom_utils.py", "lineno": 66, "funcName": "find_element"}
{"timestamp": "2024-12-25 20:24:22,248", "name": "Logger", "level": "INFO", "message": "기기 추천 영역<selenium.webdriver.remote.webelement.WebElement (session=\"af55aebcf51222def808dddfdc96335f\", element=\"f.4C71AAEC6F62088F85902CC642821CB0.d.959C6CBE31F66EF9F6E331E30A95B09D.e.2328\")>로 마우스를 이동했습니다.", "pathname": "d:\\test-rpa\\utils\\custom_utils.py", "lineno": 92, "funcName": "move_to_element"}
{"timestamp": "2024-12-25 20:24:22,249", "name": "Logger", "level": "ERROR", "message": "기기 추천 탭('css selector', 'div.device-section') .tab-wrap ul li들을 찾지못했습니다.: WebDriver.find_elements() takes from 1 to 3 positional arguments but 55 were given", "pathname": "d:\\test-rpa\\utils\\exception_handler.py", "lineno": 8, "funcName": "exception_handler"}
{"timestamp": "2024-12-25 20:24:22,250", "name": "Logger", "level": "ERROR", "message": "Traceback (most recent call last):\n  File \"d:\\test-rpa\\utils\\custom_utils.py\", line 76, in find_elements\n    elements = WebDriverWait(driver, EXPLICIT_WAIT).until(\n        EC.presence_of_all_elements_located(locator)\n    )\n  File \"C:\\Users\\kasun\\AppData\\Local\\Programs\\Python\\Python313\\Lib\\site-packages\\selenium\\webdriver\\support\\wait.py\", line 96, in until\n    value = method(self._driver)\n  File \"C:\\Users\\kasun\\AppData\\Local\\Programs\\Python\\Python313\\Lib\\site-packages\\selenium\\webdriver\\support\\expected_conditions.py\", line 191, in _predicate\n    return driver.find_elements(*locator)\n           ~~~~~~~~~~~~~~~~~~~~^^^^^^^^^^\nTypeError: WebDriver.find_elements() takes from 1 to 3 positional arguments but 55 were given\n", "pathname": "d:\\test-rpa\\utils\\exception_handler.py", "lineno": 9, "funcName": "exception_handler"}
{"timestamp": "2024-12-25 20:24:22,251", "name": "Logger", "level": "ERROR", "message": "예상치 못한 예외 발생: TypeError", "pathname": "d:\\test-rpa\\utils\\exception_handler.py", "lineno": 17, "funcName": "exception_handler"}
{"timestamp": "2024-12-25 20:24:22,342", "name": "Logger", "level": "INFO", "message": "스크린샷 저장 완료: d:\\test-rpa\\screenshots\\NoneType_기기추천탭('cssselector','div.device-section').tab-wrapulli들을찾지못했습니다._20241225202422.png", "pathname": "d:\\test-rpa\\utils\\screenshot.py", "lineno": 28, "funcName": "capture_error"}
{"timestamp": "2024-12-25 20:24:22,343", "name": "Logger", "level": "INFO", "message": "기기 추천 탭: []", "pathname": "d:\\test-rpa\\pages\\main.py", "lineno": 42, "funcName": "execute"}
{"timestamp": "2024-12-25 20:24:22,343", "name": "Logger", "level": "INFO", "message": "===================================테스트 케이스 실행 완료: TestCase03===================================", "pathname": "d:\\test-rpa\\executor.py", "lineno": 43, "funcName": "run_tests"}
{"timestamp": "2024-12-25 20:25:24,467", "name": "Logger", "level": "INFO", "message": "===================================테스트 케이스 실행 시작: TestCase03===================================", "pathname": "d:\\test-rpa\\executor.py", "lineno": 41, "funcName": "run_tests"}
{"timestamp": "2024-12-25 20:25:24,482", "name": "Logger", "level": "INFO", "message": "기기 추천 영역('css selector', 'div.device-section')(을)를 찾았습니다.", "pathname": "d:\\test-rpa\\utils\\custom_utils.py", "lineno": 66, "funcName": "find_element"}
{"timestamp": "2024-12-25 20:25:25,769", "name": "Logger", "level": "INFO", "message": "기기 추천 영역<selenium.webdriver.remote.webelement.WebElement (session=\"a2ce370e46d114ae1aaa18f270982916\", element=\"f.8FB972DAFD677134D631EEBFCC814464.d.4D7B79B9614B40DCEEE82654254683C3.e.2592\")>로 마우스를 이동했습니다.", "pathname": "d:\\test-rpa\\utils\\custom_utils.py", "lineno": 92, "funcName": "move_to_element"}
{"timestamp": "2024-12-25 20:25:25,770", "name": "Logger", "level": "ERROR", "message": "기기 추천 탭('css selector', 'div.device-section') .tab-wrap ul li들을 찾지못했습니다.: WebDriver.find_elements() takes from 1 to 3 positional arguments but 55 were given", "pathname": "d:\\test-rpa\\utils\\exception_handler.py", "lineno": 8, "funcName": "exception_handler"}
{"timestamp": "2024-12-25 20:25:25,771", "name": "Logger", "level": "ERROR", "message": "Traceback (most recent call last):\n  File \"d:\\test-rpa\\utils\\custom_utils.py\", line 76, in find_elements\n    elements = WebDriverWait(driver, EXPLICIT_WAIT).until(\n        EC.presence_of_all_elements_located(locator)\n    )\n  File \"C:\\Users\\kasun\\AppData\\Local\\Programs\\Python\\Python313\\Lib\\site-packages\\selenium\\webdriver\\support\\wait.py\", line 96, in until\n    value = method(self._driver)\n  File \"C:\\Users\\kasun\\AppData\\Local\\Programs\\Python\\Python313\\Lib\\site-packages\\selenium\\webdriver\\support\\expected_conditions.py\", line 191, in _predicate\n    return driver.find_elements(*locator)\n           ~~~~~~~~~~~~~~~~~~~~^^^^^^^^^^\nTypeError: WebDriver.find_elements() takes from 1 to 3 positional arguments but 55 were given\n", "pathname": "d:\\test-rpa\\utils\\exception_handler.py", "lineno": 9, "funcName": "exception_handler"}
{"timestamp": "2024-12-25 20:25:25,772", "name": "Logger", "level": "ERROR", "message": "예상치 못한 예외 발생: TypeError", "pathname": "d:\\test-rpa\\utils\\exception_handler.py", "lineno": 17, "funcName": "exception_handler"}
{"timestamp": "2024-12-25 20:25:25,866", "name": "Logger", "level": "INFO", "message": "스크린샷 저장 완료: d:\\test-rpa\\screenshots\\NoneType_기기추천탭('cssselector','div.device-section').tab-wrapulli들을찾지못했습니다._20241225202525.png", "pathname": "d:\\test-rpa\\utils\\screenshot.py", "lineno": 28, "funcName": "capture_error"}
{"timestamp": "2024-12-25 20:25:25,867", "name": "Logger", "level": "INFO", "message": "기기 추천 탭: []", "pathname": "d:\\test-rpa\\pages\\main.py", "lineno": 42, "funcName": "execute"}
{"timestamp": "2024-12-25 20:25:25,867", "name": "Logger", "level": "INFO", "message": "===================================테스트 케이스 실행 완료: TestCase03===================================", "pathname": "d:\\test-rpa\\executor.py", "lineno": 43, "funcName": "run_tests"}
{"timestamp": "2024-12-25 20:26:22,945", "name": "Logger", "level": "INFO", "message": "===================================테스트 케이스 실행 시작: TestCase03===================================", "pathname": "d:\\test-rpa\\executor.py", "lineno": 41, "funcName": "run_tests"}
{"timestamp": "2024-12-25 20:26:22,959", "name": "Logger", "level": "INFO", "message": "기기 추천 영역('css selector', 'div.device-section')(을)를 찾았습니다.", "pathname": "d:\\test-rpa\\utils\\custom_utils.py", "lineno": 66, "funcName": "find_element"}
{"timestamp": "2024-12-25 20:26:24,263", "name": "Logger", "level": "INFO", "message": "기기 추천 영역<selenium.webdriver.remote.webelement.WebElement (session=\"dd23eb17391fad2a1a9b1d71d4d00356\", element=\"f.19D8D07DCA6A7C0A5C63D01590C3DA1D.d.AC558CF60AB358ACCD90D2351FD52595.e.2314\")>로 마우스를 이동했습니다.", "pathname": "d:\\test-rpa\\utils\\custom_utils.py", "lineno": 92, "funcName": "move_to_element"}
{"timestamp": "2024-12-25 20:26:24,263", "name": "Logger", "level": "ERROR", "message": "기기 추천 영역 테스트 실패: can only concatenate tuple (not \"str\") to tuple", "pathname": "d:\\test-rpa\\utils\\exception_handler.py", "lineno": 8, "funcName": "exception_handler"}
{"timestamp": "2024-12-25 20:26:24,264", "name": "Logger", "level": "ERROR", "message": "Traceback (most recent call last):\n  File \"d:\\test-rpa\\pages\\main.py\", line 41, in execute\n    device_tabs = find_elements(self.driver, (self.create_locator('device_section') +\" .tab-wrap ul li\"), f\"기기 추천 탭\")\n                                              ~~~~~~~~~~~~~~~~~~~~~~~~~~~~~~~~~~~~~~^~~~~~~~~~~~~~~~~~~\nTypeError: can only concatenate tuple (not \"str\") to tuple\n", "pathname": "d:\\test-rpa\\utils\\exception_handler.py", "lineno": 9, "funcName": "exception_handler"}
{"timestamp": "2024-12-25 20:26:24,264", "name": "Logger", "level": "ERROR", "message": "예상치 못한 예외 발생: TypeError", "pathname": "d:\\test-rpa\\utils\\exception_handler.py", "lineno": 17, "funcName": "exception_handler"}
{"timestamp": "2024-12-25 20:26:24,362", "name": "Logger", "level": "INFO", "message": "스크린샷 저장 완료: d:\\test-rpa\\screenshots\\TestCase03_기기추천영역테스트실패_20241225202624.png", "pathname": "d:\\test-rpa\\utils\\screenshot.py", "lineno": 28, "funcName": "capture_error"}
{"timestamp": "2024-12-25 20:26:24,362", "name": "Logger", "level": "ERROR", "message": "===================================테스트 케이스 실행 실패: TestCase03 - can only concatenate tuple (not \"str\") to tuple===================================", "pathname": "d:\\test-rpa\\executor.py", "lineno": 46, "funcName": "run_tests"}
{"timestamp": "2024-12-25 20:26:47,931", "name": "Logger", "level": "INFO", "message": "===================================테스트 케이스 실행 시작: TestCase03===================================", "pathname": "d:\\test-rpa\\executor.py", "lineno": 41, "funcName": "run_tests"}
{"timestamp": "2024-12-25 20:26:47,952", "name": "Logger", "level": "INFO", "message": "기기 추천 영역('css selector', 'div.device-section')(을)를 찾았습니다.", "pathname": "d:\\test-rpa\\utils\\custom_utils.py", "lineno": 66, "funcName": "find_element"}
{"timestamp": "2024-12-25 20:26:49,243", "name": "Logger", "level": "INFO", "message": "기기 추천 영역<selenium.webdriver.remote.webelement.WebElement (session=\"017b22edc93f32ec55d80d014891597d\", element=\"f.5A1B8D03D0EA0B8D9DE88C4D2A65B859.d.487E18A263D0ED3DFD62680022A420CA.e.2464\")>로 마우스를 이동했습니다.", "pathname": "d:\\test-rpa\\utils\\custom_utils.py", "lineno": 92, "funcName": "move_to_element"}
{"timestamp": "2024-12-25 20:26:49,245", "name": "Logger", "level": "ERROR", "message": "기기 추천 탭(('css selector', 'div.device-section'), ' .tab-wrap ul li')들을 찾지못했습니다.: Message: invalid argument: 'using' must be a string\n  (Session info: chrome=131.0.6778.205)\nStacktrace:\n\tGetHandleVerifier [0x00007FF652DCFB05+28789]\n\t(No symbol) [0x00007FF652D386E0]\n\t(No symbol) [0x00007FF652BD592A]\n\t(No symbol) [0x00007FF652C290C5]\n\t(No symbol) [0x00007FF652C295FC]\n\t(No symbol) [0x00007FF652C728D7]\n\t(No symbol) [0x00007FF652C4F47F]\n\t(No symbol) [0x00007FF652C6F654]\n\t(No symbol) [0x00007FF652C4F1E3]\n\t(No symbol) [0x00007FF652C1A938]\n\t(No symbol) [0x00007FF652C1BAA1]\n\tGetHandleVerifier [0x00007FF65310933D+3410093]\n\tGetHandleVerifier [0x00007FF65311E7DD+3497293]\n\tGetHandleVerifier [0x00007FF653112A73+3448803]\n\tGetHandleVerifier [0x00007FF652E97BBB+848171]\n\t(No symbol) [0x00007FF652D43C3F]\n\t(No symbol) [0x00007FF652D3F6E4]\n\t(No symbol) [0x00007FF652D3F87D]\n\t(No symbol) [0x00007FF652D2ED49]\n\tBaseThreadInitThunk [0x00007FFC121D259D+29]\n\tRtlUserThreadStart [0x00007FFC13EAAF38+40]\n", "pathname": "d:\\test-rpa\\utils\\exception_handler.py", "lineno": 8, "funcName": "exception_handler"}
{"timestamp": "2024-12-25 20:26:49,248", "name": "Logger", "level": "ERROR", "message": "Traceback (most recent call last):\n  File \"d:\\test-rpa\\utils\\custom_utils.py\", line 76, in find_elements\n    elements = WebDriverWait(driver, EXPLICIT_WAIT).until(\n        EC.presence_of_all_elements_located(locator)\n    )\n  File \"C:\\Users\\kasun\\AppData\\Local\\Programs\\Python\\Python313\\Lib\\site-packages\\selenium\\webdriver\\support\\wait.py\", line 96, in until\n    value = method(self._driver)\n  File \"C:\\Users\\kasun\\AppData\\Local\\Programs\\Python\\Python313\\Lib\\site-packages\\selenium\\webdriver\\support\\expected_conditions.py\", line 191, in _predicate\n    return driver.find_elements(*locator)\n           ~~~~~~~~~~~~~~~~~~~~^^^^^^^^^^\n  File \"C:\\Users\\kasun\\AppData\\Local\\Programs\\Python\\Python313\\Lib\\site-packages\\selenium\\webdriver\\remote\\webdriver.py\", line 792, in find_elements\n    return self.execute(Command.FIND_ELEMENTS, {\"using\": by, \"value\": value})[\"value\"] or []\n           ~~~~~~~~~~~~^^^^^^^^^^^^^^^^^^^^^^^^^^^^^^^^^^^^^^^^^^^^^^^^^^^^^^\n  File \"C:\\Users\\kasun\\AppData\\Local\\Programs\\Python\\Python313\\Lib\\site-packages\\selenium\\webdriver\\remote\\webdriver.py\", line 384, in execute\n    self.error_handler.check_response(response)\n    ~~~~~~~~~~~~~~~~~~~~~~~~~~~~~~~~~^^^^^^^^^^\n  File \"C:\\Users\\kasun\\AppData\\Local\\Programs\\Python\\Python313\\Lib\\site-packages\\selenium\\webdriver\\remote\\errorhandler.py\", line 232, in check_response\n    raise exception_class(message, screen, stacktrace)\nselenium.common.exceptions.InvalidArgumentException: Message: invalid argument: 'using' must be a string\n  (Session info: chrome=131.0.6778.205)\nStacktrace:\n\tGetHandleVerifier [0x00007FF652DCFB05+28789]\n\t(No symbol) [0x00007FF652D386E0]\n\t(No symbol) [0x00007FF652BD592A]\n\t(No symbol) [0x00007FF652C290C5]\n\t(No symbol) [0x00007FF652C295FC]\n\t(No symbol) [0x00007FF652C728D7]\n\t(No symbol) [0x00007FF652C4F47F]\n\t(No symbol) [0x00007FF652C6F654]\n\t(No symbol) [0x00007FF652C4F1E3]\n\t(No symbol) [0x00007FF652C1A938]\n\t(No symbol) [0x00007FF652C1BAA1]\n\tGetHandleVerifier [0x00007FF65310933D+3410093]\n\tGetHandleVerifier [0x00007FF65311E7DD+3497293]\n\tGetHandleVerifier [0x00007FF653112A73+3448803]\n\tGetHandleVerifier [0x00007FF652E97BBB+848171]\n\t(No symbol) [0x00007FF652D43C3F]\n\t(No symbol) [0x00007FF652D3F6E4]\n\t(No symbol) [0x00007FF652D3F87D]\n\t(No symbol) [0x00007FF652D2ED49]\n\tBaseThreadInitThunk [0x00007FFC121D259D+29]\n\tRtlUserThreadStart [0x00007FFC13EAAF38+40]\n\n", "pathname": "d:\\test-rpa\\utils\\exception_handler.py", "lineno": 9, "funcName": "exception_handler"}
{"timestamp": "2024-12-25 20:26:49,250", "name": "Logger", "level": "ERROR", "message": "예상치 못한 예외 발생: InvalidArgumentException", "pathname": "d:\\test-rpa\\utils\\exception_handler.py", "lineno": 17, "funcName": "exception_handler"}
{"timestamp": "2024-12-25 20:26:49,345", "name": "Logger", "level": "INFO", "message": "스크린샷 저장 완료: d:\\test-rpa\\screenshots\\NoneType_기기추천탭(('cssselector','div.device-section'),'.tab-wrapulli')들을찾지못했습니다._20241225202649.png", "pathname": "d:\\test-rpa\\utils\\screenshot.py", "lineno": 28, "funcName": "capture_error"}
{"timestamp": "2024-12-25 20:26:49,346", "name": "Logger", "level": "INFO", "message": "기기 추천 탭: []", "pathname": "d:\\test-rpa\\pages\\main.py", "lineno": 42, "funcName": "execute"}
{"timestamp": "2024-12-25 20:26:49,346", "name": "Logger", "level": "INFO", "message": "===================================테스트 케이스 실행 완료: TestCase03===================================", "pathname": "d:\\test-rpa\\executor.py", "lineno": 43, "funcName": "run_tests"}
{"timestamp": "2024-12-25 20:27:27,721", "name": "Logger", "level": "INFO", "message": "===================================테스트 케이스 실행 시작: TestCase03===================================", "pathname": "d:\\test-rpa\\executor.py", "lineno": 41, "funcName": "run_tests"}
{"timestamp": "2024-12-25 20:27:27,741", "name": "Logger", "level": "INFO", "message": "기기 추천 영역('css selector', 'div.device-section')(을)를 찾았습니다.", "pathname": "d:\\test-rpa\\utils\\custom_utils.py", "lineno": 66, "funcName": "find_element"}
{"timestamp": "2024-12-25 20:27:29,032", "name": "Logger", "level": "INFO", "message": "기기 추천 영역<selenium.webdriver.remote.webelement.WebElement (session=\"5289e2b8f5bd9a0200bdce5526f93c91\", element=\"f.BA0084CB904DF8887753A87DEFEA8A68.d.C6FF154569107F30C401189DC5A477DF.e.2804\")>로 마우스를 이동했습니다.", "pathname": "d:\\test-rpa\\utils\\custom_utils.py", "lineno": 92, "funcName": "move_to_element"}
{"timestamp": "2024-12-25 20:27:29,039", "name": "Logger", "level": "INFO", "message": "기기 추천 탭('css selector', 'div.device-section .tab-wrap ul li')들을 3개 찾았습니다.", "pathname": "d:\\test-rpa\\utils\\custom_utils.py", "lineno": 79, "funcName": "find_elements"}
{"timestamp": "2024-12-25 20:27:29,039", "name": "Logger", "level": "INFO", "message": "기기 추천 탭: [<selenium.webdriver.remote.webelement.WebElement (session=\"5289e2b8f5bd9a0200bdce5526f93c91\", element=\"f.BA0084CB904DF8887753A87DEFEA8A68.d.C6FF154569107F30C401189DC5A477DF.e.2560\")>, <selenium.webdriver.remote.webelement.WebElement (session=\"5289e2b8f5bd9a0200bdce5526f93c91\", element=\"f.BA0084CB904DF8887753A87DEFEA8A68.d.C6FF154569107F30C401189DC5A477DF.e.2562\")>, <selenium.webdriver.remote.webelement.WebElement (session=\"5289e2b8f5bd9a0200bdce5526f93c91\", element=\"f.BA0084CB904DF8887753A87DEFEA8A68.d.C6FF154569107F30C401189DC5A477DF.e.2564\")>]", "pathname": "d:\\test-rpa\\pages\\main.py", "lineno": 42, "funcName": "execute"}
{"timestamp": "2024-12-25 20:27:29,040", "name": "Logger", "level": "INFO", "message": "===================================테스트 케이스 실행 완료: TestCase03===================================", "pathname": "d:\\test-rpa\\executor.py", "lineno": 43, "funcName": "run_tests"}
{"timestamp": "2024-12-25 20:30:03,997", "name": "Logger", "level": "INFO", "message": "===================================테스트 케이스 실행 시작: TestCase03===================================", "pathname": "d:\\test-rpa\\executor.py", "lineno": 41, "funcName": "run_tests"}
{"timestamp": "2024-12-25 20:30:04,012", "name": "Logger", "level": "INFO", "message": "기기 추천 영역('css selector', 'div.device-section')(을)를 찾았습니다.", "pathname": "d:\\test-rpa\\utils\\custom_utils.py", "lineno": 66, "funcName": "find_element"}
{"timestamp": "2024-12-25 20:30:05,311", "name": "Logger", "level": "INFO", "message": "기기 추천 영역<selenium.webdriver.remote.webelement.WebElement (session=\"4f0a13d50aae89273c288da9db6f6154\", element=\"f.4A855B75B2672EB56061D22820AFC0BC.d.35A64174F93E9CEF3836F4F1FB34A98E.e.2607\")>로 마우스를 이동했습니다.", "pathname": "d:\\test-rpa\\utils\\custom_utils.py", "lineno": 92, "funcName": "move_to_element"}
{"timestamp": "2024-12-25 20:30:05,312", "name": "Logger", "level": "INFO", "message": "===================================테스트 케이스 실행 완료: TestCase03===================================", "pathname": "d:\\test-rpa\\executor.py", "lineno": 43, "funcName": "run_tests"}
{"timestamp": "2024-12-25 20:30:20,021", "name": "Logger", "level": "INFO", "message": "===================================테스트 케이스 실행 시작: TestCase03===================================", "pathname": "d:\\test-rpa\\executor.py", "lineno": 41, "funcName": "run_tests"}
{"timestamp": "2024-12-25 20:30:20,032", "name": "Logger", "level": "INFO", "message": "기기 추천 영역('css selector', 'div.device-section')(을)를 찾았습니다.", "pathname": "d:\\test-rpa\\utils\\custom_utils.py", "lineno": 66, "funcName": "find_element"}
{"timestamp": "2024-12-25 20:30:21,321", "name": "Logger", "level": "INFO", "message": "기기 추천 영역<selenium.webdriver.remote.webelement.WebElement (session=\"20031ccf1f788911dd1ba08f93062fa1\", element=\"f.EA3AE182C1F81C675AAEFAAC00D9F961.d.BB00F7283E08BFF7F21370E669D94C3E.e.2325\")>로 마우스를 이동했습니다.", "pathname": "d:\\test-rpa\\utils\\custom_utils.py", "lineno": 92, "funcName": "move_to_element"}
{"timestamp": "2024-12-25 20:30:21,321", "name": "Logger", "level": "INFO", "message": "===================================테스트 케이스 실행 완료: TestCase03===================================", "pathname": "d:\\test-rpa\\executor.py", "lineno": 43, "funcName": "run_tests"}
{"timestamp": "2024-12-25 20:31:16,020", "name": "Logger", "level": "INFO", "message": "===================================테스트 케이스 실행 시작: TestCase03===================================", "pathname": "d:\\test-rpa\\executor.py", "lineno": 41, "funcName": "run_tests"}
{"timestamp": "2024-12-25 20:31:16,029", "name": "Logger", "level": "INFO", "message": "기기 추천 영역('css selector', 'div.device-section .tab-wrap ul li')들을 3개 찾았습니다.", "pathname": "d:\\test-rpa\\utils\\custom_utils.py", "lineno": 79, "funcName": "find_elements"}
{"timestamp": "2024-12-25 20:31:16,029", "name": "Logger", "level": "INFO", "message": "기기 추천 탭: [<selenium.webdriver.remote.webelement.WebElement (session=\"dfb207da7d213381e20cfeadb78c1637\", element=\"f.3F2C3686D1C6C49AA398DA55C4E4E22C.d.FAAEEB05BFEFE7F4567EBFB9FB632CA8.e.2402\")>, <selenium.webdriver.remote.webelement.WebElement (session=\"dfb207da7d213381e20cfeadb78c1637\", element=\"f.3F2C3686D1C6C49AA398DA55C4E4E22C.d.FAAEEB05BFEFE7F4567EBFB9FB632CA8.e.2404\")>, <selenium.webdriver.remote.webelement.WebElement (session=\"dfb207da7d213381e20cfeadb78c1637\", element=\"f.3F2C3686D1C6C49AA398DA55C4E4E22C.d.FAAEEB05BFEFE7F4567EBFB9FB632CA8.e.2406\")>]", "pathname": "d:\\test-rpa\\pages\\main.py", "lineno": 44, "funcName": "execute"}
{"timestamp": "2024-12-25 20:31:16,029", "name": "Logger", "level": "INFO", "message": "===================================테스트 케이스 실행 완료: TestCase03===================================", "pathname": "d:\\test-rpa\\executor.py", "lineno": 43, "funcName": "run_tests"}
{"timestamp": "2024-12-25 20:31:35,453", "name": "Logger", "level": "INFO", "message": "===================================테스트 케이스 실행 시작: TestCase03===================================", "pathname": "d:\\test-rpa\\executor.py", "lineno": 41, "funcName": "run_tests"}
{"timestamp": "2024-12-25 20:31:35,465", "name": "Logger", "level": "INFO", "message": "기기 추천 탭('css selector', 'div.device-section .tab-wrap ul li')들을 3개 찾았습니다.", "pathname": "d:\\test-rpa\\utils\\custom_utils.py", "lineno": 79, "funcName": "find_elements"}
{"timestamp": "2024-12-25 20:31:35,465", "name": "Logger", "level": "INFO", "message": "기기 추천 탭: [<selenium.webdriver.remote.webelement.WebElement (session=\"c5db92ee073228c42fc24af793e2822d\", element=\"f.2F538D7AD685E8B7E2393230C803CC3F.d.1B0BC6845E474C165FB7C007A162C032.e.2203\")>, <selenium.webdriver.remote.webelement.WebElement (session=\"c5db92ee073228c42fc24af793e2822d\", element=\"f.2F538D7AD685E8B7E2393230C803CC3F.d.1B0BC6845E474C165FB7C007A162C032.e.2205\")>, <selenium.webdriver.remote.webelement.WebElement (session=\"c5db92ee073228c42fc24af793e2822d\", element=\"f.2F538D7AD685E8B7E2393230C803CC3F.d.1B0BC6845E474C165FB7C007A162C032.e.2207\")>]", "pathname": "d:\\test-rpa\\pages\\main.py", "lineno": 44, "funcName": "execute"}
{"timestamp": "2024-12-25 20:31:35,466", "name": "Logger", "level": "INFO", "message": "===================================테스트 케이스 실행 완료: TestCase03===================================", "pathname": "d:\\test-rpa\\executor.py", "lineno": 43, "funcName": "run_tests"}
{"timestamp": "2024-12-25 20:39:33,388", "name": "Logger", "level": "INFO", "message": "===================================테스트 케이스 실행 시작: TestCase03===================================", "pathname": "d:\\test-rpa\\executor.py", "lineno": 41, "funcName": "run_tests"}
{"timestamp": "2024-12-25 20:39:33,404", "name": "Logger", "level": "INFO", "message": "기기 추천 영역('css selector', 'div.device-section .tab-wrap ul li')들을 3개 찾았습니다.", "pathname": "d:\\test-rpa\\utils\\custom_utils.py", "lineno": 79, "funcName": "find_elements"}
{"timestamp": "2024-12-25 20:39:33,404", "name": "Logger", "level": "INFO", "message": "기기 추천 탭: [<selenium.webdriver.remote.webelement.WebElement (session=\"ca4723f273806243293e0ae0ba98f4ea\", element=\"f.0E5C94C9C7F18E82396235B46FAA3F71.d.6D51A01A4494EDC304DE83889CD731B6.e.2522\")>, <selenium.webdriver.remote.webelement.WebElement (session=\"ca4723f273806243293e0ae0ba98f4ea\", element=\"f.0E5C94C9C7F18E82396235B46FAA3F71.d.6D51A01A4494EDC304DE83889CD731B6.e.2524\")>, <selenium.webdriver.remote.webelement.WebElement (session=\"ca4723f273806243293e0ae0ba98f4ea\", element=\"f.0E5C94C9C7F18E82396235B46FAA3F71.d.6D51A01A4494EDC304DE83889CD731B6.e.2526\")>]", "pathname": "d:\\test-rpa\\pages\\main.py", "lineno": 44, "funcName": "execute"}
{"timestamp": "2024-12-25 20:39:33,405", "name": "Logger", "level": "ERROR", "message": "기기 추천 탭[<selenium.webdriver.remote.webelement.WebElement (session=\"ca4723f273806243293e0ae0ba98f4ea\", element=\"f.0E5C94C9C7F18E82396235B46FAA3F71.d.6D51A01A4494EDC304DE83889CD731B6.e.2522\")>, <selenium.webdriver.remote.webelement.WebElement (session=\"ca4723f273806243293e0ae0ba98f4ea\", element=\"f.0E5C94C9C7F18E82396235B46FAA3F71.d.6D51A01A4494EDC304DE83889CD731B6.e.2524\")>, <selenium.webdriver.remote.webelement.WebElement (session=\"ca4723f273806243293e0ae0ba98f4ea\", element=\"f.0E5C94C9C7F18E82396235B46FAA3F71.d.6D51A01A4494EDC304DE83889CD731B6.e.2526\")>]들을 찾지못했습니다.: WebDriver.find_elements() takes from 1 to 3 positional arguments but 4 were given", "pathname": "d:\\test-rpa\\utils\\exception_handler.py", "lineno": 8, "funcName": "exception_handler"}
{"timestamp": "2024-12-25 20:39:33,406", "name": "Logger", "level": "ERROR", "message": "Traceback (most recent call last):\n  File \"d:\\test-rpa\\utils\\custom_utils.py\", line 76, in find_elements\n    elements = WebDriverWait(driver, EXPLICIT_WAIT).until(\n        EC.presence_of_all_elements_located(locator)\n    )\n  File \"C:\\Users\\kasun\\AppData\\Local\\Programs\\Python\\Python313\\Lib\\site-packages\\selenium\\webdriver\\support\\wait.py\", line 96, in until\n    value = method(self._driver)\n  File \"C:\\Users\\kasun\\AppData\\Local\\Programs\\Python\\Python313\\Lib\\site-packages\\selenium\\webdriver\\support\\expected_conditions.py\", line 191, in _predicate\n    return driver.find_elements(*locator)\n           ~~~~~~~~~~~~~~~~~~~~^^^^^^^^^^\nTypeError: WebDriver.find_elements() takes from 1 to 3 positional arguments but 4 were given\n", "pathname": "d:\\test-rpa\\utils\\exception_handler.py", "lineno": 9, "funcName": "exception_handler"}
{"timestamp": "2024-12-25 20:39:33,407", "name": "Logger", "level": "ERROR", "message": "예상치 못한 예외 발생: TypeError", "pathname": "d:\\test-rpa\\utils\\exception_handler.py", "lineno": 17, "funcName": "exception_handler"}
{"timestamp": "2024-12-25 20:39:33,575", "name": "Logger", "level": "INFO", "message": "스크린샷 저장 완료: d:\\test-rpa\\screenshots\\NoneType_기기추천탭[<selenium.webdriver.remote.webelement.WebElement(session=\"ca4723f273806243293e0ae0ba98f4ea\",element=\"f.0E5C94C9C7F18E82396235B46FAA3F71.d.6D51A01A4494EDC304DE83889CD731B6.e.2522\")>,<selenium.webdriver.remote.webelement.WebElement(session=\"ca4723f273806243293e0ae0ba98f4ea\",element=\"f.0E5C94C9C7F18E82396235B46FAA3F71.d.6D51A01A4494EDC304DE83889CD731B6.e.2524\")>,<selenium.webdriver.remote.webelement.WebElement(session=\"ca4723f273806243293e0ae0ba98f4ea\",element=\"f.0E5C94C9C7F18E82396235B46FAA3F71.d.6D51A01A4494EDC304DE83889CD731B6.e.2526\")>]들을찾지못했습니다._20241225203933.png", "pathname": "d:\\test-rpa\\utils\\screenshot.py", "lineno": 28, "funcName": "capture_error"}
{"timestamp": "2024-12-25 20:39:33,576", "name": "Logger", "level": "INFO", "message": "===================================테스트 케이스 실행 완료: TestCase03===================================", "pathname": "d:\\test-rpa\\executor.py", "lineno": 43, "funcName": "run_tests"}
{"timestamp": "2024-12-25 20:40:11,775", "name": "Logger", "level": "INFO", "message": "===================================테스트 케이스 실행 시작: TestCase03===================================", "pathname": "d:\\test-rpa\\executor.py", "lineno": 41, "funcName": "run_tests"}
{"timestamp": "2024-12-25 20:40:11,795", "name": "Logger", "level": "INFO", "message": "기기 추천 영역('css selector', 'div.device-section .tab-wrap ul li')들을 3개 찾았습니다.", "pathname": "d:\\test-rpa\\utils\\custom_utils.py", "lineno": 79, "funcName": "find_elements"}
{"timestamp": "2024-12-25 20:40:11,795", "name": "Logger", "level": "INFO", "message": "기기 추천 탭: [<selenium.webdriver.remote.webelement.WebElement (session=\"ba4d6f1170ff91d4e51765c0f36c9ad6\", element=\"f.AA4B0C960FFCAA2E950834C12FD193C4.d.4B9C700F254833CEA0B9517E252255DC.e.2115\")>, <selenium.webdriver.remote.webelement.WebElement (session=\"ba4d6f1170ff91d4e51765c0f36c9ad6\", element=\"f.AA4B0C960FFCAA2E950834C12FD193C4.d.4B9C700F254833CEA0B9517E252255DC.e.2117\")>, <selenium.webdriver.remote.webelement.WebElement (session=\"ba4d6f1170ff91d4e51765c0f36c9ad6\", element=\"f.AA4B0C960FFCAA2E950834C12FD193C4.d.4B9C700F254833CEA0B9517E252255DC.e.2119\")>]", "pathname": "d:\\test-rpa\\pages\\main.py", "lineno": 44, "funcName": "execute"}
{"timestamp": "2024-12-25 20:40:11,796", "name": "Logger", "level": "ERROR", "message": "기기 추천 탭들을 찾지못했습니다.: 'list' object has no attribute 'find_elements'", "pathname": "d:\\test-rpa\\utils\\exception_handler.py", "lineno": 8, "funcName": "exception_handler"}
{"timestamp": "2024-12-25 20:40:11,798", "name": "Logger", "level": "ERROR", "message": "Traceback (most recent call last):\n  File \"d:\\test-rpa\\utils\\custom_utils.py\", line 76, in find_elements\n    elements = WebDriverWait(driver, EXPLICIT_WAIT).until(\n        EC.presence_of_all_elements_located(locator)\n    )\n  File \"C:\\Users\\kasun\\AppData\\Local\\Programs\\Python\\Python313\\Lib\\site-packages\\selenium\\webdriver\\support\\wait.py\", line 96, in until\n    value = method(self._driver)\n  File \"C:\\Users\\kasun\\AppData\\Local\\Programs\\Python\\Python313\\Lib\\site-packages\\selenium\\webdriver\\support\\expected_conditions.py\", line 191, in _predicate\n    return driver.find_elements(*locator)\n           ^^^^^^^^^^^^^^^^^^^^\nAttributeError: 'list' object has no attribute 'find_elements'\n", "pathname": "d:\\test-rpa\\utils\\exception_handler.py", "lineno": 9, "funcName": "exception_handler"}
{"timestamp": "2024-12-25 20:40:11,799", "name": "Logger", "level": "ERROR", "message": "예상치 못한 예외 발생: AttributeError", "pathname": "d:\\test-rpa\\utils\\exception_handler.py", "lineno": 17, "funcName": "exception_handler"}
{"timestamp": "2024-12-25 20:40:11,799", "name": "Logger", "level": "INFO", "message": "===================================테스트 케이스 실행 완료: TestCase03===================================", "pathname": "d:\\test-rpa\\executor.py", "lineno": 43, "funcName": "run_tests"}
{"timestamp": "2024-12-25 20:41:03,069", "name": "Logger", "level": "INFO", "message": "===================================테스트 케이스 실행 시작: TestCase03===================================", "pathname": "d:\\test-rpa\\executor.py", "lineno": 41, "funcName": "run_tests"}
{"timestamp": "2024-12-25 20:41:03,085", "name": "Logger", "level": "INFO", "message": "기기 추천 영역('css selector', 'div.device-section .tab-wrap ul li')들을 3개 찾았습니다.", "pathname": "d:\\test-rpa\\utils\\custom_utils.py", "lineno": 79, "funcName": "find_elements"}
{"timestamp": "2024-12-25 20:41:03,085", "name": "Logger", "level": "INFO", "message": "기기 추천 탭: [<selenium.webdriver.remote.webelement.WebElement (session=\"5e36e2e756f3fad13a2d2442fb67b921\", element=\"f.DE74B870E5D220816FFA2DB9B820944A.d.24153B1484E909A94A776AE4B3F96B7E.e.2407\")>, <selenium.webdriver.remote.webelement.WebElement (session=\"5e36e2e756f3fad13a2d2442fb67b921\", element=\"f.DE74B870E5D220816FFA2DB9B820944A.d.24153B1484E909A94A776AE4B3F96B7E.e.2409\")>, <selenium.webdriver.remote.webelement.WebElement (session=\"5e36e2e756f3fad13a2d2442fb67b921\", element=\"f.DE74B870E5D220816FFA2DB9B820944A.d.24153B1484E909A94A776AE4B3F96B7E.e.2411\")>]", "pathname": "d:\\test-rpa\\pages\\main.py", "lineno": 44, "funcName": "execute"}
{"timestamp": "2024-12-25 20:41:03,085", "name": "Logger", "level": "ERROR", "message": "기기 추천 영역 테스트 실패: select_random_list_one() takes from 2 to 3 positional arguments but 5 were given", "pathname": "d:\\test-rpa\\utils\\exception_handler.py", "lineno": 8, "funcName": "exception_handler"}
{"timestamp": "2024-12-25 20:41:03,086", "name": "Logger", "level": "ERROR", "message": "Traceback (most recent call last):\n  File \"d:\\test-rpa\\pages\\main.py\", line 48, in execute\n    select_random_list_one(self.driver, *device_tabs, f\"기기 추천 탭\")\n    ~~~~~~~~~~~~~~~~~~~~~~^^^^^^^^^^^^^^^^^^^^^^^^^^^^^^^^^^^^^^^^^^^^\nTypeError: select_random_list_one() takes from 2 to 3 positional arguments but 5 were given\n", "pathname": "d:\\test-rpa\\utils\\exception_handler.py", "lineno": 9, "funcName": "exception_handler"}
{"timestamp": "2024-12-25 20:41:03,087", "name": "Logger", "level": "ERROR", "message": "예상치 못한 예외 발생: TypeError", "pathname": "d:\\test-rpa\\utils\\exception_handler.py", "lineno": 17, "funcName": "exception_handler"}
{"timestamp": "2024-12-25 20:41:03,212", "name": "Logger", "level": "INFO", "message": "스크린샷 저장 완료: d:\\test-rpa\\screenshots\\TestCase03_기기추천영역테스트실패_20241225204103.png", "pathname": "d:\\test-rpa\\utils\\screenshot.py", "lineno": 28, "funcName": "capture_error"}
{"timestamp": "2024-12-25 20:41:03,213", "name": "Logger", "level": "ERROR", "message": "===================================테스트 케이스 실행 실패: TestCase03 - select_random_list_one() takes from 2 to 3 positional arguments but 5 were given===================================", "pathname": "d:\\test-rpa\\executor.py", "lineno": 46, "funcName": "run_tests"}
{"timestamp": "2024-12-25 20:42:17,543", "name": "Logger", "level": "INFO", "message": "===================================테스트 케이스 실행 시작: TestCase03===================================", "pathname": "d:\\test-rpa\\executor.py", "lineno": 41, "funcName": "run_tests"}
{"timestamp": "2024-12-25 20:42:17,554", "name": "Logger", "level": "INFO", "message": "기기 추천 영역('css selector', 'div.device-section .tab-wrap ul li')들을 3개 찾았습니다.", "pathname": "d:\\test-rpa\\utils\\custom_utils.py", "lineno": 79, "funcName": "find_elements"}
{"timestamp": "2024-12-25 20:42:17,555", "name": "Logger", "level": "INFO", "message": "기기 추천 탭: [<selenium.webdriver.remote.webelement.WebElement (session=\"cc497d5ae2dbdcb119de052850cb5543\", element=\"f.A7DBF094FEDD27366B381424A8CAF150.d.D7FB3A3EAA5FEF785112F576C14EB6BD.e.2341\")>, <selenium.webdriver.remote.webelement.WebElement (session=\"cc497d5ae2dbdcb119de052850cb5543\", element=\"f.A7DBF094FEDD27366B381424A8CAF150.d.D7FB3A3EAA5FEF785112F576C14EB6BD.e.2343\")>, <selenium.webdriver.remote.webelement.WebElement (session=\"cc497d5ae2dbdcb119de052850cb5543\", element=\"f.A7DBF094FEDD27366B381424A8CAF150.d.D7FB3A3EAA5FEF785112F576C14EB6BD.e.2345\")>]", "pathname": "d:\\test-rpa\\pages\\main.py", "lineno": 44, "funcName": "execute"}
{"timestamp": "2024-12-25 20:42:17,555", "name": "Logger", "level": "ERROR", "message": "기기 추천 탭[<selenium.webdriver.remote.webelement.WebElement (session=\"cc497d5ae2dbdcb119de052850cb5543\", element=\"f.A7DBF094FEDD27366B381424A8CAF150.d.D7FB3A3EAA5FEF785112F576C14EB6BD.e.2341\")>, <selenium.webdriver.remote.webelement.WebElement (session=\"cc497d5ae2dbdcb119de052850cb5543\", element=\"f.A7DBF094FEDD27366B381424A8CAF150.d.D7FB3A3EAA5FEF785112F576C14EB6BD.e.2343\")>, <selenium.webdriver.remote.webelement.WebElement (session=\"cc497d5ae2dbdcb119de052850cb5543\", element=\"f.A7DBF094FEDD27366B381424A8CAF150.d.D7FB3A3EAA5FEF785112F576C14EB6BD.e.2345\")>]들을 찾지못했습니다.: WebDriver.find_elements() takes from 1 to 3 positional arguments but 4 were given", "pathname": "d:\\test-rpa\\utils\\exception_handler.py", "lineno": 8, "funcName": "exception_handler"}
{"timestamp": "2024-12-25 20:42:17,556", "name": "Logger", "level": "ERROR", "message": "Traceback (most recent call last):\n  File \"d:\\test-rpa\\utils\\custom_utils.py\", line 76, in find_elements\n    elements = WebDriverWait(driver, EXPLICIT_WAIT).until(\n        EC.presence_of_all_elements_located(locator)\n    )\n  File \"C:\\Users\\kasun\\AppData\\Local\\Programs\\Python\\Python313\\Lib\\site-packages\\selenium\\webdriver\\support\\wait.py\", line 96, in until\n    value = method(self._driver)\n  File \"C:\\Users\\kasun\\AppData\\Local\\Programs\\Python\\Python313\\Lib\\site-packages\\selenium\\webdriver\\support\\expected_conditions.py\", line 191, in _predicate\n    return driver.find_elements(*locator)\n           ~~~~~~~~~~~~~~~~~~~~^^^^^^^^^^\nTypeError: WebDriver.find_elements() takes from 1 to 3 positional arguments but 4 were given\n", "pathname": "d:\\test-rpa\\utils\\exception_handler.py", "lineno": 9, "funcName": "exception_handler"}
{"timestamp": "2024-12-25 20:42:17,557", "name": "Logger", "level": "ERROR", "message": "예상치 못한 예외 발생: TypeError", "pathname": "d:\\test-rpa\\utils\\exception_handler.py", "lineno": 17, "funcName": "exception_handler"}
{"timestamp": "2024-12-25 20:42:17,680", "name": "Logger", "level": "INFO", "message": "스크린샷 저장 완료: d:\\test-rpa\\screenshots\\NoneType_기기추천탭[<selenium.webdriver.remote.webelement.WebElement(session=\"cc497d5ae2dbdcb119de052850cb5543\",element=\"f.A7DBF094FEDD27366B381424A8CAF150.d.D7FB3A3EAA5FEF785112F576C14EB6BD.e.2341\")>,<selenium.webdriver.remote.webelement.WebElement(session=\"cc497d5ae2dbdcb119de052850cb5543\",element=\"f.A7DBF094FEDD27366B381424A8CAF150.d.D7FB3A3EAA5FEF785112F576C14EB6BD.e.2343\")>,<selenium.webdriver.remote.webelement.WebElement(session=\"cc497d5ae2dbdcb119de052850cb5543\",element=\"f.A7DBF094FEDD27366B381424A8CAF150.d.D7FB3A3EAA5FEF785112F576C14EB6BD.e.2345\")>]들을찾지못했습니다._20241225204217.png", "pathname": "d:\\test-rpa\\utils\\screenshot.py", "lineno": 28, "funcName": "capture_error"}
{"timestamp": "2024-12-25 20:42:17,681", "name": "Logger", "level": "INFO", "message": "===================================테스트 케이스 실행 완료: TestCase03===================================", "pathname": "d:\\test-rpa\\executor.py", "lineno": 43, "funcName": "run_tests"}
{"timestamp": "2024-12-25 20:44:26,665", "name": "Logger", "level": "INFO", "message": "===================================테스트 케이스 실행 시작: TestCase03===================================", "pathname": "d:\\test-rpa\\executor.py", "lineno": 41, "funcName": "run_tests"}
{"timestamp": "2024-12-25 20:44:26,685", "name": "Logger", "level": "INFO", "message": "기기 추천 영역('css selector', 'div.device-section .tab-wrap ul li')들을 3개 찾았습니다.", "pathname": "d:\\test-rpa\\utils\\custom_utils.py", "lineno": 79, "funcName": "find_elements"}
{"timestamp": "2024-12-25 20:44:26,686", "name": "Logger", "level": "INFO", "message": "기기 추천 탭: [<selenium.webdriver.remote.webelement.WebElement (session=\"99f24be556292e15df2e1880bbc46c08\", element=\"f.55AA4B6BBB2D161C486650AAF5C01444.d.D2819FF47AA603D1AAB9500871EA022B.e.2039\")>, <selenium.webdriver.remote.webelement.WebElement (session=\"99f24be556292e15df2e1880bbc46c08\", element=\"f.55AA4B6BBB2D161C486650AAF5C01444.d.D2819FF47AA603D1AAB9500871EA022B.e.2041\")>, <selenium.webdriver.remote.webelement.WebElement (session=\"99f24be556292e15df2e1880bbc46c08\", element=\"f.55AA4B6BBB2D161C486650AAF5C01444.d.D2819FF47AA603D1AAB9500871EA022B.e.2043\")>]", "pathname": "d:\\test-rpa\\pages\\main.py", "lineno": 44, "funcName": "execute"}
{"timestamp": "2024-12-25 20:44:26,700", "name": "Logger", "level": "INFO", "message": "기기 추천 탭('css selector', 'div.device-section .tab-wrap ul li')들을 3개 찾았습니다.", "pathname": "d:\\test-rpa\\utils\\custom_utils.py", "lineno": 79, "funcName": "find_elements"}
{"timestamp": "2024-12-25 20:44:26,700", "name": "Logger", "level": "INFO", "message": "기기 추천 탭(을)를 랜덤하게 요소 선택: ('css selector', 'div.device-section .tab-wrap ul li')", "pathname": "d:\\test-rpa\\utils\\custom_utils.py", "lineno": 52, "funcName": "select_random_list_one"}
{"timestamp": "2024-12-25 20:44:26,700", "name": "Logger", "level": "INFO", "message": "===================================테스트 케이스 실행 완료: TestCase03===================================", "pathname": "d:\\test-rpa\\executor.py", "lineno": 43, "funcName": "run_tests"}
{"timestamp": "2024-12-25 20:53:52,437", "name": "Logger", "level": "INFO", "message": "===================================테스트 케이스 실행 시작: TestCase03===================================", "pathname": "d:\\test-rpa\\executor.py", "lineno": 41, "funcName": "run_tests"}
{"timestamp": "2024-12-25 20:53:52,447", "name": "Logger", "level": "INFO", "message": "기기 추천 영역('css selector', 'div.device-section')(을)를 찾았습니다.", "pathname": "d:\\test-rpa\\utils\\custom_utils.py", "lineno": 66, "funcName": "find_element"}
{"timestamp": "2024-12-25 20:53:53,719", "name": "Logger", "level": "INFO", "message": "기기 추천 영역<selenium.webdriver.remote.webelement.WebElement (session=\"aae35417f512bdff64aa4c4c48e7df38\", element=\"f.048398516BD497CE634E60A773A6FAFA.d.5E01B8B8BDB97437856BEB5B14FD6DE6.e.2945\")>로 마우스를 이동했습니다.", "pathname": "d:\\test-rpa\\utils\\custom_utils.py", "lineno": 92, "funcName": "move_to_element"}
{"timestamp": "2024-12-25 20:53:53,727", "name": "Logger", "level": "INFO", "message": "기기 추천 탭('css selector', 'div.device-section .tab-wrap ul li a')들을 3개 찾았습니다.", "pathname": "d:\\test-rpa\\utils\\custom_utils.py", "lineno": 79, "funcName": "find_elements"}
{"timestamp": "2024-12-25 20:53:53,733", "name": "Logger", "level": "INFO", "message": "기기 추천 탭('css selector', 'div.device-section .tab-wrap ul li')들을 3개 찾았습니다.", "pathname": "d:\\test-rpa\\utils\\custom_utils.py", "lineno": 79, "funcName": "find_elements"}
{"timestamp": "2024-12-25 20:53:53,734", "name": "Logger", "level": "INFO", "message": "기기 추천 탭('css selector', 'div.device-section .tab-wrap ul li')(을)를 랜덤하게 선택하였습니다.", "pathname": "d:\\test-rpa\\utils\\custom_utils.py", "lineno": 52, "funcName": "select_random_list_one"}
{"timestamp": "2024-12-25 20:53:53,734", "name": "Logger", "level": "INFO", "message": "===================================테스트 케이스 실행 완료: TestCase03===================================", "pathname": "d:\\test-rpa\\executor.py", "lineno": 43, "funcName": "run_tests"}
{"timestamp": "2024-12-25 21:00:31,311", "name": "Logger", "level": "INFO", "message": "===================================테스트 케이스 실행 시작: TestCase03===================================", "pathname": "d:\\test-rpa\\executor.py", "lineno": 41, "funcName": "run_tests"}
{"timestamp": "2024-12-25 21:00:31,335", "name": "Logger", "level": "INFO", "message": "기기 추천 영역('css selector', 'div.device-section')(을)를 찾았습니다.", "pathname": "d:\\test-rpa\\utils\\custom_utils.py", "lineno": 69, "funcName": "find_element"}
{"timestamp": "2024-12-25 21:00:32,602", "name": "Logger", "level": "INFO", "message": "기기 추천 영역<selenium.webdriver.remote.webelement.WebElement (session=\"8969e13141f6e79fa949fffa345a576f\", element=\"f.9DAE1B50E027F6FEDDD7306F637BB60C.d.4C00CA6128DE5BF742D3620B055D90BB.e.2260\")>로 마우스를 이동했습니다.", "pathname": "d:\\test-rpa\\utils\\custom_utils.py", "lineno": 95, "funcName": "move_to_element"}
{"timestamp": "2024-12-25 21:00:32,609", "name": "Logger", "level": "INFO", "message": "기기 추천 탭('css selector', 'div.device-section .tab-wrap ul li a')들을 3개 찾았습니다.", "pathname": "d:\\test-rpa\\utils\\custom_utils.py", "lineno": 82, "funcName": "find_elements"}
{"timestamp": "2024-12-25 21:00:32,614", "name": "Logger", "level": "INFO", "message": "기기 추천 탭('css selector', 'div.device-section .tab-wrap ul li a')들을 3개 찾았습니다.", "pathname": "d:\\test-rpa\\utils\\custom_utils.py", "lineno": 82, "funcName": "find_elements"}
{"timestamp": "2024-12-25 21:00:32,614", "name": "Logger", "level": "ERROR", "message": "기기 추천 탭<selenium.webdriver.remote.webelement.WebElement (session=\"8969e13141f6e79fa949fffa345a576f\", element=\"f.9DAE1B50E027F6FEDDD7306F637BB60C.d.4C00CA6128DE5BF742D3620B055D90BB.e.2017\")>(을)를 찾지못했습니다.: selenium.webdriver.remote.webdriver.WebDriver.find_element() argument after * must be an iterable, not WebElement", "pathname": "d:\\test-rpa\\utils\\exception_handler.py", "lineno": 8, "funcName": "exception_handler"}
{"timestamp": "2024-12-25 21:00:32,616", "name": "Logger", "level": "ERROR", "message": "Traceback (most recent call last):\n  File \"d:\\test-rpa\\utils\\custom_utils.py\", line 66, in find_element\n    element = WebDriverWait(driver, EXPLICIT_WAIT).until(\n        EC.presence_of_element_located(locator)\n    )\n  File \"C:\\Users\\kasun\\AppData\\Local\\Programs\\Python\\Python313\\Lib\\site-packages\\selenium\\webdriver\\support\\wait.py\", line 96, in until\n    value = method(self._driver)\n  File \"C:\\Users\\kasun\\AppData\\Local\\Programs\\Python\\Python313\\Lib\\site-packages\\selenium\\webdriver\\support\\expected_conditions.py\", line 84, in _predicate\n    return driver.find_element(*locator)\n           ~~~~~~~~~~~~~~~~~~~^^^^^^^^^^\nTypeError: selenium.webdriver.remote.webdriver.WebDriver.find_element() argument after * must be an iterable, not WebElement\n", "pathname": "d:\\test-rpa\\utils\\exception_handler.py", "lineno": 9, "funcName": "exception_handler"}
{"timestamp": "2024-12-25 21:00:32,616", "name": "Logger", "level": "ERROR", "message": "예상치 못한 예외 발생: TypeError", "pathname": "d:\\test-rpa\\utils\\exception_handler.py", "lineno": 17, "funcName": "exception_handler"}
{"timestamp": "2024-12-25 21:00:32,706", "name": "Logger", "level": "INFO", "message": "스크린샷 저장 완료: d:\\test-rpa\\screenshots\\NoneType_기기추천탭<selenium.webdriver.remote.webelement.WebElement(session=\"8969e13141f6e79fa949fffa345a576f\",element=\"f.9DAE1B50E027F6FEDDD7306F637BB60C.d.4C00CA6128DE5BF742D3620B055D90BB.e.2017\")>(을)를찾지못했습니다._20241225210032.png", "pathname": "d:\\test-rpa\\utils\\screenshot.py", "lineno": 28, "funcName": "capture_error"}
{"timestamp": "2024-12-25 21:00:32,706", "name": "Logger", "level": "ERROR", "message": "기기 추천 탭<selenium.webdriver.remote.webelement.WebElement (session=\"8969e13141f6e79fa949fffa345a576f\", element=\"f.9DAE1B50E027F6FEDDD7306F637BB60C.d.4C00CA6128DE5BF742D3620B055D90BB.e.2019\")>(을)를 찾지못했습니다.: selenium.webdriver.remote.webdriver.WebDriver.find_element() argument after * must be an iterable, not WebElement", "pathname": "d:\\test-rpa\\utils\\exception_handler.py", "lineno": 8, "funcName": "exception_handler"}
{"timestamp": "2024-12-25 21:00:32,707", "name": "Logger", "level": "ERROR", "message": "Traceback (most recent call last):\n  File \"d:\\test-rpa\\utils\\custom_utils.py\", line 66, in find_element\n    element = WebDriverWait(driver, EXPLICIT_WAIT).until(\n        EC.presence_of_element_located(locator)\n    )\n  File \"C:\\Users\\kasun\\AppData\\Local\\Programs\\Python\\Python313\\Lib\\site-packages\\selenium\\webdriver\\support\\wait.py\", line 96, in until\n    value = method(self._driver)\n  File \"C:\\Users\\kasun\\AppData\\Local\\Programs\\Python\\Python313\\Lib\\site-packages\\selenium\\webdriver\\support\\expected_conditions.py\", line 84, in _predicate\n    return driver.find_element(*locator)\n           ~~~~~~~~~~~~~~~~~~~^^^^^^^^^^\nTypeError: selenium.webdriver.remote.webdriver.WebDriver.find_element() argument after * must be an iterable, not WebElement\n", "pathname": "d:\\test-rpa\\utils\\exception_handler.py", "lineno": 9, "funcName": "exception_handler"}
{"timestamp": "2024-12-25 21:00:32,708", "name": "Logger", "level": "ERROR", "message": "예상치 못한 예외 발생: TypeError", "pathname": "d:\\test-rpa\\utils\\exception_handler.py", "lineno": 17, "funcName": "exception_handler"}
{"timestamp": "2024-12-25 21:00:32,814", "name": "Logger", "level": "INFO", "message": "스크린샷 저장 완료: d:\\test-rpa\\screenshots\\NoneType_기기추천탭<selenium.webdriver.remote.webelement.WebElement(session=\"8969e13141f6e79fa949fffa345a576f\",element=\"f.9DAE1B50E027F6FEDDD7306F637BB60C.d.4C00CA6128DE5BF742D3620B055D90BB.e.2019\")>(을)를찾지못했습니다._20241225210032.png", "pathname": "d:\\test-rpa\\utils\\screenshot.py", "lineno": 28, "funcName": "capture_error"}
{"timestamp": "2024-12-25 21:00:32,814", "name": "Logger", "level": "ERROR", "message": "기기 추천 탭<selenium.webdriver.remote.webelement.WebElement (session=\"8969e13141f6e79fa949fffa345a576f\", element=\"f.9DAE1B50E027F6FEDDD7306F637BB60C.d.4C00CA6128DE5BF742D3620B055D90BB.e.2021\")>(을)를 찾지못했습니다.: selenium.webdriver.remote.webdriver.WebDriver.find_element() argument after * must be an iterable, not WebElement", "pathname": "d:\\test-rpa\\utils\\exception_handler.py", "lineno": 8, "funcName": "exception_handler"}
{"timestamp": "2024-12-25 21:00:32,815", "name": "Logger", "level": "ERROR", "message": "Traceback (most recent call last):\n  File \"d:\\test-rpa\\utils\\custom_utils.py\", line 66, in find_element\n    element = WebDriverWait(driver, EXPLICIT_WAIT).until(\n        EC.presence_of_element_located(locator)\n    )\n  File \"C:\\Users\\kasun\\AppData\\Local\\Programs\\Python\\Python313\\Lib\\site-packages\\selenium\\webdriver\\support\\wait.py\", line 96, in until\n    value = method(self._driver)\n  File \"C:\\Users\\kasun\\AppData\\Local\\Programs\\Python\\Python313\\Lib\\site-packages\\selenium\\webdriver\\support\\expected_conditions.py\", line 84, in _predicate\n    return driver.find_element(*locator)\n           ~~~~~~~~~~~~~~~~~~~^^^^^^^^^^\nTypeError: selenium.webdriver.remote.webdriver.WebDriver.find_element() argument after * must be an iterable, not WebElement\n", "pathname": "d:\\test-rpa\\utils\\exception_handler.py", "lineno": 9, "funcName": "exception_handler"}
{"timestamp": "2024-12-25 21:00:32,816", "name": "Logger", "level": "ERROR", "message": "예상치 못한 예외 발생: TypeError", "pathname": "d:\\test-rpa\\utils\\exception_handler.py", "lineno": 17, "funcName": "exception_handler"}
{"timestamp": "2024-12-25 21:00:32,920", "name": "Logger", "level": "INFO", "message": "스크린샷 저장 완료: d:\\test-rpa\\screenshots\\NoneType_기기추천탭<selenium.webdriver.remote.webelement.WebElement(session=\"8969e13141f6e79fa949fffa345a576f\",element=\"f.9DAE1B50E027F6FEDDD7306F637BB60C.d.4C00CA6128DE5BF742D3620B055D90BB.e.2021\")>(을)를찾지못했습니다._20241225210032.png", "pathname": "d:\\test-rpa\\utils\\screenshot.py", "lineno": 28, "funcName": "capture_error"}
{"timestamp": "2024-12-25 21:00:32,920", "name": "Logger", "level": "INFO", "message": "기기 추천 탭('css selector', 'div.device-section .tab-wrap ul li a')(을)를 랜덤하게 선택하였습니다.", "pathname": "d:\\test-rpa\\utils\\custom_utils.py", "lineno": 55, "funcName": "select_random_list_one"}
{"timestamp": "2024-12-25 21:00:32,920", "name": "Logger", "level": "INFO", "message": "===================================테스트 케이스 실행 완료: TestCase03===================================", "pathname": "d:\\test-rpa\\executor.py", "lineno": 43, "funcName": "run_tests"}
{"timestamp": "2024-12-25 21:06:00,540", "name": "Logger", "level": "INFO", "message": "===================================테스트 케이스 실행 시작: TestCase03===================================", "pathname": "d:\\test-rpa\\executor.py", "lineno": 41, "funcName": "run_tests"}
{"timestamp": "2024-12-25 21:06:00,562", "name": "Logger", "level": "INFO", "message": "기기 추천 영역('css selector', 'div.device-section')(을)를 찾았습니다.", "pathname": "d:\\test-rpa\\utils\\custom_utils.py", "lineno": 69, "funcName": "find_element"}
{"timestamp": "2024-12-25 21:06:01,850", "name": "Logger", "level": "INFO", "message": "기기 추천 영역<selenium.webdriver.remote.webelement.WebElement (session=\"7977d4137f82267c9aed3ad0208f62a8\", element=\"f.039C7DBE65CCCFDD3CF83D72D998D914.d.CB7A133816530A145087179F78E8BC7E.e.2614\")>로 마우스를 이동했습니다.", "pathname": "d:\\test-rpa\\utils\\custom_utils.py", "lineno": 95, "funcName": "move_to_element"}
{"timestamp": "2024-12-25 21:06:01,857", "name": "Logger", "level": "INFO", "message": "기기 추천 탭('css selector', 'div.device-section .tab-wrap ul li a')들을 3개 찾았습니다.", "pathname": "d:\\test-rpa\\utils\\custom_utils.py", "lineno": 82, "funcName": "find_elements"}
{"timestamp": "2024-12-25 21:06:01,857", "name": "Logger", "level": "INFO", "message": "===================================테스트 케이스 실행 완료: TestCase03===================================", "pathname": "d:\\test-rpa\\executor.py", "lineno": 43, "funcName": "run_tests"}
